#
# A fatal error has been detected by the Java Runtime Environment:
#
#  SIGSEGV (0xb) at pc=0x00007ff9e4bcd040, pid=4689, tid=140712207140608
#
# JRE version: Java(TM) SE Runtime Environment (8.0_66-b17) (build 1.8.0_66-b17)
# Java VM: Java HotSpot(TM) 64-Bit Server VM (25.66-b17 mixed mode linux-amd64 compressed oops)
# Problematic frame:
# C  [i965_dri.so+0x3ca040]
#
# Failed to write core dump. Core dumps have been disabled. To enable core dumping, try "ulimit -c unlimited" before starting Java again
#
# If you would like to submit a bug report, please visit:
#   http://bugreport.java.com/bugreport/crash.jsp
# The crash happened outside the Java Virtual Machine in native code.
# See problematic frame for where to report the bug.
#

---------------  T H R E A D  ---------------

Current thread (0x00007ffa04005000):  JavaThread "AWT-EventQueue-1" [_thread_in_native, id=4716, stack(0x00007ffa1d0f4000,0x00007ffa1d1f5000)]

siginfo: si_signo: 11 (SIGSEGV), si_code: 1 (SEGV_MAPERR), si_addr: 0x000000000000c548

Registers:
RAX=0x00007ff9e4bcd030, RBX=0x000000000000c000, RCX=0x0000000000000000, RDX=0x0000000000000001
RSP=0x00007ffa1d1f2350, RBP=0x00007ff9f49eeb20, RSI=0x00007ff9f0fc7370, RDI=0x0000000100000000
R8 =0x0000000000000000, R9 =0x00007ff9e79b0fc0, R10=0x00007ffa4973e487, R11=0x00000000d741ee68
R12=0x00007ff9f4a02e30, R13=0x0000000000000000, R14=0x00007ff9f49eec90, R15=0x0000000000000000
RIP=0x00007ff9e4bcd040, EFLAGS=0x0000000000010206, CSGSFS=0x0000000000000033, ERR=0x0000000000000004
  TRAPNO=0x000000000000000e

Top of Stack: (sp=0x00007ffa1d1f2350)
0x00007ffa1d1f2350:   00007ffa1d1f2440 0000000000000000
0x00007ffa1d1f2360:   00007ff9f0fc7290 00007ff9f49eeb20
0x00007ffa1d1f2370:   00007ff9f4a02e30 00007ff9e79b104e
0x00007ffa1d1f2380:   00007ffa1d1f23b8 00007ff9e7bfe660
0x00007ffa1d1f2390:   00007ff9f4b92580 00007ff900000000
0x00007ffa1d1f23a0:   0000000000000000 0000000000000000
0x00007ffa1d1f23b0:   0000000000000000 00007ff9f0fc7290
0x00007ffa1d1f23c0:   0000000004a0004d 00007ff9e798aab0
0x00007ffa1d1f23d0:   00007ffa1d1f2440 0000000000000000
0x00007ffa1d1f23e0:   0000000000000001 00007ffa1d1f2480
0x00007ffa1d1f23f0:   00007ffa04005000 00007ff9e60c5849
0x00007ffa1d1f2400:   00007ffa1d1f26e8 00007ff9e798aab0
0x00007ffa1d1f2410:   0000000004a0004d 00007ff9f4b92580
0x00007ffa1d1f2420:   00007ffa1d1f2480 00007ffa040051f8
0x00007ffa1d1f2430:   00007ffa1d1f2490 00007ff9e798aab0
0x00007ffa1d1f2440:   00007ffa1d1f2490 00007ffa4973e4fd
0x00007ffa1d1f2450:   00000000d741ed28 00000000d741ed78
0x00007ffa1d1f2460:   00000000d741ed68 0000000000000003
0x00007ffa1d1f2470:   00000000d741ed88 00000000d741edd8
0x00007ffa1d1f2480:   000000008552bc68 00000000d741ede8
0x00007ffa1d1f2490:   00007ffa1d1f26e8 00007ffa4974da54
0x00007ffa1d1f24a0:   00007ffa5dd0c000 0000000085764728
0x00007ffa1d1f24b0:   00000000d741eed0 00000000857646f0
0x00007ffa1d1f24c0:   00007ffa1d1f26a0 00007ffa490210c3
0x00007ffa1d1f24d0:   00007ffa1d1f26e8 00007ffa4957a674
0x00007ffa1d1f24e0:   00007ffa1d1f26e8 00007ffa1d1f26a0
0x00007ffa1d1f24f0:   00007ffa1d1f26a0 00007ffa490210c3
0x00007ffa1d1f2500:   00007ffa490055d0 00007ffa00000000
0x00007ffa1d1f2510:   00007ffa1d1f26e8 00007ffa1d1f26a0
0x00007ffa1d1f2520:   00007ffa1d1f26a0 00007ffa490210c3
0x00007ffa1d1f2530:   00007ffa490055d0 000000008575c338
0x00007ffa1d1f2540:   00007ffa00000001 00007ffa1d1f26a0 

Instructions: (pc=0x00007ff9e4bcd040)
0x00007ff9e4bcd020:   48 83 c4 10 5b 5d 41 5c c3 0f 1f 80 00 00 00 00
0x00007ff9e4bcd030:   41 54 55 53 48 83 ec 10 48 8b 1f 48 85 db 74 3d
0x00007ff9e4bcd040:   f6 83 48 05 00 00 01 49 89 f4 89 cd 75 72 83 e2
0x00007ff9e4bcd050:   01 75 5d 83 e5 fd 74 38 48 8d 35 71 24 0f 00 ba 

Register to memory mapping:

RAX=0x00007ff9e4bcd030: <offset 0x3ca030> in /usr/lib/x86_64-linux-gnu/dri/i965_dri.so at 0x00007ff9e4803000
RBX=0x000000000000c000 is an unknown value
RCX=0x0000000000000000 is an unknown value
RDX=0x0000000000000001 is an unknown value
RSP=0x00007ffa1d1f2350 is pointing into the stack for thread: 0x00007ffa04005000
RBP=0x00007ff9f49eeb20 is an unknown value
RSI=0x00007ff9f0fc7370 is an unknown value
RDI=0x0000000100000000 is pointing into metadata
R8 =0x0000000000000000 is an unknown value
R9 =0x00007ff9e79b0fc0: <offset 0x42fc0> in /usr/lib/x86_64-linux-gnu/mesa/libGL.so.1 at 0x00007ff9e796e000
R10=0x00007ffa4973e487 is at entry_point+71 in (nmethod*)0x00007ffa4973e2d0
R11=0x00000000d741ee68 is an oop
java.nio.DirectByteBuffer 
 - klass: 'java/nio/DirectByteBuffer'
R12=0x00007ff9f4a02e30 is an unknown value
R13=0x0000000000000000 is an unknown value
R14=0x00007ff9f49eec90 is an unknown value
R15=0x0000000000000000 is an unknown value


Stack: [0x00007ffa1d0f4000,0x00007ffa1d1f5000],  sp=0x00007ffa1d1f2350,  free space=1016k
Native frames: (J=compiled Java code, j=interpreted, Vv=VM code, C=native code)
C  [i965_dri.so+0x3ca040]

Java frames: (J=compiled Java code, j=interpreted, Vv=VM code)
J 2231  jogamp.opengl.x11.glx.GLX.dispatch_glXSwapBuffers0(JJJ)V (0 bytes) @ 0x00007ffa4973e487 [0x00007ffa4973e440+0x47]
J 2230 C1 jogamp.opengl.x11.glx.GLX.glXSwapBuffers(JJ)V (45 bytes) @ 0x00007ffa4974da54 [0x00007ffa4974d0a0+0x9b4]
J 2229 C1 jogamp.opengl.x11.glx.X11GLXDrawable.swapBuffersImpl(Z)V (21 bytes) @ 0x00007ffa4974cc04 [0x00007ffa4974c960+0x2a4]
J 2228 C1 jogamp.opengl.GLDrawableImpl.swapBuffers()V (138 bytes) @ 0x00007ffa4974b594 [0x00007ffa4974aee0+0x6b4]
j  javax.media.opengl.awt.GLCanvas$12.run()V+45
J 1777 C1 java.awt.event.InvocationEvent.dispatch()V (69 bytes) @ 0x00007ffa4911b0cc [0x00007ffa4911af80+0x14c]
J 1745 C1 java.awt.EventQueue.dispatchEventImpl(Ljava/awt/AWTEvent;Ljava/lang/Object;)V (149 bytes) @ 0x00007ffa4962553c [0x00007ffa496239c0+0x1b7c]
J 1743 C1 java.awt.EventQueue$3.run()Ljava/lang/Void; (60 bytes) @ 0x00007ffa49622dc4 [0x00007ffa49622bc0+0x204]
J 1742 C1 java.awt.EventQueue$3.run()Ljava/lang/Object; (5 bytes) @ 0x00007ffa4962134c [0x00007ffa496212c0+0x8c]
v  ~StubRoutines::call_stub
J 564  java.security.AccessController.doPrivileged(Ljava/security/PrivilegedAction;Ljava/security/AccessControlContext;)Ljava/lang/Object; (0 bytes) @ 0x00007ffa49278d23 [0x00007ffa49278cc0+0x63]
J 1469 C1 java.awt.EventQueue.dispatchEvent(Ljava/awt/AWTEvent;)V (80 bytes) @ 0x00007ffa49537044 [0x00007ffa495366c0+0x984]
J 1475 C1 java.awt.EventDispatchThread.pumpOneEventForFilters(I)V (295 bytes) @ 0x00007ffa4953bd94 [0x00007ffa4953a240+0x1b54]
j  java.awt.EventDispatchThread.pumpEventsForFilter(ILjava/awt/Conditional;Ljava/awt/EventFilter;)V+35
j  java.awt.EventDispatchThread.pumpEventsForHierarchy(ILjava/awt/Conditional;Ljava/awt/Component;)V+11
j  java.awt.EventDispatchThread.pumpEvents(ILjava/awt/Conditional;)V+4
j  java.awt.EventDispatchThread.pumpEvents(Ljava/awt/Conditional;)V+3
j  java.awt.EventDispatchThread.run()V+9
v  ~StubRoutines::call_stub

---------------  P R O C E S S  ---------------

Java Threads: ( => current thread )
  0x00007ff9f1c25000 JavaThread "Thread-79" [_thread_blocked, id=4807, stack(0x00007ff9e114c000,0x00007ff9e124d000)]
  0x00007ff9d4003800 JavaThread "Keep-Alive-Timer" daemon [_thread_blocked, id=4735, stack(0x00007ff9e124d000,0x00007ff9e134e000)]
  0x00007ff9f4103000 JavaThread "Animation Thread-SharedResourceRunner" daemon [_thread_blocked, id=4726, stack(0x00007ffa1caf2000,0x00007ffa1cbf3000)]
  0x00007ff9f4092800 JavaThread "process reaper" daemon [_thread_blocked, id=4721, stack(0x00007ffa5c002000,0x00007ffa5c03b000)]
=>0x00007ffa04005000 JavaThread "AWT-EventQueue-1" [_thread_in_native, id=4716, stack(0x00007ffa1d0f4000,0x00007ffa1d1f5000)]
  0x00007ffa5800a000 JavaThread "DestroyJavaVM" [_thread_blocked, id=4690, stack(0x00007ffa61746000,0x00007ffa61847000)]
  0x00007ffa58264800 JavaThread "AWT-EventQueue-0" [_thread_blocked, id=4714, stack(0x00007ffa1d89d000,0x00007ffa1d99e000)]
  0x00007ffa5825c800 JavaThread "AWT-Shutdown" [_thread_blocked, id=4713, stack(0x00007ffa1da9f000,0x00007ffa1dba0000)]
  0x00007ffa5824e800 JavaThread "thread applet-module1.HelloWorld.class" [_thread_blocked, id=4712, stack(0x00007ffa1d99e000,0x00007ffa1da9f000)]
  0x00007ffa5823e000 JavaThread "AWT-XAWT" daemon [_thread_blocked, id=4710, stack(0x00007ffa1dba0000,0x00007ffa1dca1000)]
  0x00007ffa58219800 JavaThread "Java2D Disposer" daemon [_thread_blocked, id=4709, stack(0x00007ffa1e0b1000,0x00007ffa1e1b2000)]
  0x00007ffa580c3000 JavaThread "Service Thread" daemon [_thread_blocked, id=4707, stack(0x00007ffa1fdfe000,0x00007ffa1feff000)]
  0x00007ffa580be800 JavaThread "C1 CompilerThread2" daemon [_thread_blocked, id=4706, stack(0x00007ffa1feff000,0x00007ffa20000000)]
  0x00007ffa580bc800 JavaThread "C2 CompilerThread1" daemon [_thread_blocked, id=4705, stack(0x00007ffa44023000,0x00007ffa44124000)]
  0x00007ffa580b9800 JavaThread "C2 CompilerThread0" daemon [_thread_blocked, id=4704, stack(0x00007ffa44124000,0x00007ffa44225000)]
  0x00007ffa580b8000 JavaThread "Signal Dispatcher" daemon [_thread_blocked, id=4703, stack(0x00007ffa44225000,0x00007ffa44326000)]
  0x00007ffa5807f000 JavaThread "Finalizer" daemon [_thread_blocked, id=4702, stack(0x00007ffa44b39000,0x00007ffa44c3a000)]
  0x00007ffa5807d000 JavaThread "Reference Handler" daemon [_thread_blocked, id=4699, stack(0x00007ffa44c3a000,0x00007ffa44d3b000)]

Other Threads:
  0x00007ffa58078000 VMThread [stack: 0x00007ffa44d3b000,0x00007ffa44e3c000] [id=4697]
  0x00007ffa580c6000 WatcherThread [stack: 0x00007ffa1fcfd000,0x00007ffa1fdfe000] [id=4708]

VM state:not at safepoint (normal execution)

VM Mutex/Monitor currently owned by a thread: None

Heap:
 PSYoungGen      total 41984K, used 7613K [0x00000000d6d80000, 0x00000000da580000, 0x0000000100000000)
  eden space 27648K, 27% used [0x00000000d6d80000,0x00000000d74d76e8,0x00000000d8880000)
  from space 14336K, 0% used [0x00000000d9700000,0x00000000d9718000,0x00000000da500000)
  to   space 14848K, 0% used [0x00000000d8880000,0x00000000d8880000,0x00000000d9700000)
 ParOldGen       total 84992K, used 34210K [0x0000000084800000, 0x0000000089b00000, 0x00000000d6d80000)
  object space 84992K, 40% used [0x0000000084800000,0x0000000086968b00,0x0000000089b00000)
 Metaspace       used 19825K, capacity 20013K, committed 20480K, reserved 1067008K
  class space    used 1845K, capacity 1924K, committed 2048K, reserved 1048576K

Card table byte_map: [0x00007ffa5e130000,0x00007ffa5e50d000] byte_map_base: 0x00007ffa5dd0c000

Marking Bits: (ParMarkBitMap*) 0x00007ffa60c1c020
 Begin Bits: [0x00007ffa45240000, 0x00007ffa47120000)
 End Bits:   [0x00007ffa47120000, 0x00007ffa49000000)

Polling page: 0x00007ffa61863000

CodeCache: size=245760Kb used=7651Kb max_used=7659Kb free=238108Kb
 bounds [0x00007ffa49000000, 0x00007ffa49790000, 0x00007ffa58000000]
 total_blobs=3042 nmethods=2073 adapters=882
 compilation: enabled

Compilation events (10 events):
Event: 15,814 Thread 0x00007ffa580be800 nmethod 2298 0x00007ffa49773fd0 code [0x00007ffa49774120, 0x00007ffa49774230]
Event: 15,877 Thread 0x00007ffa580b9800 2299       4       processing.opengl.PGraphicsOpenGL::popMatrix (97 bytes)
Event: 15,886 Thread 0x00007ffa580b9800 nmethod 2299 0x00007ffa4977a990 code [0x00007ffa4977ab60, 0x00007ffa4977b408]
Event: 16,426 Thread 0x00007ffa580bc800 2300       4       java.lang.reflect.Method::invoke (62 bytes)
Event: 16,427 Thread 0x00007ffa580bc800 nmethod 2300 0x00007ffa497725d0 code [0x00007ffa49772740, 0x00007ffa497728a8]
Event: 16,710 Thread 0x00007ffa580b9800 2301       4       processing.opengl.FrameBuffer::contextIsOutdated (138 bytes)
Event: 16,712 Thread 0x00007ffa580b9800 nmethod 2301 0x00007ffa497780d0 code [0x00007ffa49778220, 0x00007ffa497782f8]
Event: 18,939 Thread 0x00007ffa580be800 2302       3       sun.font.XRGlyphCacheEntry::getGlyphID (14 bytes)
Event: 18,939 Thread 0x00007ffa580be800 nmethod 2302 0x00007ffa49777c10 code [0x00007ffa49777d80, 0x00007ffa49777f88]
Event: 18,944 Thread 0x00007ffa580be800 2303       3       sun.java2d.xr.GrowableEltArray::getCharCnt (13 bytes)

GC Heap History (10 events):
Event: 8,726 GC heap before
{Heap before GC invocations=8 (full 0):
 PSYoungGen      total 43520K, used 40536K [0x00000000d6d80000, 0x00000000da600000, 0x0000000100000000)
  eden space 30208K, 100% used [0x00000000d6d80000,0x00000000d8b00000,0x00000000d8b00000)
  from space 13312K, 77% used [0x00000000d8b80000,0x00000000d9596370,0x00000000d9880000)
  to   space 13824K, 0% used [0x00000000d9880000,0x00000000d9880000,0x00000000da600000)
 ParOldGen       total 84992K, used 16361K [0x0000000084800000, 0x0000000089b00000, 0x00000000d6d80000)
  object space 84992K, 19% used [0x0000000084800000,0x00000000857fa6a0,0x0000000089b00000)
 Metaspace       used 19550K, capacity 19817K, committed 20224K, reserved 1067008K
  class space    used 1843K, capacity 1924K, committed 2048K, reserved 1048576K
Event: 8,730 GC heap after
Heap after GC invocations=8 (full 0):
 PSYoungGen      total 43520K, used 10880K [0x00000000d6d80000, 0x00000000da680000, 0x0000000100000000)
  eden space 29696K, 0% used [0x00000000d6d80000,0x00000000d6d80000,0x00000000d8a80000)
  from space 13824K, 78% used [0x00000000d9880000,0x00000000da3202b0,0x00000000da600000)
  to   space 14336K, 0% used [0x00000000d8a80000,0x00000000d8a80000,0x00000000d9880000)
 ParOldGen       total 84992K, used 16401K [0x0000000084800000, 0x0000000089b00000, 0x00000000d6d80000)
  object space 84992K, 19% used [0x0000000084800000,0x00000000858046a0,0x0000000089b00000)
 Metaspace       used 19550K, capacity 19817K, committed 20224K, reserved 1067008K
  class space    used 1843K, capacity 1924K, committed 2048K, reserved 1048576K
}
Event: 10,576 GC heap before
{Heap before GC invocations=9 (full 0):
 PSYoungGen      total 43520K, used 40576K [0x00000000d6d80000, 0x00000000da680000, 0x0000000100000000)
  eden space 29696K, 100% used [0x00000000d6d80000,0x00000000d8a80000,0x00000000d8a80000)
  from space 13824K, 78% used [0x00000000d9880000,0x00000000da3202b0,0x00000000da600000)
  to   space 14336K, 0% used [0x00000000d8a80000,0x00000000d8a80000,0x00000000d9880000)
 ParOldGen       total 84992K, used 16401K [0x0000000084800000, 0x0000000089b00000, 0x00000000d6d80000)
  object space 84992K, 19% used [0x0000000084800000,0x00000000858046a0,0x0000000089b00000)
 Metaspace       used 19621K, capacity 19821K, committed 20224K, reserved 1067008K
  class space    used 1843K, capacity 1924K, committed 2048K, reserved 1048576K
Event: 10,580 GC heap after
Heap after GC invocations=9 (full 0):
 PSYoungGen      total 37888K, used 8272K [0x00000000d6d80000, 0x00000000da500000, 0x0000000100000000)
  eden space 29184K, 0% used [0x00000000d6d80000,0x00000000d6d80000,0x00000000d8a00000)
  from space 8704K, 95% used [0x00000000d8a80000,0x00000000d9294200,0x00000000d9300000)
  to   space 13824K, 0% used [0x00000000d9780000,0x00000000d9780000,0x00000000da500000)
 ParOldGen       total 84992K, used 21137K [0x0000000084800000, 0x0000000089b00000, 0x00000000d6d80000)
  object space 84992K, 24% used [0x0000000084800000,0x0000000085ca47e0,0x0000000089b00000)
 Metaspace       used 19621K, capacity 19821K, committed 20224K, reserved 1067008K
  class space    used 1843K, capacity 1924K, committed 2048K, reserved 1048576K
}
Event: 12,366 GC heap before
{Heap before GC invocations=10 (full 0):
 PSYoungGen      total 37888K, used 37442K [0x00000000d6d80000, 0x00000000da500000, 0x0000000100000000)
  eden space 29184K, 99% used [0x00000000d6d80000,0x00000000d89fc770,0x00000000d8a00000)
  from space 8704K, 95% used [0x00000000d8a80000,0x00000000d9294200,0x00000000d9300000)
  to   space 13824K, 0% used [0x00000000d9780000,0x00000000d9780000,0x00000000da500000)
 ParOldGen       total 84992K, used 21137K [0x0000000084800000, 0x0000000089b00000, 0x00000000d6d80000)
  object space 84992K, 24% used [0x0000000084800000,0x0000000085ca47e0,0x0000000089b00000)
 Metaspace       used 19796K, capacity 20013K, committed 20480K, reserved 1067008K
  class space    used 1843K, capacity 1924K, committed 2048K, reserved 1048576K
Event: 12,371 GC heap after
Heap after GC invocations=10 (full 0):
 PSYoungGen      total 41984K, used 5536K [0x00000000d6d80000, 0x00000000da480000, 0x0000000100000000)
  eden space 28672K, 0% used [0x00000000d6d80000,0x00000000d6d80000,0x00000000d8980000)
  from space 13312K, 41% used [0x00000000d9780000,0x00000000d9ce8150,0x00000000da480000)
  to   space 13824K, 0% used [0x00000000d8980000,0x00000000d8980000,0x00000000d9700000)
 ParOldGen       total 84992K, used 26194K [0x0000000084800000, 0x0000000089b00000, 0x00000000d6d80000)
  object space 84992K, 30% used [0x0000000084800000,0x0000000086194910,0x0000000089b00000)
 Metaspace       used 19796K, capacity 20013K, committed 20480K, reserved 1067008K
  class space    used 1843K, capacity 1924K, committed 2048K, reserved 1048576K
}
Event: 13,525 GC heap before
{Heap before GC invocations=11 (full 0):
 PSYoungGen      total 41984K, used 34208K [0x00000000d6d80000, 0x00000000da480000, 0x0000000100000000)
  eden space 28672K, 100% used [0x00000000d6d80000,0x00000000d8980000,0x00000000d8980000)
  from space 13312K, 41% used [0x00000000d9780000,0x00000000d9ce8150,0x00000000da480000)
  to   space 13824K, 0% used [0x00000000d8980000,0x00000000d8980000,0x00000000d9700000)
 ParOldGen       total 84992K, used 26194K [0x0000000084800000, 0x0000000089b00000, 0x00000000d6d80000)
  object space 84992K, 30% used [0x0000000084800000,0x0000000086194910,0x0000000089b00000)
 Metaspace       used 19814K, capacity 20013K, committed 20480K, reserved 1067008K
  class space    used 1843K, capacity 1924K, committed 2048K, reserved 1048576K
Event: 13,528 GC heap after
Heap after GC invocations=11 (full 0):
 PSYoungGen      total 41984K, used 4000K [0x00000000d6d80000, 0x00000000da500000, 0x0000000100000000)
  eden space 28160K, 0% used [0x00000000d6d80000,0x00000000d6d80000,0x00000000d8900000)
  from space 13824K, 28% used [0x00000000d8980000,0x00000000d8d680f0,0x00000000d9700000)
  to   space 14336K, 0% used [0x00000000d9700000,0x00000000d9700000,0x00000000da500000)
 ParOldGen       total 84992K, used 30330K [0x0000000084800000, 0x0000000089b00000, 0x00000000d6d80000)
  object space 84992K, 35% used [0x0000000084800000,0x000000008659ea10,0x0000000089b00000)
 Metaspace       used 19814K, capacity 20013K, committed 20480K, reserved 1067008K
  class space    used 1843K, capacity 1924K, committed 2048K, reserved 1048576K
}
Event: 17,892 GC heap before
{Heap before GC invocations=12 (full 0):
 PSYoungGen      total 41984K, used 32160K [0x00000000d6d80000, 0x00000000da500000, 0x0000000100000000)
  eden space 28160K, 100% used [0x00000000d6d80000,0x00000000d8900000,0x00000000d8900000)
  from space 13824K, 28% used [0x00000000d8980000,0x00000000d8d680f0,0x00000000d9700000)
  to   space 14336K, 0% used [0x00000000d9700000,0x00000000d9700000,0x00000000da500000)
 ParOldGen       total 84992K, used 30330K [0x0000000084800000, 0x0000000089b00000, 0x00000000d6d80000)
  object space 84992K, 35% used [0x0000000084800000,0x000000008659ea10,0x0000000089b00000)
 Metaspace       used 19814K, capacity 20013K, committed 20480K, reserved 1067008K
  class space    used 1843K, capacity 1924K, committed 2048K, reserved 1048576K
Event: 17,895 GC heap after
Heap after GC invocations=12 (full 0):
 PSYoungGen      total 41984K, used 96K [0x00000000d6d80000, 0x00000000da580000, 0x0000000100000000)
  eden space 27648K, 0% used [0x00000000d6d80000,0x00000000d6d80000,0x00000000d8880000)
  from space 14336K, 0% used [0x00000000d9700000,0x00000000d9718000,0x00000000da500000)
  to   space 14848K, 0% used [0x00000000d8880000,0x00000000d8880000,0x00000000d9700000)
 ParOldGen       total 84992K, used 34210K [0x0000000084800000, 0x0000000089b00000, 0x00000000d6d80000)
  object space 84992K, 40% used [0x0000000084800000,0x0000000086968b00,0x0000000089b00000)
 Metaspace       used 19814K, capacity 20013K, committed 20480K, reserved 1067008K
  class space    used 1843K, capacity 1924K, committed 2048K, reserved 1048576K
}

Deoptimization events (10 events):
Event: 3,201 Thread 0x00007ff9f1b95000 Uncommon trap: reason=unstable_if action=reinterpret pc=0x00007ffa4950d084 method=java.util.Vector.indexOf(Ljava/lang/Object;I)I @ 41
Event: 3,202 Thread 0x00007ff9d4009000 Uncommon trap: reason=predicate action=maybe_recompile pc=0x00007ffa4946dde4 method=java.util.Vector.indexOf(Ljava/lang/Object;I)I @ 44
Event: 8,376 Thread 0x00007ffa04005000 Uncommon trap: reason=unstable_if action=reinterpret pc=0x00007ffa496137d8 method=de.fhpotsdam.unfolding.mapdisplay.AbstractMapDisplay.grabTile(Lde/fhpotsdam/unfolding/core/Coordinate;)V @ 19
Event: 8,376 Thread 0x00007ffa04005000 Uncommon trap: reason=unstable_if action=reinterpret pc=0x00007ffa495655cc method=de.fhpotsdam.unfolding.mapdisplay.AbstractMapDisplay.grabTile(Lde/fhpotsdam/unfolding/core/Coordinate;)V @ 19
Event: 8,377 Thread 0x00007ffa04005000 Uncommon trap: reason=unstable_if action=reinterpret pc=0x00007ffa493915a4 method=de.fhpotsdam.unfolding.mapdisplay.AbstractMapDisplay$ZoomComparator.compare(Lde/fhpotsdam/unfolding/core/Coordinate;Lde/fhpotsdam/unfolding/core/Coordinate;)I @ 25
Event: 8,377 Thread 0x00007ffa04005000 Uncommon trap: reason=unstable_if action=reinterpret pc=0x00007ffa495ee9a8 method=de.fhpotsdam.unfolding.mapdisplay.AbstractMapDisplay$ZoomComparator.compare(Lde/fhpotsdam/unfolding/core/Coordinate;Lde/fhpotsdam/unfolding/core/Coordinate;)I @ 9
Event: 8,377 Thread 0x00007ffa04005000 Uncommon trap: reason=unstable_if action=reinterpret pc=0x00007ffa495f1080 method=de.fhpotsdam.unfolding.mapdisplay.AbstractMapDisplay$QueueSorter.compare(Lde/fhpotsdam/unfolding/core/Coordinate;Lde/fhpotsdam/unfolding/core/Coordinate;)I @ 119
Event: 8,377 Thread 0x00007ffa04005000 Uncommon trap: reason=unstable_if action=reinterpret pc=0x00007ffa495f71fc method=de.fhpotsdam.unfolding.mapdisplay.AbstractMapDisplay$QueueSorter.compare(Lde/fhpotsdam/unfolding/core/Coordinate;Lde/fhpotsdam/unfolding/core/Coordinate;)I @ 119
Event: 8,426 Thread 0x00007ffa04005000 Uncommon trap: reason=unstable_if action=reinterpret pc=0x00007ffa495e926c method=de.fhpotsdam.unfolding.mapdisplay.Java2DMapDisplay.getVisibleKeys(Lprocessing/core/PGraphics;)Ljava/util/Vector; @ 669
Event: 9,493 Thread 0x00007ffa04005000 Uncommon trap: reason=unstable_if action=reinterpret pc=0x00007ffa493b48f4 method=processing.opengl.PGraphicsOpenGL$Tessellator.setLastTexIndex(II)V @ 15

Internal exceptions (10 events):
Event: 1,384 Thread 0x00007ffa04005000 Implicit null exception at 0x00007ffa491b3d35 to 0x00007ffa491b408d
Event: 1,429 Thread 0x00007ffa04005000 Exception <a 'java/lang/reflect/InvocationTargetException'> (0x00000000d7932fb0) thrown at [/HUDSON/workspace/8-2-build-linux-amd64/jdk8u66/4988/hotspot/src/share/vm/runtime/reflection.cpp, line 1092]
Event: 1,429 Thread 0x00007ffa04005000 Exception <a 'java/lang/reflect/InvocationTargetException'> (0x00000000d7933660) thrown at [/HUDSON/workspace/8-2-build-linux-amd64/jdk8u66/4988/hotspot/src/share/vm/runtime/reflection.cpp, line 1092]
Event: 1,528 Thread 0x00007ffa04005000 Exception <a 'java/lang/reflect/InvocationTargetException'> (0x00000000d803cad0) thrown at [/HUDSON/workspace/8-2-build-linux-amd64/jdk8u66/4988/hotspot/src/share/vm/runtime/reflection.cpp, line 1092]
Event: 1,529 Thread 0x00007ffa04005000 Exception <a 'java/lang/reflect/InvocationTargetException'> (0x00000000d803d098) thrown at [/HUDSON/workspace/8-2-build-linux-amd64/jdk8u66/4988/hotspot/src/share/vm/runtime/reflection.cpp, line 1092]
Event: 1,540 Thread 0x00007ffa04005000 Exception <a 'java/lang/reflect/InvocationTargetException'> (0x00000000d82595f0) thrown at [/HUDSON/workspace/8-2-build-linux-amd64/jdk8u66/4988/hotspot/src/share/vm/runtime/reflection.cpp, line 1092]
Event: 1,546 Thread 0x00007ffa04005000 Exception <a 'java/lang/reflect/InvocationTargetException'> (0x00000000d8259ad8) thrown at [/HUDSON/workspace/8-2-build-linux-amd64/jdk8u66/4988/hotspot/src/share/vm/runtime/reflection.cpp, line 1092]
Event: 1,561 Thread 0x00007ffa04005000 Exception <a 'java/lang/reflect/InvocationTargetException'> (0x00000000d82f6a58) thrown at [/HUDSON/workspace/8-2-build-linux-amd64/jdk8u66/4988/hotspot/src/share/vm/runtime/reflection.cpp, line 1092]
Event: 1,563 Thread 0x00007ffa04005000 Exception <a 'java/lang/reflect/InvocationTargetException'> (0x00000000d82f6f40) thrown at [/HUDSON/workspace/8-2-build-linux-amd64/jdk8u66/4988/hotspot/src/share/vm/runtime/reflection.cpp, line 1092]
Event: 1,574 Thread 0x00007ffa04005000 Exception <a 'java/lang/reflect/InvocationTargetException'> (0x00000000d8396b88) thrown at [/HUDSON/workspace/8-2-build-linux-amd64/jdk8u66/4988/hotspot/src/share/vm/runtime/reflection.cpp, line 1092]

Events (10 events):
Event: 18,908 loading class sun/applet/AppletViewer$3
Event: 18,908 loading class sun/applet/AppletViewer$3 done
Event: 18,909 Thread 0x00007ff9f1c25000 Thread added: 0x00007ff9f1c25000
Event: 18,909 loading class sun/applet/AppletPanel$4
Event: 18,909 loading class sun/applet/AppletPanel$4 done
Event: 18,911 loading class java/awt/KeyboardFocusManager$2
Event: 18,911 loading class java/awt/KeyboardFocusManager$2 done
Event: 18,912 loading class sun/awt/SunToolkit$1
Event: 18,938 loading class sun/awt/SunToolkit$1 done
Event: 18,943 Thread 0x00007ffa04014800 Thread exited: 0x00007ffa04014800


Dynamic libraries:
00400000-00401000 r-xp 00000000 08:06 1065810                            /usr/lib/jvm/java-8-oracle/bin/java
00600000-00601000 rw-p 00000000 08:06 1065810                            /usr/lib/jvm/java-8-oracle/bin/java
00e3f000-00e60000 rw-p 00000000 00:00 0                                  [heap]
84800000-89b00000 rw-p 00000000 00:00 0 
89b00000-d6d80000 ---p 00000000 00:00 0 
d6d80000-da580000 rw-p 00000000 00:00 0 
da580000-100000000 ---p 00000000 00:00 0 
100000000-100200000 rw-p 00000000 00:00 0 
100200000-140000000 ---p 00000000 00:00 0 
7ff9bc000000-7ff9bc021000 rw-p 00000000 00:00 0 
7ff9bc021000-7ff9c0000000 ---p 00000000 00:00 0 
7ff9c2da0000-7ff9c2e10000 rw-s 00000000 00:05 68196                      /drm mm object (deleted)
7ff9c2e10000-7ff9c2e80000 rw-s 00000000 00:05 67511                      /drm mm object (deleted)
7ff9c2e80000-7ff9c2ef0000 rw-s 00000000 00:05 68195                      /drm mm object (deleted)
7ff9c2ef0000-7ff9c2f60000 rw-s 00000000 00:05 67510                      /drm mm object (deleted)
7ff9c2f60000-7ff9c2fd0000 rw-s 00000000 00:05 67509                      /drm mm object (deleted)
7ff9c2fd0000-7ff9c3040000 rw-s 00000000 00:05 67508                      /drm mm object (deleted)
7ff9c3040000-7ff9c30b0000 rw-s 00000000 00:05 67507                      /drm mm object (deleted)
7ff9c30b0000-7ff9c3120000 rw-s 00000000 00:05 67487                      /drm mm object (deleted)
7ff9c3120000-7ff9c3190000 rw-s 00000000 00:05 67486                      /drm mm object (deleted)
7ff9c3190000-7ff9c3200000 rw-s 00000000 00:05 67485                      /drm mm object (deleted)
7ff9c3200000-7ff9c3270000 rw-s 00000000 00:05 67484                      /drm mm object (deleted)
7ff9c3270000-7ff9c32e0000 rw-s 00000000 00:05 67483                      /drm mm object (deleted)
7ff9c32e0000-7ff9c3350000 rw-s 00000000 00:05 68194                      /drm mm object (deleted)
7ff9c3350000-7ff9c33c0000 rw-s 00000000 00:05 70212                      /drm mm object (deleted)
7ff9c33c0000-7ff9c3430000 rw-s 00000000 00:05 68193                      /drm mm object (deleted)
7ff9c3430000-7ff9c34a0000 rw-s 00000000 00:05 67482                      /drm mm object (deleted)
7ff9c34a0000-7ff9c3510000 rw-s 00000000 00:05 69049                      /drm mm object (deleted)
7ff9c3510000-7ff9c3580000 rw-s 00000000 00:05 67481                      /drm mm object (deleted)
7ff9c3580000-7ff9c35f0000 rw-s 00000000 00:05 69048                      /drm mm object (deleted)
7ff9c35f0000-7ff9c3660000 rw-s 00000000 00:05 67480                      /drm mm object (deleted)
7ff9c3660000-7ff9c36d0000 rw-s 00000000 00:05 68192                      /drm mm object (deleted)
7ff9c36d0000-7ff9c3740000 rw-s 00000000 00:05 67479                      /drm mm object (deleted)
7ff9c3740000-7ff9c37b0000 rw-s 00000000 00:05 67478                      /drm mm object (deleted)
7ff9c37b0000-7ff9c3820000 rw-s 00000000 00:05 67476                      /drm mm object (deleted)
7ff9c3820000-7ff9c3890000 rw-s 00000000 00:05 69046                      /drm mm object (deleted)
7ff9c3890000-7ff9c3900000 rw-s 00000000 00:05 67473                      /drm mm object (deleted)
7ff9c3900000-7ff9c3970000 rw-s 00000000 00:05 68161                      /drm mm object (deleted)
7ff9c3970000-7ff9c39e0000 rw-s 00000000 00:05 68160                      /drm mm object (deleted)
7ff9c39e0000-7ff9c3a50000 rw-s 00000000 00:05 67460                      /drm mm object (deleted)
7ff9c3a50000-7ff9c3ac0000 rw-s 00000000 00:05 67459                      /drm mm object (deleted)
7ff9c3ac0000-7ff9c3b30000 rw-s 00000000 00:05 67458                      /drm mm object (deleted)
7ff9c3b30000-7ff9c3ba0000 rw-s 00000000 00:05 67457                      /drm mm object (deleted)
7ff9c3ba0000-7ff9c3c10000 rw-s 00000000 00:05 67456                      /drm mm object (deleted)
7ff9c3c10000-7ff9c3c80000 rw-s 00000000 00:05 67455                      /drm mm object (deleted)
7ff9c3c80000-7ff9c3cf0000 rw-s 00000000 00:05 70087                      /drm mm object (deleted)
7ff9c3cf0000-7ff9c3d60000 rw-s 00000000 00:05 67454                      /drm mm object (deleted)
7ff9c3d60000-7ff9c3dd0000 rw-s 00000000 00:05 67453                      /drm mm object (deleted)
7ff9c3dd0000-7ff9c3e40000 rw-s 00000000 00:05 67452                      /drm mm object (deleted)
7ff9c3e40000-7ff9c3eb0000 rw-s 00000000 00:05 67451                      /drm mm object (deleted)
7ff9c3eb0000-7ff9c3f20000 rw-s 00000000 00:05 67450                      /drm mm object (deleted)
7ff9c3f20000-7ff9c3f90000 rw-s 00000000 00:05 68159                      /drm mm object (deleted)
7ff9c3f90000-7ff9c4000000 rw-s 00000000 00:05 69041                      /drm mm object (deleted)
7ff9c4000000-7ff9c4021000 rw-p 00000000 00:00 0 
7ff9c4021000-7ff9c8000000 ---p 00000000 00:00 0 
7ff9c8000000-7ff9c8021000 rw-p 00000000 00:00 0 
7ff9c8021000-7ff9cc000000 ---p 00000000 00:00 0 
7ff9cc000000-7ff9cc021000 rw-p 00000000 00:00 0 
7ff9cc021000-7ff9d0000000 ---p 00000000 00:00 0 
7ff9d0000000-7ff9d0021000 rw-p 00000000 00:00 0 
7ff9d0021000-7ff9d4000000 ---p 00000000 00:00 0 
7ff9d4000000-7ff9d4021000 rw-p 00000000 00:00 0 
7ff9d4021000-7ff9d8000000 ---p 00000000 00:00 0 
7ff9d8000000-7ff9d8021000 rw-p 00000000 00:00 0 
7ff9d8021000-7ff9dc000000 ---p 00000000 00:00 0 
7ff9dc000000-7ff9dc021000 rw-p 00000000 00:00 0 
7ff9dc021000-7ff9e0000000 ---p 00000000 00:00 0 
7ff9e005f000-7ff9e00cf000 rw-s 00000000 00:05 70086                      /drm mm object (deleted)
7ff9e00cf000-7ff9e013f000 rw-s 00000000 00:05 70085                      /drm mm object (deleted)
7ff9e013f000-7ff9e01af000 rw-s 00000000 00:05 70084                      /drm mm object (deleted)
7ff9e01af000-7ff9e021f000 rw-s 00000000 00:05 70083                      /drm mm object (deleted)
7ff9e021f000-7ff9e028f000 rw-s 00000000 00:05 69036                      /drm mm object (deleted)
7ff9e028f000-7ff9e02ff000 rw-s 00000000 00:05 69035                      /drm mm object (deleted)
7ff9e02ff000-7ff9e036f000 rw-s 00000000 00:05 69034                      /drm mm object (deleted)
7ff9e036f000-7ff9e0372000 ---p 00000000 00:00 0 
7ff9e0372000-7ff9e0470000 rw-p 00000000 00:00 0 
7ff9e0470000-7ff9e04e0000 rw-s 00000000 00:05 70082                      /drm mm object (deleted)
7ff9e04e0000-7ff9e0550000 rw-s 00000000 00:05 70081                      /drm mm object (deleted)
7ff9e0550000-7ff9e05c0000 rw-s 00000000 00:05 69033                      /drm mm object (deleted)
7ff9e05c0000-7ff9e0630000 rw-s 00000000 00:05 67449                      /drm mm object (deleted)
7ff9e0630000-7ff9e06a0000 rw-s 00000000 00:05 70080                      /drm mm object (deleted)
7ff9e06a0000-7ff9e0710000 rw-s 00000000 00:05 67448                      /drm mm object (deleted)
7ff9e0710000-7ff9e0780000 rw-s 00000000 00:05 67447                      /drm mm object (deleted)
7ff9e0780000-7ff9e07f0000 rw-s 00000000 00:05 67446                      /drm mm object (deleted)
7ff9e07f0000-7ff9e0860000 rw-s 00000000 00:05 68158                      /drm mm object (deleted)
7ff9e0860000-7ff9e08d0000 rw-s 00000000 00:05 67445                      /drm mm object (deleted)
7ff9e08d0000-7ff9e0940000 rw-s 00000000 00:05 67444                      /drm mm object (deleted)
7ff9e0940000-7ff9e09b0000 rw-s 00000000 00:05 67443                      /drm mm object (deleted)
7ff9e09b0000-7ff9e09b3000 ---p 00000000 00:00 0 
7ff9e09b3000-7ff9e0ab1000 rw-p 00000000 00:00 0 
7ff9e0ab1000-7ff9e0b21000 rw-s 00000000 00:05 67442                      /drm mm object (deleted)
7ff9e0b21000-7ff9e0b91000 rw-s 00000000 00:05 67441                      /drm mm object (deleted)
7ff9e0b91000-7ff9e0c01000 rw-s 00000000 00:05 67440                      /drm mm object (deleted)
7ff9e0c01000-7ff9e0c71000 rw-s 00000000 00:05 67430                      /drm mm object (deleted)
7ff9e0c71000-7ff9e0ce1000 rw-s 00000000 00:05 67429                      /drm mm object (deleted)
7ff9e0ce1000-7ff9e0d51000 rw-s 00000000 00:05 67428                      /drm mm object (deleted)
7ff9e0d51000-7ff9e0dc1000 rw-s 00000000 00:05 67427                      /drm mm object (deleted)
7ff9e0dc1000-7ff9e0e31000 rw-s 00000000 00:05 68157                      /drm mm object (deleted)
7ff9e0e31000-7ff9e0ea1000 rw-s 00000000 00:05 68152                      /drm mm object (deleted)
7ff9e0ea1000-7ff9e0f11000 rw-s 00000000 00:05 68151                      /drm mm object (deleted)
7ff9e0f11000-7ff9e0f4b000 r-xp 00000000 08:06 1065587                    /usr/lib/jvm/java-8-oracle/jre/lib/amd64/libjpeg.so
7ff9e0f4b000-7ff9e114b000 ---p 0003a000 08:06 1065587                    /usr/lib/jvm/java-8-oracle/jre/lib/amd64/libjpeg.so
7ff9e114b000-7ff9e114c000 rw-p 0003a000 08:06 1065587                    /usr/lib/jvm/java-8-oracle/jre/lib/amd64/libjpeg.so
7ff9e114c000-7ff9e114f000 ---p 00000000 00:00 0 
7ff9e114f000-7ff9e124d000 rw-p 00000000 00:00 0                          [stack:4807]
7ff9e124d000-7ff9e1250000 ---p 00000000 00:00 0 
7ff9e1250000-7ff9e134e000 rw-p 00000000 00:00 0                          [stack:4735]
7ff9e134e000-7ff9e137e000 rw-s 11d814000 00:06 9866                      /dev/dri/card0
7ff9e137e000-7ff9e143e000 rw-s 00000000 00:05 68099                      /drm mm object (deleted)
7ff9e143e000-7ff9e1441000 ---p 00000000 00:00 0 
7ff9e1441000-7ff9e153f000 rw-p 00000000 00:00 0 
7ff9e153f000-7ff9e1542000 ---p 00000000 00:00 0 
7ff9e1542000-7ff9e1640000 rw-p 00000000 00:00 0 
7ff9e1640000-7ff9e1643000 ---p 00000000 00:00 0 
7ff9e1643000-7ff9e1741000 rw-p 00000000 00:00 0 
7ff9e1741000-7ff9e1744000 ---p 00000000 00:00 0 
7ff9e1744000-7ff9e1842000 rw-p 00000000 00:00 0 
7ff9e1842000-7ff9e1872000 rw-s 11d7e4000 00:06 9866                      /dev/dri/card0
7ff9e1872000-7ff9e1932000 rw-s 00000000 00:05 68087                      /drm mm object (deleted)
7ff9e1932000-7ff9e1962000 rw-s 11d7b2000 00:06 9866                      /dev/dri/card0
7ff9e1962000-7ff9e1a22000 rw-s 00000000 00:05 70011                      /drm mm object (deleted)
7ff9e1a22000-7ff9e1a39000 r-xp 00000000 08:06 528166                     /lib/x86_64-linux-gnu/libresolv-2.19.so
7ff9e1a39000-7ff9e1c39000 ---p 00017000 08:06 528166                     /lib/x86_64-linux-gnu/libresolv-2.19.so
7ff9e1c39000-7ff9e1c3a000 r--p 00017000 08:06 528166                     /lib/x86_64-linux-gnu/libresolv-2.19.so
7ff9e1c3a000-7ff9e1c3b000 rw-p 00018000 08:06 528166                     /lib/x86_64-linux-gnu/libresolv-2.19.so
7ff9e1c3b000-7ff9e1c3d000 rw-p 00000000 00:00 0 
7ff9e1c3d000-7ff9e1c42000 r-xp 00000000 08:06 528113                     /lib/x86_64-linux-gnu/libnss_dns-2.19.so
7ff9e1c42000-7ff9e1e41000 ---p 00005000 08:06 528113                     /lib/x86_64-linux-gnu/libnss_dns-2.19.so
7ff9e1e41000-7ff9e1e42000 r--p 00004000 08:06 528113                     /lib/x86_64-linux-gnu/libnss_dns-2.19.so
7ff9e1e42000-7ff9e1e43000 rw-p 00005000 08:06 528113                     /lib/x86_64-linux-gnu/libnss_dns-2.19.so
7ff9e1e43000-7ff9e1e45000 r-xp 00000000 08:06 528121                     /lib/x86_64-linux-gnu/libnss_mdns4_minimal.so.2
7ff9e1e45000-7ff9e2044000 ---p 00002000 08:06 528121                     /lib/x86_64-linux-gnu/libnss_mdns4_minimal.so.2
7ff9e2044000-7ff9e2045000 r--p 00001000 08:06 528121                     /lib/x86_64-linux-gnu/libnss_mdns4_minimal.so.2
7ff9e2045000-7ff9e2046000 rw-p 00002000 08:06 528121                     /lib/x86_64-linux-gnu/libnss_mdns4_minimal.so.2
7ff9e2046000-7ff9e2049000 ---p 00000000 00:00 0 
7ff9e2049000-7ff9e2147000 rw-p 00000000 00:00 0 
7ff9e2147000-7ff9e214a000 ---p 00000000 00:00 0 
7ff9e214a000-7ff9e2248000 rw-p 00000000 00:00 0 
7ff9e2248000-7ff9e224b000 ---p 00000000 00:00 0 
7ff9e224b000-7ff9e2349000 rw-p 00000000 00:00 0 
7ff9e2349000-7ff9e234c000 ---p 00000000 00:00 0 
7ff9e234c000-7ff9e264a000 rw-p 00000000 00:00 0 
7ff9e264a000-7ff9e267a000 rw-s 11d782000 00:06 9866                      /dev/dri/card0
7ff9e267a000-7ff9e273a000 rw-s 00000000 00:05 69018                      /drm mm object (deleted)
7ff9e273a000-7ff9e27da000 rw-s 11d6e1000 00:06 9866                      /dev/dri/card0
7ff9e27da000-7ff9e29da000 rw-s 00000000 00:05 69987                      /drm mm object (deleted)
7ff9e29da000-7ff9e2bda000 rw-s 00000000 00:05 69986                      /drm mm object (deleted)
7ff9e2bda000-7ff9e2c1e000 r-xp 00000000 08:06 528054                     /lib/x86_64-linux-gnu/libdbus-1.so.3.7.6
7ff9e2c1e000-7ff9e2e1d000 ---p 00044000 08:06 528054                     /lib/x86_64-linux-gnu/libdbus-1.so.3.7.6
7ff9e2e1d000-7ff9e2e1e000 r--p 00043000 08:06 528054                     /lib/x86_64-linux-gnu/libdbus-1.so.3.7.6
7ff9e2e1e000-7ff9e2e1f000 rw-p 00044000 08:06 528054                     /lib/x86_64-linux-gnu/libdbus-1.so.3.7.6
7ff9e2e1f000-7ff9e2e27000 r-xp 00000000 08:06 528102                     /lib/x86_64-linux-gnu/libnih-dbus.so.1.0.0
7ff9e2e27000-7ff9e3027000 ---p 00008000 08:06 528102                     /lib/x86_64-linux-gnu/libnih-dbus.so.1.0.0
7ff9e3027000-7ff9e3028000 r--p 00008000 08:06 528102                     /lib/x86_64-linux-gnu/libnih-dbus.so.1.0.0
7ff9e3028000-7ff9e3029000 rw-p 00009000 08:06 528102                     /lib/x86_64-linux-gnu/libnih-dbus.so.1.0.0
7ff9e3029000-7ff9e3040000 r-xp 00000000 08:06 528104                     /lib/x86_64-linux-gnu/libnih.so.1.0.0
7ff9e3040000-7ff9e323f000 ---p 00017000 08:06 528104                     /lib/x86_64-linux-gnu/libnih.so.1.0.0
7ff9e323f000-7ff9e3240000 r--p 00016000 08:06 528104                     /lib/x86_64-linux-gnu/libnih.so.1.0.0
7ff9e3240000-7ff9e3241000 rw-p 00017000 08:06 528104                     /lib/x86_64-linux-gnu/libnih.so.1.0.0
7ff9e3241000-7ff9e325a000 r-xp 00000000 08:06 528061                     /lib/x86_64-linux-gnu/libcgmanager.so.0.0.0
7ff9e325a000-7ff9e3459000 ---p 00019000 08:06 528061                     /lib/x86_64-linux-gnu/libcgmanager.so.0.0.0
7ff9e3459000-7ff9e345b000 r--p 00018000 08:06 528061                     /lib/x86_64-linux-gnu/libcgmanager.so.0.0.0
7ff9e345b000-7ff9e345c000 rw-p 0001a000 08:06 528061                     /lib/x86_64-linux-gnu/libcgmanager.so.0.0.0
7ff9e345c000-7ff9e346c000 r-xp 00000000 08:06 527861                     /lib/x86_64-linux-gnu/libudev.so.1.3.5
7ff9e346c000-7ff9e366b000 ---p 00010000 08:06 527861                     /lib/x86_64-linux-gnu/libudev.so.1.3.5
7ff9e366b000-7ff9e366c000 r--p 0000f000 08:06 527861                     /lib/x86_64-linux-gnu/libudev.so.1.3.5
7ff9e366c000-7ff9e366d000 rw-p 00010000 08:06 527861                     /lib/x86_64-linux-gnu/libudev.so.1.3.5
7ff9e366d000-7ff9e366f000 r-xp 00000000 08:06 1056982                    /usr/lib/x86_64-linux-gnu/libXinerama.so.1.0.0
7ff9e366f000-7ff9e386e000 ---p 00002000 08:06 1056982                    /usr/lib/x86_64-linux-gnu/libXinerama.so.1.0.0
7ff9e386e000-7ff9e386f000 r--p 00001000 08:06 1056982                    /usr/lib/x86_64-linux-gnu/libXinerama.so.1.0.0
7ff9e386f000-7ff9e3870000 rw-p 00002000 08:06 1056982                    /usr/lib/x86_64-linux-gnu/libXinerama.so.1.0.0
7ff9e3870000-7ff9e38a7000 r-xp 00000000 08:06 1057905                    /usr/lib/x86_64-linux-gnu/libtxc_dxtn_s2tc.so.0.0.0
7ff9e38a7000-7ff9e3aa6000 ---p 00037000 08:06 1057905                    /usr/lib/x86_64-linux-gnu/libtxc_dxtn_s2tc.so.0.0.0
7ff9e3aa6000-7ff9e3aa7000 r--p 00036000 08:06 1057905                    /usr/lib/x86_64-linux-gnu/libtxc_dxtn_s2tc.so.0.0.0
7ff9e3aa7000-7ff9e3aa8000 rw-p 00037000 08:06 1057905                    /usr/lib/x86_64-linux-gnu/libtxc_dxtn_s2tc.so.0.0.0
7ff9e3aa8000-7ff9e3ac0000 r-xp 00000000 08:06 528203                     /lib/x86_64-linux-gnu/libz.so.1.2.8
7ff9e3ac0000-7ff9e3cbf000 ---p 00018000 08:06 528203                     /lib/x86_64-linux-gnu/libz.so.1.2.8
7ff9e3cbf000-7ff9e3cc0000 r--p 00017000 08:06 528203                     /lib/x86_64-linux-gnu/libz.so.1.2.8
7ff9e3cc0000-7ff9e3cc1000 rw-p 00018000 08:06 528203                     /lib/x86_64-linux-gnu/libz.so.1.2.8
7ff9e3cc1000-7ff9e3cc9000 r-xp 00000000 08:06 1057710                    /usr/lib/x86_64-linux-gnu/libpciaccess.so.0.11.1
7ff9e3cc9000-7ff9e3ec8000 ---p 00008000 08:06 1057710                    /usr/lib/x86_64-linux-gnu/libpciaccess.so.0.11.1
7ff9e3ec8000-7ff9e3ec9000 r--p 00007000 08:06 1057710                    /usr/lib/x86_64-linux-gnu/libpciaccess.so.0.11.1
7ff9e3ec9000-7ff9e3eca000 rw-p 00008000 08:06 1057710                    /usr/lib/x86_64-linux-gnu/libpciaccess.so.0.11.1
7ff9e3eca000-7ff9e3fb0000 r-xp 00000000 08:06 1057863                    /usr/lib/x86_64-linux-gnu/libstdc++.so.6.0.19
7ff9e3fb0000-7ff9e41af000 ---p 000e6000 08:06 1057863                    /usr/lib/x86_64-linux-gnu/libstdc++.so.6.0.19
7ff9e41af000-7ff9e41b7000 r--p 000e5000 08:06 1057863                    /usr/lib/x86_64-linux-gnu/libstdc++.so.6.0.19
7ff9e41b7000-7ff9e41b9000 rw-p 000ed000 08:06 1057863                    /usr/lib/x86_64-linux-gnu/libstdc++.so.6.0.19
7ff9e41b9000-7ff9e41ce000 rw-p 00000000 00:00 0 
7ff9e41ce000-7ff9e41da000 r-xp 00000000 08:06 1057207                    /usr/lib/x86_64-linux-gnu/libdrm_radeon.so.1.0.1
7ff9e41da000-7ff9e43d9000 ---p 0000c000 08:06 1057207                    /usr/lib/x86_64-linux-gnu/libdrm_radeon.so.1.0.1
7ff9e43d9000-7ff9e43da000 r--p 0000b000 08:06 1057207                    /usr/lib/x86_64-linux-gnu/libdrm_radeon.so.1.0.1
7ff9e43da000-7ff9e43db000 rw-p 0000c000 08:06 1057207                    /usr/lib/x86_64-linux-gnu/libdrm_radeon.so.1.0.1
7ff9e43db000-7ff9e43e1000 r-xp 00000000 08:06 1057205                    /usr/lib/x86_64-linux-gnu/libdrm_nouveau.so.2.0.0
7ff9e43e1000-7ff9e45e0000 ---p 00006000 08:06 1057205                    /usr/lib/x86_64-linux-gnu/libdrm_nouveau.so.2.0.0
7ff9e45e0000-7ff9e45e1000 r--p 00005000 08:06 1057205                    /usr/lib/x86_64-linux-gnu/libdrm_nouveau.so.2.0.0
7ff9e45e1000-7ff9e45e2000 rw-p 00006000 08:06 1057205                    /usr/lib/x86_64-linux-gnu/libdrm_nouveau.so.2.0.0
7ff9e45e2000-7ff9e4602000 r-xp 00000000 08:06 1057203                    /usr/lib/x86_64-linux-gnu/libdrm_intel.so.1.0.0
7ff9e4602000-7ff9e4801000 ---p 00020000 08:06 1057203                    /usr/lib/x86_64-linux-gnu/libdrm_intel.so.1.0.0
7ff9e4801000-7ff9e4802000 r--p 0001f000 08:06 1057203                    /usr/lib/x86_64-linux-gnu/libdrm_intel.so.1.0.0
7ff9e4802000-7ff9e4803000 rw-p 00020000 08:06 1057203                    /usr/lib/x86_64-linux-gnu/libdrm_intel.so.1.0.0
7ff9e4803000-7ff9e4d57000 r-xp 00000000 08:06 1317574                    /usr/lib/x86_64-linux-gnu/dri/i965_dri.so
7ff9e4d57000-7ff9e4f57000 ---p 00554000 08:06 1317574                    /usr/lib/x86_64-linux-gnu/dri/i965_dri.so
7ff9e4f57000-7ff9e4f78000 r--p 00554000 08:06 1317574                    /usr/lib/x86_64-linux-gnu/dri/i965_dri.so
7ff9e4f78000-7ff9e4f7f000 rw-p 00575000 08:06 1317574                    /usr/lib/x86_64-linux-gnu/dri/i965_dri.so
7ff9e4f7f000-7ff9e4f86000 rw-p 00000000 00:00 0 
7ff9e4f86000-7ff9e4f8c000 r-xp 00000000 08:06 1309762                    /usr/lib/x86_64-linux-gnu/mesa-egl/libGLESv2.so.2.0.0
7ff9e4f8c000-7ff9e518b000 ---p 00006000 08:06 1309762                    /usr/lib/x86_64-linux-gnu/mesa-egl/libGLESv2.so.2.0.0
7ff9e518b000-7ff9e518c000 r--p 00005000 08:06 1309762                    /usr/lib/x86_64-linux-gnu/mesa-egl/libGLESv2.so.2.0.0
7ff9e518c000-7ff9e518d000 rw-p 00006000 08:06 1309762                    /usr/lib/x86_64-linux-gnu/mesa-egl/libGLESv2.so.2.0.0
7ff9e518d000-7ff9e51d2000 r-xp 00000000 08:06 915744                     /tmp/jogamp_0000/file_cache/jln3528571706114447476/jln9039465180783813981/libjogl_mobile.so
7ff9e51d2000-7ff9e53d2000 ---p 00045000 08:06 915744                     /tmp/jogamp_0000/file_cache/jln3528571706114447476/jln9039465180783813981/libjogl_mobile.so
7ff9e53d2000-7ff9e53d3000 rw-p 00045000 08:06 915744                     /tmp/jogamp_0000/file_cache/jln3528571706114447476/jln9039465180783813981/libjogl_mobile.so
7ff9e53d3000-7ff9e53da000 r-xp 00000000 08:06 1046765                    /usr/lib/x86_64-linux-gnu/libffi.so.6.0.1
7ff9e53da000-7ff9e55d9000 ---p 00007000 08:06 1046765                    /usr/lib/x86_64-linux-gnu/libffi.so.6.0.1
7ff9e55d9000-7ff9e55da000 r--p 00006000 08:06 1046765                    /usr/lib/x86_64-linux-gnu/libffi.so.6.0.1
7ff9e55da000-7ff9e55db000 rw-p 00007000 08:06 1046765                    /usr/lib/x86_64-linux-gnu/libffi.so.6.0.1
7ff9e55db000-7ff9e55e7000 r-xp 00000000 08:06 1055943                    /usr/lib/x86_64-linux-gnu/libgbm.so.1.0.0
7ff9e55e7000-7ff9e57e7000 ---p 0000c000 08:06 1055943                    /usr/lib/x86_64-linux-gnu/libgbm.so.1.0.0
7ff9e57e7000-7ff9e57e8000 r--p 0000c000 08:06 1055943                    /usr/lib/x86_64-linux-gnu/libgbm.so.1.0.0
7ff9e57e8000-7ff9e57e9000 rw-p 0000d000 08:06 1055943                    /usr/lib/x86_64-linux-gnu/libgbm.so.1.0.0
7ff9e57e9000-7ff9e57f8000 r-xp 00000000 08:06 1057971                    /usr/lib/x86_64-linux-gnu/libwayland-server.so.0.1.0
7ff9e57f8000-7ff9e59f7000 ---p 0000f000 08:06 1057971                    /usr/lib/x86_64-linux-gnu/libwayland-server.so.0.1.0
7ff9e59f7000-7ff9e59f9000 r--p 0000e000 08:06 1057971                    /usr/lib/x86_64-linux-gnu/libwayland-server.so.0.1.0
7ff9e59f9000-7ff9e59fa000 rw-p 00010000 08:06 1057971                    /usr/lib/x86_64-linux-gnu/libwayland-server.so.0.1.0
7ff9e59fa000-7ff9e5a05000 r-xp 00000000 08:06 1057965                    /usr/lib/x86_64-linux-gnu/libwayland-client.so.0.2.0
7ff9e5a05000-7ff9e5c04000 ---p 0000b000 08:06 1057965                    /usr/lib/x86_64-linux-gnu/libwayland-client.so.0.2.0
7ff9e5c04000-7ff9e5c06000 r--p 0000a000 08:06 1057965                    /usr/lib/x86_64-linux-gnu/libwayland-client.so.0.2.0
7ff9e5c06000-7ff9e5c07000 rw-p 0000c000 08:06 1057965                    /usr/lib/x86_64-linux-gnu/libwayland-client.so.0.2.0
7ff9e5c07000-7ff9e5c0c000 r-xp 00000000 08:06 1058021                    /usr/lib/x86_64-linux-gnu/libxcb-xfixes.so.0.0.0
7ff9e5c0c000-7ff9e5e0c000 ---p 00005000 08:06 1058021                    /usr/lib/x86_64-linux-gnu/libxcb-xfixes.so.0.0.0
7ff9e5e0c000-7ff9e5e0d000 r--p 00005000 08:06 1058021                    /usr/lib/x86_64-linux-gnu/libxcb-xfixes.so.0.0.0
7ff9e5e0d000-7ff9e5e0e000 rw-p 00006000 08:06 1058021                    /usr/lib/x86_64-linux-gnu/libxcb-xfixes.so.0.0.0
7ff9e5e0e000-7ff9e5e36000 r-xp 00000000 08:06 1317569                    /usr/lib/x86_64-linux-gnu/mesa-egl/libEGL.so.1.0.0
7ff9e5e36000-7ff9e6036000 ---p 00028000 08:06 1317569                    /usr/lib/x86_64-linux-gnu/mesa-egl/libEGL.so.1.0.0
7ff9e6036000-7ff9e6037000 r--p 00028000 08:06 1317569                    /usr/lib/x86_64-linux-gnu/mesa-egl/libEGL.so.1.0.0
7ff9e6037000-7ff9e6038000 rw-p 00029000 08:06 1317569                    /usr/lib/x86_64-linux-gnu/mesa-egl/libEGL.so.1.0.0
7ff9e6038000-7ff9e6039000 rw-p 00000000 00:00 0 
7ff9e6039000-7ff9e60de000 r-xp 00000000 08:06 915736                     /tmp/jogamp_0000/file_cache/jln3528571706114447476/jln9039465180783813981/libjogl_desktop.so
7ff9e60de000-7ff9e62de000 ---p 000a5000 08:06 915736                     /tmp/jogamp_0000/file_cache/jln3528571706114447476/jln9039465180783813981/libjogl_desktop.so
7ff9e62de000-7ff9e62df000 rw-p 000a5000 08:06 915736                     /tmp/jogamp_0000/file_cache/jln3528571706114447476/jln9039465180783813981/libjogl_desktop.so
7ff9e62df000-7ff9e62ea000 r-xp 00000000 08:06 1057201                    /usr/lib/x86_64-linux-gnu/libdrm.so.2.4.0
7ff9e62ea000-7ff9e64e9000 ---p 0000b000 08:06 1057201                    /usr/lib/x86_64-linux-gnu/libdrm.so.2.4.0
7ff9e64e9000-7ff9e64ea000 r--p 0000a000 08:06 1057201                    /usr/lib/x86_64-linux-gnu/libdrm.so.2.4.0
7ff9e64ea000-7ff9e64eb000 rw-p 0000b000 08:06 1057201                    /usr/lib/x86_64-linux-gnu/libdrm.so.2.4.0
7ff9e64eb000-7ff9e64ec000 r-xp 00000000 08:06 1058035                    /usr/lib/x86_64-linux-gnu/libxshmfence.so.1.0.0
7ff9e64ec000-7ff9e66eb000 ---p 00001000 08:06 1058035                    /usr/lib/x86_64-linux-gnu/libxshmfence.so.1.0.0
7ff9e66eb000-7ff9e66ec000 r--p 00000000 08:06 1058035                    /usr/lib/x86_64-linux-gnu/libxshmfence.so.1.0.0
7ff9e66ec000-7ff9e66ed000 rw-p 00001000 08:06 1058035                    /usr/lib/x86_64-linux-gnu/libxshmfence.so.1.0.0
7ff9e66ed000-7ff9e66f2000 r-xp 00000000 08:06 1058017                    /usr/lib/x86_64-linux-gnu/libxcb-sync.so.1.0.0
7ff9e66f2000-7ff9e68f1000 ---p 00005000 08:06 1058017                    /usr/lib/x86_64-linux-gnu/libxcb-sync.so.1.0.0
7ff9e68f1000-7ff9e68f2000 r--p 00004000 08:06 1058017                    /usr/lib/x86_64-linux-gnu/libxcb-sync.so.1.0.0
7ff9e68f2000-7ff9e68f3000 rw-p 00005000 08:06 1058017                    /usr/lib/x86_64-linux-gnu/libxcb-sync.so.1.0.0
7ff9e68f3000-7ff9e68f5000 r-xp 00000000 08:06 1058005                    /usr/lib/x86_64-linux-gnu/libxcb-present.so.0.0.0
7ff9e68f5000-7ff9e6af4000 ---p 00002000 08:06 1058005                    /usr/lib/x86_64-linux-gnu/libxcb-present.so.0.0.0
7ff9e6af4000-7ff9e6af5000 r--p 00001000 08:06 1058005                    /usr/lib/x86_64-linux-gnu/libxcb-present.so.0.0.0
7ff9e6af5000-7ff9e6af6000 rw-p 00002000 08:06 1058005                    /usr/lib/x86_64-linux-gnu/libxcb-present.so.0.0.0
7ff9e6af6000-7ff9e6af8000 r-xp 00000000 08:06 1057995                    /usr/lib/x86_64-linux-gnu/libxcb-dri3.so.0.0.0
7ff9e6af8000-7ff9e6cf7000 ---p 00002000 08:06 1057995                    /usr/lib/x86_64-linux-gnu/libxcb-dri3.so.0.0.0
7ff9e6cf7000-7ff9e6cf8000 r--p 00001000 08:06 1057995                    /usr/lib/x86_64-linux-gnu/libxcb-dri3.so.0.0.0
7ff9e6cf8000-7ff9e6cf9000 rw-p 00002000 08:06 1057995                    /usr/lib/x86_64-linux-gnu/libxcb-dri3.so.0.0.0
7ff9e6cf9000-7ff9e6cfc000 r-xp 00000000 08:06 1057993                    /usr/lib/x86_64-linux-gnu/libxcb-dri2.so.0.0.0
7ff9e6cfc000-7ff9e6efc000 ---p 00003000 08:06 1057993                    /usr/lib/x86_64-linux-gnu/libxcb-dri2.so.0.0.0
7ff9e6efc000-7ff9e6efd000 r--p 00003000 08:06 1057993                    /usr/lib/x86_64-linux-gnu/libxcb-dri2.so.0.0.0
7ff9e6efd000-7ff9e6efe000 rw-p 00004000 08:06 1057993                    /usr/lib/x86_64-linux-gnu/libxcb-dri2.so.0.0.0
7ff9e6efe000-7ff9e6f13000 r-xp 00000000 08:06 1057997                    /usr/lib/x86_64-linux-gnu/libxcb-glx.so.0.0.0
7ff9e6f13000-7ff9e7112000 ---p 00015000 08:06 1057997                    /usr/lib/x86_64-linux-gnu/libxcb-glx.so.0.0.0
7ff9e7112000-7ff9e7114000 r--p 00014000 08:06 1057997                    /usr/lib/x86_64-linux-gnu/libxcb-glx.so.0.0.0
7ff9e7114000-7ff9e7115000 rw-p 00016000 08:06 1057997                    /usr/lib/x86_64-linux-gnu/libxcb-glx.so.0.0.0
7ff9e7115000-7ff9e7116000 r-xp 00000000 08:06 1056953                    /usr/lib/x86_64-linux-gnu/libX11-xcb.so.1.0.0
7ff9e7116000-7ff9e7315000 ---p 00001000 08:06 1056953                    /usr/lib/x86_64-linux-gnu/libX11-xcb.so.1.0.0
7ff9e7315000-7ff9e7316000 r--p 00000000 08:06 1056953                    /usr/lib/x86_64-linux-gnu/libX11-xcb.so.1.0.0
7ff9e7316000-7ff9e7317000 rw-p 00001000 08:06 1056953                    /usr/lib/x86_64-linux-gnu/libX11-xcb.so.1.0.0
7ff9e7317000-7ff9e7319000 r-xp 00000000 08:06 1056968                    /usr/lib/x86_64-linux-gnu/libXdamage.so.1.1.0
7ff9e7319000-7ff9e7518000 ---p 00002000 08:06 1056968                    /usr/lib/x86_64-linux-gnu/libXdamage.so.1.1.0
7ff9e7518000-7ff9e7519000 r--p 00001000 08:06 1056968                    /usr/lib/x86_64-linux-gnu/libXdamage.so.1.1.0
7ff9e7519000-7ff9e751a000 rw-p 00002000 08:06 1056968                    /usr/lib/x86_64-linux-gnu/libXdamage.so.1.1.0
7ff9e751a000-7ff9e753f000 r-xp 00000000 08:06 1055991                    /usr/lib/x86_64-linux-gnu/libglapi.so.0.0.0
7ff9e753f000-7ff9e773f000 ---p 00025000 08:06 1055991                    /usr/lib/x86_64-linux-gnu/libglapi.so.0.0.0
7ff9e773f000-7ff9e7742000 r--p 00025000 08:06 1055991                    /usr/lib/x86_64-linux-gnu/libglapi.so.0.0.0
7ff9e7742000-7ff9e7743000 rw-p 00028000 08:06 1055991                    /usr/lib/x86_64-linux-gnu/libglapi.so.0.0.0
7ff9e7743000-7ff9e7744000 rw-p 00000000 00:00 0 
7ff9e7744000-7ff9e776b000 r-xp 00000000 08:06 528174                     /lib/x86_64-linux-gnu/libexpat.so.1.6.0
7ff9e776b000-7ff9e796b000 ---p 00027000 08:06 528174                     /lib/x86_64-linux-gnu/libexpat.so.1.6.0
7ff9e796b000-7ff9e796d000 r--p 00027000 08:06 528174                     /lib/x86_64-linux-gnu/libexpat.so.1.6.0
7ff9e796d000-7ff9e796e000 rw-p 00029000 08:06 528174                     /lib/x86_64-linux-gnu/libexpat.so.1.6.0
7ff9e796e000-7ff9e79fc000 r-xp 00000000 08:06 1309921                    /usr/lib/x86_64-linux-gnu/mesa/libGL.so.1.2.0
7ff9e79fc000-7ff9e7bfb000 ---p 0008e000 08:06 1309921                    /usr/lib/x86_64-linux-gnu/mesa/libGL.so.1.2.0
7ff9e7bfb000-7ff9e7bfe000 r--p 0008d000 08:06 1309921                    /usr/lib/x86_64-linux-gnu/mesa/libGL.so.1.2.0
7ff9e7bfe000-7ff9e7bff000 rw-p 00090000 08:06 1309921                    /usr/lib/x86_64-linux-gnu/mesa/libGL.so.1.2.0
7ff9e7bff000-7ff9e7e00000 rw-p 00000000 00:00 0 
7ff9e7e00000-7ff9e8000000 rw-p 00000000 00:00 0 
7ff9e8000000-7ff9e8021000 rw-p 00000000 00:00 0 
7ff9e8021000-7ff9ec000000 ---p 00000000 00:00 0 
7ff9ec000000-7ff9eee0e000 rw-p 00000000 00:00 0 
7ff9eee0e000-7ff9f0000000 ---p 00000000 00:00 0 
7ff9f0000000-7ff9f2096000 rw-p 00000000 00:00 0 
7ff9f2096000-7ff9f4000000 ---p 00000000 00:00 0 
7ff9f4000000-7ff9f5537000 rw-p 00000000 00:00 0 
7ff9f5537000-7ff9f8000000 ---p 00000000 00:00 0 
7ff9f8000000-7ff9f8021000 rw-p 00000000 00:00 0 
7ff9f8021000-7ff9fc000000 ---p 00000000 00:00 0 
7ff9fc000000-7ff9fc034000 rw-p 00000000 00:00 0 
7ff9fc034000-7ffa00000000 ---p 00000000 00:00 0 
7ffa00000000-7ffa0002b000 rw-p 00000000 00:00 0 
7ffa0002b000-7ffa04000000 ---p 00000000 00:00 0 
7ffa04000000-7ffa04021000 rw-p 00000000 00:00 0 
7ffa04021000-7ffa08000000 ---p 00000000 00:00 0 
7ffa08000000-7ffa08021000 rw-p 00000000 00:00 0 
7ffa08021000-7ffa0c000000 ---p 00000000 00:00 0 
7ffa0c000000-7ffa0c021000 rw-p 00000000 00:00 0 
7ffa0c021000-7ffa10000000 ---p 00000000 00:00 0 
7ffa10000000-7ffa10917000 rw-p 00000000 00:00 0 
7ffa10917000-7ffa14000000 ---p 00000000 00:00 0 
7ffa14000000-7ffa14021000 rw-p 00000000 00:00 0 
7ffa14021000-7ffa18000000 ---p 00000000 00:00 0 
7ffa18000000-7ffa18c20000 rw-p 00000000 00:00 0 
7ffa18c20000-7ffa1c000000 ---p 00000000 00:00 0 
7ffa1c01b000-7ffa1c01c000 rw-p 00000000 00:00 0 
7ffa1c01c000-7ffa1c024000 rw-s 00000000 00:05 69040                      /drm mm object (deleted)
7ffa1c024000-7ffa1c026000 rw-s 11d7e2000 00:06 9866                      /dev/dri/card0
7ffa1c026000-7ffa1c02e000 rw-s 00000000 00:05 70009                      /drm mm object (deleted)
7ffa1c02e000-7ffa1c036000 rw-s 00000000 00:05 70005                      /drm mm object (deleted)
7ffa1c036000-7ffa1c037000 rw-s 11d781000 00:06 9866                      /dev/dri/card0
7ffa1c037000-7ffa1c0d7000 rw-s 11d641000 00:06 9866                      /dev/dri/card0
7ffa1c0d7000-7ffa1c0df000 rw-s 00000000 00:05 67386                      /drm mm object (deleted)
7ffa1c0df000-7ffa1c0e0000 rw-s 11d640000 00:06 9866                      /dev/dri/card0
7ffa1c0e0000-7ffa1c0e7000 r-xp 00000000 08:06 918113                     /tmp/jogamp_0000/file_cache/jln3528571706114447476/jln9039465180783813981/libnativewindow_x11.so
7ffa1c0e7000-7ffa1c2e6000 ---p 00007000 08:06 918113                     /tmp/jogamp_0000/file_cache/jln3528571706114447476/jln9039465180783813981/libnativewindow_x11.so
7ffa1c2e6000-7ffa1c2e7000 rw-p 00006000 08:06 918113                     /tmp/jogamp_0000/file_cache/jln3528571706114447476/jln9039465180783813981/libnativewindow_x11.so
7ffa1c2e7000-7ffa1c2eb000 r-xp 00000000 08:06 1057010                    /usr/lib/x86_64-linux-gnu/libXxf86vm.so.1.0.0
7ffa1c2eb000-7ffa1c4eb000 ---p 00004000 08:06 1057010                    /usr/lib/x86_64-linux-gnu/libXxf86vm.so.1.0.0
7ffa1c4eb000-7ffa1c4ec000 r--p 00004000 08:06 1057010                    /usr/lib/x86_64-linux-gnu/libXxf86vm.so.1.0.0
7ffa1c4ec000-7ffa1c4ed000 rw-p 00005000 08:06 1057010                    /usr/lib/x86_64-linux-gnu/libXxf86vm.so.1.0.0
7ffa1c4ed000-7ffa1c4ef000 r-xp 00000000 08:06 915745                     /tmp/jogamp_0000/file_cache/jln3528571706114447476/jln9039465180783813981/libnativewindow_awt.so
7ffa1c4ef000-7ffa1c6ee000 ---p 00002000 08:06 915745                     /tmp/jogamp_0000/file_cache/jln3528571706114447476/jln9039465180783813981/libnativewindow_awt.so
7ffa1c6ee000-7ffa1c6ef000 rw-p 00001000 08:06 915745                     /tmp/jogamp_0000/file_cache/jln3528571706114447476/jln9039465180783813981/libnativewindow_awt.so
7ffa1c6ef000-7ffa1c6f0000 r-xp 00000000 08:06 1065525                    /usr/lib/jvm/java-8-oracle/jre/lib/amd64/libjawt.so
7ffa1c6f0000-7ffa1c8ef000 ---p 00001000 08:06 1065525                    /usr/lib/jvm/java-8-oracle/jre/lib/amd64/libjawt.so
7ffa1c8ef000-7ffa1c8f0000 rw-p 00000000 08:06 1065525                    /usr/lib/jvm/java-8-oracle/jre/lib/amd64/libjawt.so
7ffa1c8f0000-7ffa1c8f2000 r-xp 00000000 08:06 915735                     /tmp/jogamp_0000/file_cache/jln3528571706114447476/jln9039465180783813981/libgluegen-rt.so
7ffa1c8f2000-7ffa1caf1000 ---p 00002000 08:06 915735                     /tmp/jogamp_0000/file_cache/jln3528571706114447476/jln9039465180783813981/libgluegen-rt.so
7ffa1caf1000-7ffa1caf2000 rw-p 00001000 08:06 915735                     /tmp/jogamp_0000/file_cache/jln3528571706114447476/jln9039465180783813981/libgluegen-rt.so
7ffa1caf2000-7ffa1caf5000 ---p 00000000 00:00 0 
7ffa1caf5000-7ffa1cdf3000 rw-p 00000000 00:00 0                          [stack:4726]
7ffa1cdf3000-7ffa1cdf6000 ---p 00000000 00:00 0 
7ffa1cdf6000-7ffa1d0f4000 rw-p 00000000 00:00 0 
7ffa1d0f4000-7ffa1d0f7000 ---p 00000000 00:00 0 
7ffa1d0f7000-7ffa1d1f5000 rw-p 00000000 00:00 0                          [stack:4716]
7ffa1d1f5000-7ffa1d25e000 r-xp 00000000 08:06 1065566                    /usr/lib/jvm/java-8-oracle/jre/lib/amd64/libt2k.so
7ffa1d25e000-7ffa1d45e000 ---p 00069000 08:06 1065566                    /usr/lib/jvm/java-8-oracle/jre/lib/amd64/libt2k.so
7ffa1d45e000-7ffa1d465000 rw-p 00069000 08:06 1065566                    /usr/lib/jvm/java-8-oracle/jre/lib/amd64/libt2k.so
7ffa1d465000-7ffa1d475000 rw-p 00000000 00:00 0 
7ffa1d475000-7ffa1d486000 r-xp 00000000 08:06 1065560                    /usr/lib/jvm/java-8-oracle/jre/lib/amd64/libnio.so
7ffa1d486000-7ffa1d685000 ---p 00011000 08:06 1065560                    /usr/lib/jvm/java-8-oracle/jre/lib/amd64/libnio.so
7ffa1d685000-7ffa1d686000 rw-p 00010000 08:06 1065560                    /usr/lib/jvm/java-8-oracle/jre/lib/amd64/libnio.so
7ffa1d686000-7ffa1d69c000 r-xp 00000000 08:06 1065530                    /usr/lib/jvm/java-8-oracle/jre/lib/amd64/libnet.so
7ffa1d69c000-7ffa1d89c000 ---p 00016000 08:06 1065530                    /usr/lib/jvm/java-8-oracle/jre/lib/amd64/libnet.so
7ffa1d89c000-7ffa1d89d000 rw-p 00016000 08:06 1065530                    /usr/lib/jvm/java-8-oracle/jre/lib/amd64/libnet.so
7ffa1d89d000-7ffa1d8a0000 ---p 00000000 00:00 0 
7ffa1d8a0000-7ffa1d99e000 rw-p 00000000 00:00 0                          [stack:4714]
7ffa1d99e000-7ffa1d9a1000 ---p 00000000 00:00 0 
7ffa1d9a1000-7ffa1da9f000 rw-p 00000000 00:00 0                          [stack:4712]
7ffa1da9f000-7ffa1daa2000 ---p 00000000 00:00 0 
7ffa1daa2000-7ffa1dba0000 rw-p 00000000 00:00 0                          [stack:4713]
7ffa1dba0000-7ffa1dba3000 ---p 00000000 00:00 0 
7ffa1dba3000-7ffa1dca1000 rw-p 00000000 00:00 0                          [stack:4710]
7ffa1dca1000-7ffa1dca6000 r-xp 00000000 08:06 1056974                    /usr/lib/x86_64-linux-gnu/libXfixes.so.3.1.0
7ffa1dca6000-7ffa1dea5000 ---p 00005000 08:06 1056974                    /usr/lib/x86_64-linux-gnu/libXfixes.so.3.1.0
7ffa1dea5000-7ffa1dea6000 r--p 00004000 08:06 1056974                    /usr/lib/x86_64-linux-gnu/libXfixes.so.3.1.0
7ffa1dea6000-7ffa1dea7000 rw-p 00005000 08:06 1056974                    /usr/lib/x86_64-linux-gnu/libXfixes.so.3.1.0
7ffa1dea7000-7ffa1deb0000 r-xp 00000000 08:06 1056966                    /usr/lib/x86_64-linux-gnu/libXcursor.so.1.0.2
7ffa1deb0000-7ffa1e0af000 ---p 00009000 08:06 1056966                    /usr/lib/x86_64-linux-gnu/libXcursor.so.1.0.2
7ffa1e0af000-7ffa1e0b0000 r--p 00008000 08:06 1056966                    /usr/lib/x86_64-linux-gnu/libXcursor.so.1.0.2
7ffa1e0b0000-7ffa1e0b1000 rw-p 00009000 08:06 1056966                    /usr/lib/x86_64-linux-gnu/libXcursor.so.1.0.2
7ffa1e0b1000-7ffa1e0b4000 ---p 00000000 00:00 0 
7ffa1e0b4000-7ffa1e1b2000 rw-p 00000000 00:00 0                          [stack:4709]
7ffa1e1b2000-7ffa1e1c8000 r-xp 00000000 08:06 528067                     /lib/x86_64-linux-gnu/libgcc_s.so.1
7ffa1e1c8000-7ffa1e3c7000 ---p 00016000 08:06 528067                     /lib/x86_64-linux-gnu/libgcc_s.so.1
7ffa1e3c7000-7ffa1e3c8000 rw-p 00015000 08:06 528067                     /lib/x86_64-linux-gnu/libgcc_s.so.1
7ffa1e3c8000-7ffa1e42d000 r-xp 00000000 08:06 1065546                    /usr/lib/jvm/java-8-oracle/jre/lib/amd64/libfontmanager.so
7ffa1e42d000-7ffa1e62d000 ---p 00065000 08:06 1065546                    /usr/lib/jvm/java-8-oracle/jre/lib/amd64/libfontmanager.so
7ffa1e62d000-7ffa1e631000 rw-p 00065000 08:06 1065546                    /usr/lib/jvm/java-8-oracle/jre/lib/amd64/libfontmanager.so
7ffa1e631000-7ffa1e642000 rw-p 00000000 00:00 0 
7ffa1e642000-7ffa1e647000 r-xp 00000000 08:06 1056970                    /usr/lib/x86_64-linux-gnu/libXdmcp.so.6.0.0
7ffa1e647000-7ffa1e846000 ---p 00005000 08:06 1056970                    /usr/lib/x86_64-linux-gnu/libXdmcp.so.6.0.0
7ffa1e846000-7ffa1e847000 r--p 00004000 08:06 1056970                    /usr/lib/x86_64-linux-gnu/libXdmcp.so.6.0.0
7ffa1e847000-7ffa1e848000 rw-p 00005000 08:06 1056970                    /usr/lib/x86_64-linux-gnu/libXdmcp.so.6.0.0
7ffa1e848000-7ffa1e84a000 r-xp 00000000 08:06 1056959                    /usr/lib/x86_64-linux-gnu/libXau.so.6.0.0
7ffa1e84a000-7ffa1ea4a000 ---p 00002000 08:06 1056959                    /usr/lib/x86_64-linux-gnu/libXau.so.6.0.0
7ffa1ea4a000-7ffa1ea4b000 r--p 00002000 08:06 1056959                    /usr/lib/x86_64-linux-gnu/libXau.so.6.0.0
7ffa1ea4b000-7ffa1ea4c000 rw-p 00003000 08:06 1056959                    /usr/lib/x86_64-linux-gnu/libXau.so.6.0.0
7ffa1ea4c000-7ffa1ea69000 r-xp 00000000 08:06 1058025                    /usr/lib/x86_64-linux-gnu/libxcb.so.1.1.0
7ffa1ea69000-7ffa1ec69000 ---p 0001d000 08:06 1058025                    /usr/lib/x86_64-linux-gnu/libxcb.so.1.1.0
7ffa1ec69000-7ffa1ec6a000 r--p 0001d000 08:06 1058025                    /usr/lib/x86_64-linux-gnu/libxcb.so.1.1.0
7ffa1ec6a000-7ffa1ec6b000 rw-p 0001e000 08:06 1058025                    /usr/lib/x86_64-linux-gnu/libxcb.so.1.1.0
7ffa1ec6b000-7ffa1ec7a000 r-xp 00000000 08:06 1056980                    /usr/lib/x86_64-linux-gnu/libXi.so.6.1.0
7ffa1ec7a000-7ffa1ee79000 ---p 0000f000 08:06 1056980                    /usr/lib/x86_64-linux-gnu/libXi.so.6.1.0
7ffa1ee79000-7ffa1ee7a000 r--p 0000e000 08:06 1056980                    /usr/lib/x86_64-linux-gnu/libXi.so.6.1.0
7ffa1ee7a000-7ffa1ee7b000 rw-p 0000f000 08:06 1056980                    /usr/lib/x86_64-linux-gnu/libXi.so.6.1.0
7ffa1ee7b000-7ffa1ee80000 r-xp 00000000 08:06 1057000                    /usr/lib/x86_64-linux-gnu/libXtst.so.6.1.0
7ffa1ee80000-7ffa1f07f000 ---p 00005000 08:06 1057000                    /usr/lib/x86_64-linux-gnu/libXtst.so.6.1.0
7ffa1f07f000-7ffa1f080000 r--p 00004000 08:06 1057000                    /usr/lib/x86_64-linux-gnu/libXtst.so.6.1.0
7ffa1f080000-7ffa1f081000 rw-p 00005000 08:06 1057000                    /usr/lib/x86_64-linux-gnu/libXtst.so.6.1.0
7ffa1f081000-7ffa1f08a000 r-xp 00000000 08:06 1056994                    /usr/lib/x86_64-linux-gnu/libXrender.so.1.3.0
7ffa1f08a000-7ffa1f289000 ---p 00009000 08:06 1056994                    /usr/lib/x86_64-linux-gnu/libXrender.so.1.3.0
7ffa1f289000-7ffa1f28a000 r--p 00008000 08:06 1056994                    /usr/lib/x86_64-linux-gnu/libXrender.so.1.3.0
7ffa1f28a000-7ffa1f28b000 rw-p 00009000 08:06 1056994                    /usr/lib/x86_64-linux-gnu/libXrender.so.1.3.0
7ffa1f28b000-7ffa1f3bb000 r-xp 00000000 08:06 1056955                    /usr/lib/x86_64-linux-gnu/libX11.so.6.3.0
7ffa1f3bb000-7ffa1f5bb000 ---p 00130000 08:06 1056955                    /usr/lib/x86_64-linux-gnu/libX11.so.6.3.0
7ffa1f5bb000-7ffa1f5bc000 r--p 00130000 08:06 1056955                    /usr/lib/x86_64-linux-gnu/libX11.so.6.3.0
7ffa1f5bc000-7ffa1f5c0000 rw-p 00131000 08:06 1056955                    /usr/lib/x86_64-linux-gnu/libX11.so.6.3.0
7ffa1f5c0000-7ffa1f5d1000 r-xp 00000000 08:06 1056972                    /usr/lib/x86_64-linux-gnu/libXext.so.6.4.0
7ffa1f5d1000-7ffa1f7d0000 ---p 00011000 08:06 1056972                    /usr/lib/x86_64-linux-gnu/libXext.so.6.4.0
7ffa1f7d0000-7ffa1f7d1000 r--p 00010000 08:06 1056972                    /usr/lib/x86_64-linux-gnu/libXext.so.6.4.0
7ffa1f7d1000-7ffa1f7d2000 rw-p 00011000 08:06 1056972                    /usr/lib/x86_64-linux-gnu/libXext.so.6.4.0
7ffa1f7d2000-7ffa1f826000 r-xp 00000000 08:06 1065582                    /usr/lib/jvm/java-8-oracle/jre/lib/amd64/libawt_xawt.so
7ffa1f826000-7ffa1fa26000 ---p 00054000 08:06 1065582                    /usr/lib/jvm/java-8-oracle/jre/lib/amd64/libawt_xawt.so
7ffa1fa26000-7ffa1fa2a000 rw-p 00054000 08:06 1065582                    /usr/lib/jvm/java-8-oracle/jre/lib/amd64/libawt_xawt.so
7ffa1fa2a000-7ffa1fa2b000 rw-p 00000000 00:00 0 
7ffa1fa2b000-7ffa1facd000 r-xp 00000000 08:06 1065577                    /usr/lib/jvm/java-8-oracle/jre/lib/amd64/libawt.so
7ffa1facd000-7ffa1fccd000 ---p 000a2000 08:06 1065577                    /usr/lib/jvm/java-8-oracle/jre/lib/amd64/libawt.so
7ffa1fccd000-7ffa1fcd9000 rw-p 000a2000 08:06 1065577                    /usr/lib/jvm/java-8-oracle/jre/lib/amd64/libawt.so
7ffa1fcd9000-7ffa1fcfd000 rw-p 00000000 00:00 0 
7ffa1fcfd000-7ffa1fcfe000 ---p 00000000 00:00 0 
7ffa1fcfe000-7ffa1fdfe000 rw-p 00000000 00:00 0                          [stack:4708]
7ffa1fdfe000-7ffa1fe01000 ---p 00000000 00:00 0 
7ffa1fe01000-7ffa1feff000 rw-p 00000000 00:00 0                          [stack:4707]
7ffa1feff000-7ffa1ff02000 ---p 00000000 00:00 0 
7ffa1ff02000-7ffa20000000 rw-p 00000000 00:00 0                          [stack:4706]
7ffa20000000-7ffa20021000 rw-p 00000000 00:00 0 
7ffa20021000-7ffa24000000 ---p 00000000 00:00 0 
7ffa24000000-7ffa24870000 rw-p 00000000 00:00 0 
7ffa24870000-7ffa28000000 ---p 00000000 00:00 0 
7ffa28000000-7ffa28021000 rw-p 00000000 00:00 0 
7ffa28021000-7ffa2c000000 ---p 00000000 00:00 0 
7ffa2c000000-7ffa2c021000 rw-p 00000000 00:00 0 
7ffa2c021000-7ffa30000000 ---p 00000000 00:00 0 
7ffa30000000-7ffa30021000 rw-p 00000000 00:00 0 
7ffa30021000-7ffa34000000 ---p 00000000 00:00 0 
7ffa34000000-7ffa34031000 rw-p 00000000 00:00 0 
7ffa34031000-7ffa38000000 ---p 00000000 00:00 0 
7ffa38000000-7ffa38021000 rw-p 00000000 00:00 0 
7ffa38021000-7ffa3c000000 ---p 00000000 00:00 0 
7ffa3c000000-7ffa3c021000 rw-p 00000000 00:00 0 
7ffa3c021000-7ffa40000000 ---p 00000000 00:00 0 
7ffa40000000-7ffa40021000 rw-p 00000000 00:00 0 
7ffa40021000-7ffa44000000 ---p 00000000 00:00 0 
7ffa44000000-7ffa44008000 rw-s 00000000 00:05 67352                      /drm mm object (deleted)
7ffa44008000-7ffa44010000 rw-s 00000000 00:05 69977                      /drm mm object (deleted)
7ffa44010000-7ffa44011000 rwxp 00000000 00:00 0 
7ffa44011000-7ffa44012000 rw-s 11d63f000 00:06 9866                      /dev/dri/card0
7ffa44012000-7ffa4401a000 rw-s 00000000 00:05 67339                      /drm mm object (deleted)
7ffa4401a000-7ffa44022000 rw-s 00000000 00:05 67312                      /drm mm object (deleted)
7ffa44022000-7ffa44023000 r--s 0002f000 08:06 1342838                    /home/partsaleva/Projects/Earthquakes/UCSDUnfoldingMaps/lib/jogl-all-natives-linux-amd64.jar
7ffa44023000-7ffa44026000 ---p 00000000 00:00 0 
7ffa44026000-7ffa44124000 rw-p 00000000 00:00 0                          [stack:4705]
7ffa44124000-7ffa44127000 ---p 00000000 00:00 0 
7ffa44127000-7ffa44225000 rw-p 00000000 00:00 0                          [stack:4704]
7ffa44225000-7ffa44228000 ---p 00000000 00:00 0 
7ffa44228000-7ffa44326000 rw-p 00000000 00:00 0                          [stack:4703]
7ffa44326000-7ffa44b39000 r--p 00000000 08:06 1054754                    /usr/lib/locale/locale-archive
7ffa44b39000-7ffa44b3c000 ---p 00000000 00:00 0 
7ffa44b3c000-7ffa44c3a000 rw-p 00000000 00:00 0                          [stack:4702]
7ffa44c3a000-7ffa44c3d000 ---p 00000000 00:00 0 
7ffa44c3d000-7ffa44d3b000 rw-p 00000000 00:00 0                          [stack:4699]
7ffa44d3b000-7ffa44d3c000 ---p 00000000 00:00 0 
7ffa44d3c000-7ffa49000000 rw-p 00000000 00:00 0                          [stack:4697]
7ffa49000000-7ffa49790000 rwxp 00000000 00:00 0 
7ffa49790000-7ffa58000000 ---p 00000000 00:00 0 
7ffa58000000-7ffa58299000 rw-p 00000000 00:00 0 
7ffa58299000-7ffa5c000000 ---p 00000000 00:00 0 
7ffa5c000000-7ffa5c002000 r--s 00000000 08:06 1342844                    /home/partsaleva/Projects/Earthquakes/UCSDUnfoldingMaps/lib/gluegen-rt-natives-linux-amd64.jar
7ffa5c002000-7ffa5c005000 ---p 00000000 00:00 0 
7ffa5c005000-7ffa5c03b000 rw-p 00000000 00:00 0                          [stack:4721]
7ffa5c03b000-7ffa5c03c000 r--p 00000000 00:00 0 
7ffa5c03c000-7ffa5c06d000 rw-p 00000000 00:00 0 
7ffa5c06d000-7ffa5c090000 r--s 002ec000 08:06 1342831                    /home/partsaleva/Projects/Earthquakes/UCSDUnfoldingMaps/lib/jogl-all.jar
7ffa5c090000-7ffa5cc6e000 rw-p 00000000 00:00 0 
7ffa5cc6e000-7ffa5ce47000 r--s 03d20000 08:06 1065592                    /usr/lib/jvm/java-8-oracle/jre/lib/rt.jar
7ffa5ce47000-7ffa5da99000 rw-p 00000000 00:00 0 
7ffa5da99000-7ffa5da9a000 ---p 00000000 00:00 0 
7ffa5da9a000-7ffa5db9a000 rw-p 00000000 00:00 0                          [stack:4695]
7ffa5db9a000-7ffa5db9b000 ---p 00000000 00:00 0 
7ffa5db9b000-7ffa5dc9b000 rw-p 00000000 00:00 0                          [stack:4694]
7ffa5dc9b000-7ffa5dc9c000 ---p 00000000 00:00 0 
7ffa5dc9c000-7ffa5dd9c000 rw-p 00000000 00:00 0                          [stack:4693]
7ffa5dd9c000-7ffa5dd9d000 ---p 00000000 00:00 0 
7ffa5dd9d000-7ffa5dec7000 rw-p 00000000 00:00 0                          [stack:4692]
7ffa5dec7000-7ffa5e130000 ---p 00000000 00:00 0 
7ffa5e130000-7ffa5e15a000 rw-p 00000000 00:00 0 
7ffa5e15a000-7ffa5e3c2000 ---p 00000000 00:00 0 
7ffa5e3c2000-7ffa5e3df000 rw-p 00000000 00:00 0 
7ffa5e3df000-7ffa5e50c000 ---p 00000000 00:00 0 
7ffa5e50c000-7ffa5e52c000 rw-p 00000000 00:00 0 
7ffa5e52c000-7ffa5e8cd000 ---p 00000000 00:00 0 
7ffa5e8cd000-7ffa5e8e7000 r-xp 00000000 08:06 1065533                    /usr/lib/jvm/java-8-oracle/jre/lib/amd64/libzip.so
7ffa5e8e7000-7ffa5eae7000 ---p 0001a000 08:06 1065533                    /usr/lib/jvm/java-8-oracle/jre/lib/amd64/libzip.so
7ffa5eae7000-7ffa5eae8000 rw-p 0001a000 08:06 1065533                    /usr/lib/jvm/java-8-oracle/jre/lib/amd64/libzip.so
7ffa5eae8000-7ffa5eaf3000 r-xp 00000000 08:06 528115                     /lib/x86_64-linux-gnu/libnss_files-2.19.so
7ffa5eaf3000-7ffa5ecf2000 ---p 0000b000 08:06 528115                     /lib/x86_64-linux-gnu/libnss_files-2.19.so
7ffa5ecf2000-7ffa5ecf3000 r--p 0000a000 08:06 528115                     /lib/x86_64-linux-gnu/libnss_files-2.19.so
7ffa5ecf3000-7ffa5ecf4000 rw-p 0000b000 08:06 528115                     /lib/x86_64-linux-gnu/libnss_files-2.19.so
7ffa5ecf4000-7ffa5ecff000 r-xp 00000000 08:06 528125                     /lib/x86_64-linux-gnu/libnss_nis-2.19.so
7ffa5ecff000-7ffa5eefe000 ---p 0000b000 08:06 528125                     /lib/x86_64-linux-gnu/libnss_nis-2.19.so
7ffa5eefe000-7ffa5eeff000 r--p 0000a000 08:06 528125                     /lib/x86_64-linux-gnu/libnss_nis-2.19.so
7ffa5eeff000-7ffa5ef00000 rw-p 0000b000 08:06 528125                     /lib/x86_64-linux-gnu/libnss_nis-2.19.so
7ffa5ef00000-7ffa5ef17000 r-xp 00000000 08:06 528109                     /lib/x86_64-linux-gnu/libnsl-2.19.so
7ffa5ef17000-7ffa5f116000 ---p 00017000 08:06 528109                     /lib/x86_64-linux-gnu/libnsl-2.19.so
7ffa5f116000-7ffa5f117000 r--p 00016000 08:06 528109                     /lib/x86_64-linux-gnu/libnsl-2.19.so
7ffa5f117000-7ffa5f118000 rw-p 00017000 08:06 528109                     /lib/x86_64-linux-gnu/libnsl-2.19.so
7ffa5f118000-7ffa5f11a000 rw-p 00000000 00:00 0 
7ffa5f11a000-7ffa5f123000 r-xp 00000000 08:06 528111                     /lib/x86_64-linux-gnu/libnss_compat-2.19.so
7ffa5f123000-7ffa5f322000 ---p 00009000 08:06 528111                     /lib/x86_64-linux-gnu/libnss_compat-2.19.so
7ffa5f322000-7ffa5f323000 r--p 00008000 08:06 528111                     /lib/x86_64-linux-gnu/libnss_compat-2.19.so
7ffa5f323000-7ffa5f324000 rw-p 00009000 08:06 528111                     /lib/x86_64-linux-gnu/libnss_compat-2.19.so
7ffa5f324000-7ffa5f34e000 r-xp 00000000 08:06 1065564                    /usr/lib/jvm/java-8-oracle/jre/lib/amd64/libjava.so
7ffa5f34e000-7ffa5f54e000 ---p 0002a000 08:06 1065564                    /usr/lib/jvm/java-8-oracle/jre/lib/amd64/libjava.so
7ffa5f54e000-7ffa5f550000 rw-p 0002a000 08:06 1065564                    /usr/lib/jvm/java-8-oracle/jre/lib/amd64/libjava.so
7ffa5f550000-7ffa5f55d000 r-xp 00000000 08:06 1065581                    /usr/lib/jvm/java-8-oracle/jre/lib/amd64/libverify.so
7ffa5f55d000-7ffa5f75d000 ---p 0000d000 08:06 1065581                    /usr/lib/jvm/java-8-oracle/jre/lib/amd64/libverify.so
7ffa5f75d000-7ffa5f75f000 rw-p 0000d000 08:06 1065581                    /usr/lib/jvm/java-8-oracle/jre/lib/amd64/libverify.so
7ffa5f75f000-7ffa5f766000 r-xp 00000000 08:06 528168                     /lib/x86_64-linux-gnu/librt-2.19.so
7ffa5f766000-7ffa5f965000 ---p 00007000 08:06 528168                     /lib/x86_64-linux-gnu/librt-2.19.so
7ffa5f965000-7ffa5f966000 r--p 00006000 08:06 528168                     /lib/x86_64-linux-gnu/librt-2.19.so
7ffa5f966000-7ffa5f967000 rw-p 00007000 08:06 528168                     /lib/x86_64-linux-gnu/librt-2.19.so
7ffa5f967000-7ffa5fa6c000 r-xp 00000000 08:06 528090                     /lib/x86_64-linux-gnu/libm-2.19.so
7ffa5fa6c000-7ffa5fc6b000 ---p 00105000 08:06 528090                     /lib/x86_64-linux-gnu/libm-2.19.so
7ffa5fc6b000-7ffa5fc6c000 r--p 00104000 08:06 528090                     /lib/x86_64-linux-gnu/libm-2.19.so
7ffa5fc6c000-7ffa5fc6d000 rw-p 00105000 08:06 528090                     /lib/x86_64-linux-gnu/libm-2.19.so
7ffa5fc6d000-7ffa6092b000 r-xp 00000000 08:06 1065551                    /usr/lib/jvm/java-8-oracle/jre/lib/amd64/server/libjvm.so
7ffa6092b000-7ffa60b2a000 ---p 00cbe000 08:06 1065551                    /usr/lib/jvm/java-8-oracle/jre/lib/amd64/server/libjvm.so
7ffa60b2a000-7ffa60c03000 rw-p 00cbd000 08:06 1065551                    /usr/lib/jvm/java-8-oracle/jre/lib/amd64/server/libjvm.so
7ffa60c03000-7ffa60c47000 rw-p 00000000 00:00 0 
7ffa60c47000-7ffa60e02000 r-xp 00000000 08:06 528040                     /lib/x86_64-linux-gnu/libc-2.19.so
7ffa60e02000-7ffa61001000 ---p 001bb000 08:06 528040                     /lib/x86_64-linux-gnu/libc-2.19.so
7ffa61001000-7ffa61005000 r--p 001ba000 08:06 528040                     /lib/x86_64-linux-gnu/libc-2.19.so
7ffa61005000-7ffa61007000 rw-p 001be000 08:06 528040                     /lib/x86_64-linux-gnu/libc-2.19.so
7ffa61007000-7ffa6100c000 rw-p 00000000 00:00 0 
7ffa6100c000-7ffa6100f000 r-xp 00000000 08:06 528057                     /lib/x86_64-linux-gnu/libdl-2.19.so
7ffa6100f000-7ffa6120e000 ---p 00003000 08:06 528057                     /lib/x86_64-linux-gnu/libdl-2.19.so
7ffa6120e000-7ffa6120f000 r--p 00002000 08:06 528057                     /lib/x86_64-linux-gnu/libdl-2.19.so
7ffa6120f000-7ffa61210000 rw-p 00003000 08:06 528057                     /lib/x86_64-linux-gnu/libdl-2.19.so
7ffa61210000-7ffa61225000 r-xp 00000000 08:06 1065960                    /usr/lib/jvm/java-8-oracle/lib/amd64/jli/libjli.so
7ffa61225000-7ffa61425000 ---p 00015000 08:06 1065960                    /usr/lib/jvm/java-8-oracle/lib/amd64/jli/libjli.so
7ffa61425000-7ffa61426000 rw-p 00015000 08:06 1065960                    /usr/lib/jvm/java-8-oracle/lib/amd64/jli/libjli.so
7ffa61426000-7ffa6143f000 r-xp 00000000 08:06 528160                     /lib/x86_64-linux-gnu/libpthread-2.19.so
7ffa6143f000-7ffa6163e000 ---p 00019000 08:06 528160                     /lib/x86_64-linux-gnu/libpthread-2.19.so
7ffa6163e000-7ffa6163f000 r--p 00018000 08:06 528160                     /lib/x86_64-linux-gnu/libpthread-2.19.so
7ffa6163f000-7ffa61640000 rw-p 00019000 08:06 528160                     /lib/x86_64-linux-gnu/libpthread-2.19.so
7ffa61640000-7ffa61644000 rw-p 00000000 00:00 0 
7ffa61644000-7ffa61667000 r-xp 00000000 08:06 528016                     /lib/x86_64-linux-gnu/ld-2.19.so
7ffa61667000-7ffa6166c000 r--s 00096000 08:06 1065485                    /usr/lib/jvm/java-8-oracle/jre/lib/jsse.jar
7ffa6166c000-7ffa61672000 r--s 00033000 08:06 1342843                    /home/partsaleva/Projects/Earthquakes/UCSDUnfoldingMaps/lib/unfolding.0.9.7-uscd.jar
7ffa61672000-7ffa61673000 r--s 00005000 08:06 1342841                    /home/partsaleva/Projects/Earthquakes/UCSDUnfoldingMaps/lib/libTUIO.jar
7ffa61673000-7ffa61674000 r--s 00007000 08:06 1342834                    /home/partsaleva/Projects/Earthquakes/UCSDUnfoldingMaps/lib/json4processing.jar
7ffa61674000-7ffa6167b000 r--s 00059000 08:06 1342836                    /home/partsaleva/Projects/Earthquakes/UCSDUnfoldingMaps/lib/log4j-1.2.15.jar
7ffa6167b000-7ffa61746000 rw-p 00000000 00:00 0 
7ffa61746000-7ffa61749000 ---p 00000000 00:00 0 
7ffa61749000-7ffa6184b000 rw-p 00000000 00:00 0                          [stack:4690]
7ffa6184b000-7ffa61850000 r--s 00309000 08:06 1342830                    /home/partsaleva/Projects/Earthquakes/UCSDUnfoldingMaps/lib/sqlite-jdbc-3.7.2.jar
7ffa61850000-7ffa61856000 r--s 00041000 08:06 1342829                    /home/partsaleva/Projects/Earthquakes/UCSDUnfoldingMaps/lib/gluegen-rt.jar
7ffa61856000-7ffa6185a000 r--s 0009a000 08:06 1342840                    /home/partsaleva/Projects/Earthquakes/UCSDUnfoldingMaps/lib/core.jar
7ffa6185a000-7ffa61862000 rw-s 00000000 08:06 927659                     /tmp/hsperfdata_partsaleva/4689
7ffa61862000-7ffa61863000 rw-p 00000000 00:00 0 
7ffa61863000-7ffa61864000 r--p 00000000 00:00 0 
7ffa61864000-7ffa61866000 rw-p 00000000 00:00 0 
7ffa61866000-7ffa61867000 r--p 00022000 08:06 528016                     /lib/x86_64-linux-gnu/ld-2.19.so
7ffa61867000-7ffa61868000 rw-p 00023000 08:06 528016                     /lib/x86_64-linux-gnu/ld-2.19.so
7ffa61868000-7ffa61869000 rw-p 00000000 00:00 0 
7fff8821c000-7fff8823d000 rw-p 00000000 00:00 0                          [stack]
7fff883b9000-7fff883bb000 r--p 00000000 00:00 0                          [vvar]
7fff883bb000-7fff883bd000 r-xp 00000000 00:00 0                          [vdso]
ffffffffff600000-ffffffffff601000 r-xp 00000000 00:00 0                  [vsyscall]

VM Arguments:
jvm_args: -Djava.security.policy=java.policy.applet -Dfile.encoding=UTF-8 
java_command: sun.applet.AppletViewer module1.HelloWorld1450088539615.html
java_class_path (initial): /home/partsaleva/Projects/Earthquakes/UCSDUnfoldingMaps/build:/home/partsaleva/Projects/Earthquakes/UCSDUnfoldingMaps/lib/core.jar:/home/partsaleva/Projects/Earthquakes/UCSDUnfoldingMaps/lib/gluegen-rt.jar:/home/partsaleva/Projects/Earthquakes/UCSDUnfoldingMaps/lib/jogl-all.jar:/home/partsaleva/Projects/Earthquakes/UCSDUnfoldingMaps/lib/log4j-1.2.15.jar:/home/partsaleva/Projects/Earthquakes/UCSDUnfoldingMaps/lib/sqlite-jdbc-3.7.2.jar:/home/partsaleva/Projects/Earthquakes/UCSDUnfoldingMaps/lib/json4processing.jar:/home/partsaleva/Projects/Earthquakes/UCSDUnfoldingMaps/lib/libTUIO.jar:/home/partsaleva/Projects/Earthquakes/UCSDUnfoldingMaps/lib/unfolding.0.9.7-uscd.jar
Launcher Type: SUN_STANDARD

Environment Variables:
PATH=/usr/local/sbin:/usr/local/bin:/usr/sbin:/usr/bin:/sbin:/bin:/usr/games:/usr/local/games
SHELL=/bin/bash
DISPLAY=:0.0

Signal Handlers:
SIGSEGV: [libjvm.so+0xaba2a0], sa_mask[0]=11111111011111111101111111111110, sa_flags=SA_RESTART|SA_SIGINFO
SIGBUS: [libjvm.so+0xaba2a0], sa_mask[0]=11111111011111111101111111111110, sa_flags=SA_RESTART|SA_SIGINFO
SIGFPE: [libjvm.so+0x917710], sa_mask[0]=11111111011111111101111111111110, sa_flags=SA_RESTART|SA_SIGINFO
SIGPIPE: [libjvm.so+0x917710], sa_mask[0]=11111111011111111101111111111110, sa_flags=SA_RESTART|SA_SIGINFO
SIGXFSZ: [libjvm.so+0x917710], sa_mask[0]=11111111011111111101111111111110, sa_flags=SA_RESTART|SA_SIGINFO
SIGILL: [libjvm.so+0x917710], sa_mask[0]=11111111011111111101111111111110, sa_flags=SA_RESTART|SA_SIGINFO
SIGUSR1: SIG_DFL, sa_mask[0]=00000000000000000000000000000000, sa_flags=none
SIGUSR2: [libjvm.so+0x918d40], sa_mask[0]=00100000000000000000000000000000, sa_flags=SA_RESTART|SA_SIGINFO
SIGHUP: [libjvm.so+0x91a140], sa_mask[0]=11111111011111111101111111111110, sa_flags=SA_RESTART|SA_SIGINFO
SIGINT: [libjvm.so+0x91a140], sa_mask[0]=11111111011111111101111111111110, sa_flags=SA_RESTART|SA_SIGINFO
SIGTERM: [libjvm.so+0x91a140], sa_mask[0]=11111111011111111101111111111110, sa_flags=SA_RESTART|SA_SIGINFO
SIGQUIT: [libjvm.so+0x91a140], sa_mask[0]=11111111011111111101111111111110, sa_flags=SA_RESTART|SA_SIGINFO


---------------  S Y S T E M  ---------------

OS:DISTRIB_ID=Ubuntu
DISTRIB_RELEASE=14.04
DISTRIB_CODENAME=trusty
DISTRIB_DESCRIPTION="Ubuntu 14.04.3 LTS"

uname:Linux 3.19.0-39-generic #44~14.04.1-Ubuntu SMP Wed Dec 2 10:00:35 UTC 2015 x86_64
libc:glibc 2.19 NPTL 2.19 
rlimit: STACK 8192k, CORE 0k, NPROC 31292, NOFILE 4096, AS infinity
load average:0,83 0,58 0,52

/proc/meminfo:
MemTotal:        8087704 kB
MemFree:         2934584 kB
MemAvailable:    3620052 kB
Buffers:           84960 kB
Cached:          3232912 kB
SwapCached:            0 kB
Active:          1973828 kB
Inactive:        2965852 kB
Active(anon):    1626476 kB
Inactive(anon):  2482628 kB
Active(file):     347352 kB
Inactive(file):   483224 kB
Unevictable:         132 kB
Mlocked:             132 kB
SwapTotal:       8000508 kB
SwapFree:        8000508 kB
Dirty:               144 kB
Writeback:             0 kB
AnonPages:       1622012 kB
Mapped:           488336 kB
Shmem:           2487300 kB
Slab:              83044 kB
SReclaimable:      47656 kB
SUnreclaim:        35388 kB
KernelStack:        9584 kB
PageTables:        41292 kB
NFS_Unstable:          0 kB
Bounce:                0 kB
WritebackTmp:          0 kB
CommitLimit:    12044360 kB
Committed_AS:    8413480 kB
VmallocTotal:   34359738367 kB
VmallocUsed:      561580 kB
VmallocChunk:   34359140476 kB
HardwareCorrupted:     0 kB
AnonHugePages:    589824 kB
CmaTotal:              0 kB
CmaFree:               0 kB
HugePages_Total:       0
HugePages_Free:        0
HugePages_Rsvd:        0
HugePages_Surp:        0
Hugepagesize:       2048 kB
DirectMap4k:      158032 kB
DirectMap2M:     8142848 kB
DirectMap1G:     1048576 kB


CPU:total 4 (2 cores per cpu, 2 threads per core) family 6 model 61 stepping 4, cmov, cx8, fxsr, mmx, sse, sse2, sse3, ssse3, sse4.1, sse4.2, popcnt, avx, avx2, aes, clmul, erms, 3dnowpref, lzcnt, ht, tsc, tscinvbit, bmi1, bmi2, adx

/proc/cpuinfo:
processor	: 0
vendor_id	: GenuineIntel
cpu family	: 6
model		: 61
model name	: Intel(R) Core(TM) i5-5200U CPU @ 2.20GHz
stepping	: 4
microcode	: 0x21
cpu MHz		: 2643.695
cache size	: 3072 KB
physical id	: 0
siblings	: 4
core id		: 0
cpu cores	: 2
apicid		: 0
initial apicid	: 0
fpu		: yes
fpu_exception	: yes
cpuid level	: 20
wp		: yes
flags		: fpu vme de pse tsc msr pae mce cx8 apic sep mtrr pge mca cmov pat pse36 clflush dts acpi mmx fxsr sse sse2 ss ht tm pbe syscall nx pdpe1gb rdtscp lm constant_tsc arch_perfmon pebs bts rep_good nopl xtopology nonstop_tsc aperfmperf eagerfpu pni pclmulqdq dtes64 monitor ds_cpl vmx est tm2 ssse3 fma cx16 xtpr pdcm pcid sse4_1 sse4_2 x2apic movbe popcnt tsc_deadline_timer aes xsave avx f16c rdrand lahf_lm abm 3dnowprefetch ida arat epb pln pts dtherm tpr_shadow vnmi flexpriority ept vpid fsgsbase tsc_adjust bmi1 avx2 smep bmi2 erms invpcid rdseed adx smap xsaveopt
bugs		:
bogomips	: 4389.78
clflush size	: 64
cache_alignment	: 64
address sizes	: 39 bits physical, 48 bits virtual
power management:

processor	: 1
vendor_id	: GenuineIntel
cpu family	: 6
model		: 61
model name	: Intel(R) Core(TM) i5-5200U CPU @ 2.20GHz
stepping	: 4
microcode	: 0x21
cpu MHz		: 2611.898
cache size	: 3072 KB
physical id	: 0
siblings	: 4
core id		: 1
cpu cores	: 2
apicid		: 2
initial apicid	: 2
fpu		: yes
fpu_exception	: yes
cpuid level	: 20
wp		: yes
flags		: fpu vme de pse tsc msr pae mce cx8 apic sep mtrr pge mca cmov pat pse36 clflush dts acpi mmx fxsr sse sse2 ss ht tm pbe syscall nx pdpe1gb rdtscp lm constant_tsc arch_perfmon pebs bts rep_good nopl xtopology nonstop_tsc aperfmperf eagerfpu pni pclmulqdq dtes64 monitor ds_cpl vmx est tm2 ssse3 fma cx16 xtpr pdcm pcid sse4_1 sse4_2 x2apic movbe popcnt tsc_deadline_timer aes xsave avx f16c rdrand lahf_lm abm 3dnowprefetch ida arat epb pln pts dtherm tpr_shadow vnmi flexpriority ept vpid fsgsbase tsc_adjust bmi1 avx2 smep bmi2 erms invpcid rdseed adx smap xsaveopt
bugs		:
bogomips	: 4389.78
clflush size	: 64
cache_alignment	: 64
address sizes	: 39 bits physical, 48 bits virtual
power management:

processor	: 2
vendor_id	: GenuineIntel
cpu family	: 6
model		: 61
model name	: Intel(R) Core(TM) i5-5200U CPU @ 2.20GHz
stepping	: 4
microcode	: 0x21
cpu MHz		: 2604.250
cache size	: 3072 KB
physical id	: 0
siblings	: 4
core id		: 0
cpu cores	: 2
apicid		: 1
initial apicid	: 1
fpu		: yes
fpu_exception	: yes
cpuid level	: 20
wp		: yes
flags		: fpu vme de pse tsc msr pae mce cx8 apic sep mtrr pge mca cmov pat pse36 clflush dts acpi mmx fxsr sse sse2 ss ht tm pbe syscall nx pdpe1gb rdtscp lm constant_tsc arch_perfmon pebs bts rep_good nopl xtopology nonstop_tsc aperfmperf eagerfpu pni pclmulqdq dtes64 monitor ds_cpl vmx est tm2 ssse3 fma cx16 xtpr pdcm pcid sse4_1 sse4_2 x2apic movbe popcnt tsc_deadline_timer aes xsave avx f16c rdrand lahf_lm abm 3dnowprefetch ida arat epb pln pts dtherm tpr_shadow vnmi flexpriority ept vpid fsgsbase tsc_adjust bmi1 avx2 smep bmi2 erms invpcid rdseed adx smap xsaveopt
bugs		:
bogomips	: 4389.78
clflush size	: 64
cache_alignment	: 64
address sizes	: 39 bits physical, 48 bits virtual
power management:

processor	: 3
vendor_id	: GenuineIntel
cpu family	: 6
model		: 61
model name	: Intel(R) Core(TM) i5-5200U CPU @ 2.20GHz
stepping	: 4
microcode	: 0x21
cpu MHz		: 2554.578
cache size	: 3072 KB
physical id	: 0
siblings	: 4
core id		: 1
cpu cores	: 2
apicid		: 3
initial apicid	: 3
fpu		: yes
fpu_exception	: yes
cpuid level	: 20
wp		: yes
flags		: fpu vme de pse tsc msr pae mce cx8 apic sep mtrr pge mca cmov pat pse36 clflush dts acpi mmx fxsr sse sse2 ss ht tm pbe syscall nx pdpe1gb rdtscp lm constant_tsc arch_perfmon pebs bts rep_good nopl xtopology nonstop_tsc aperfmperf eagerfpu pni pclmulqdq dtes64 monitor ds_cpl vmx est tm2 ssse3 fma cx16 xtpr pdcm pcid sse4_1 sse4_2 x2apic movbe popcnt tsc_deadline_timer aes xsave avx f16c rdrand lahf_lm abm 3dnowprefetch ida arat epb pln pts dtherm tpr_shadow vnmi flexpriority ept vpid fsgsbase tsc_adjust bmi1 avx2 smep bmi2 erms invpcid rdseed adx smap xsaveopt
bugs		:
bogomips	: 4389.78
clflush size	: 64
cache_alignment	: 64
address sizes	: 39 bits physical, 48 bits virtual
power management:



Memory: 4k page, physical 8087704k(2934584k free), swap 8000508k(8000508k free)

vm_info: Java HotSpot(TM) 64-Bit Server VM (25.66-b17) for linux-amd64 JRE (1.8.0_66-b17), built on Oct  6 2015 17:28:34 by "java_re" with gcc 4.3.0 20080428 (Red Hat 4.3.0-8)

time: Mon Dec 14 12:22:38 2015
elapsed time: 18 seconds (0d 0h 0m 18s)

