#
# A fatal error has been detected by the Java Runtime Environment:
#
#  SIGSEGV (0xb) at pc=0x00007f2abbc47040, pid=5798, tid=139822930061056
#
# JRE version: Java(TM) SE Runtime Environment (8.0_66-b17) (build 1.8.0_66-b17)
# Java VM: Java HotSpot(TM) 64-Bit Server VM (25.66-b17 mixed mode linux-amd64 compressed oops)
# Problematic frame:
# C  [i965_dri.so+0x3ca040]
#
# Failed to write core dump. Core dumps have been disabled. To enable core dumping, try "ulimit -c unlimited" before starting Java again
#
# If you would like to submit a bug report, please visit:
#   http://bugreport.java.com/bugreport/crash.jsp
# The crash happened outside the Java Virtual Machine in native code.
# See problematic frame for where to report the bug.
#

---------------  T H R E A D  ---------------

Current thread (0x00007f2ad4003000):  JavaThread "AWT-EventQueue-1" [_thread_in_native, id=5825, stack(0x00007f2b1003e000,0x00007f2b1013f000)]

siginfo: si_signo: 11 (SIGSEGV), si_code: 1 (SEGV_MAPERR), si_addr: 0x000000000000c548

Registers:
RAX=0x00007f2abbc47030, RBX=0x000000000000c000, RCX=0x0000000000000000, RDX=0x0000000000000001
RSP=0x00007f2b1013c4d0, RBP=0x00007f2ac480ddb0, RSI=0x00007f2ad0fc9bb0, RDI=0x0000000100000000
R8 =0x0000000000000000, R9 =0x00007f2acab9cfc0, R10=0x00007f2b216ebf47, R11=0x0000000084a32040
R12=0x00007f2ac47fec90, R13=0x0000000000000000, R14=0x00007f2ac4922280, R15=0x0000000000000000
RIP=0x00007f2abbc47040, EFLAGS=0x0000000000010206, CSGSFS=0x0000000000000033, ERR=0x0000000000000004
  TRAPNO=0x000000000000000e

Top of Stack: (sp=0x00007f2b1013c4d0)
0x00007f2b1013c4d0:   00007f2b1013c5c0 0000000000000000
0x00007f2b1013c4e0:   00007f2ad0fc9ad0 00007f2ac480ddb0
0x00007f2b1013c4f0:   00007f2ac47fec90 00007f2acab9d04e
0x00007f2b1013c500:   00007f2b1013c538 00007f2acadea660
0x00007f2b1013c510:   00007f2ac40abdc0 00007f2a00000000
0x00007f2b1013c520:   0000000000000000 0000000000000000
0x00007f2b1013c530:   0000000000000000 00007f2ad0fc9ad0
0x00007f2b1013c540:   0000000004a0004d 00007f2acab76ab0
0x00007f2b1013c550:   00007f2b1013c5c0 0000000000000000
0x00007f2b1013c560:   0000000000000001 00007f2b1013c600
0x00007f2b1013c570:   00007f2ad4003000 00007f2ac92b1849
0x00007f2b1013c580:   00007f2b1013c868 00007f2acab76ab0
0x00007f2b1013c590:   0000000004a0004d 00007f2ac40abdc0
0x00007f2b1013c5a0:   00007f2b1013c600 00007f2ad40031f8
0x00007f2b1013c5b0:   00007f2b1013c610 00007f2acab76ab0
0x00007f2b1013c5c0:   00007f2b1013c610 00007f2b216ebfbd
0x00007f2b1013c5d0:   00000000d817a240 00000000d817a290
0x00007f2b1013c5e0:   00000000d817a280 0000000000000003
0x00007f2b1013c5f0:   00000000d817a2a0 00000000d817a2f0
0x00007f2b1013c600:   0000000084a1cff0 00000000d817a300
0x00007f2b1013c610:   00007f2b1013c868 00007f2b216eb0d4
0x00007f2b1013c620:   00007f2b34ee9000 00000000d8f32070
0x00007f2b1013c630:   00000000d817a3e8 00007f2b1013c820
0x00007f2b1013c640:   0000000000000021 00007f2b210210c3
0x00007f2b1013c650:   00007f2b1013c868 00007f2b215b5374
0x00007f2b1013c660:   00007f2b1013c868 00007f2b1013c820
0x00007f2b1013c670:   00007f2b1013c820 00007f2b210210c3
0x00007f2b1013c680:   00007f2b210055d0 00007f2a00000000
0x00007f2b1013c690:   00007f2b1013c868 00007f2b1013c820
0x00007f2b1013c6a0:   00007f2b1013c820 00007f2b210210c3
0x00007f2b1013c6b0:   00007f2b210055d0 00000000d8f31c40
0x00007f2b1013c6c0:   00007f2b00000001 00007f2b1013c820 

Instructions: (pc=0x00007f2abbc47040)
0x00007f2abbc47020:   48 83 c4 10 5b 5d 41 5c c3 0f 1f 80 00 00 00 00
0x00007f2abbc47030:   41 54 55 53 48 83 ec 10 48 8b 1f 48 85 db 74 3d
0x00007f2abbc47040:   f6 83 48 05 00 00 01 49 89 f4 89 cd 75 72 83 e2
0x00007f2abbc47050:   01 75 5d 83 e5 fd 74 38 48 8d 35 71 24 0f 00 ba 

Register to memory mapping:

RAX=0x00007f2abbc47030: <offset 0x3ca030> in /usr/lib/x86_64-linux-gnu/dri/i965_dri.so at 0x00007f2abb87d000
RBX=0x000000000000c000 is an unknown value
RCX=0x0000000000000000 is an unknown value
RDX=0x0000000000000001 is an unknown value
RSP=0x00007f2b1013c4d0 is pointing into the stack for thread: 0x00007f2ad4003000
RBP=0x00007f2ac480ddb0 is an unknown value
RSI=0x00007f2ad0fc9bb0 is an unknown value
RDI=0x0000000100000000 is pointing into metadata
R8 =0x0000000000000000 is an unknown value
R9 =0x00007f2acab9cfc0: <offset 0x42fc0> in /usr/lib/x86_64-linux-gnu/mesa/libGL.so.1 at 0x00007f2acab5a000
R10=0x00007f2b216ebf47 is at entry_point+71 in (nmethod*)0x00007f2b216ebd90
R11=0x0000000084a32040 is an oop
com.jogamp.common.os.MachineDescription$StaticConfig 
 - klass: 'com/jogamp/common/os/MachineDescription$StaticConfig'
R12=0x00007f2ac47fec90 is an unknown value
R13=0x0000000000000000 is an unknown value
R14=0x00007f2ac4922280 is an unknown value
R15=0x0000000000000000 is an unknown value


Stack: [0x00007f2b1003e000,0x00007f2b1013f000],  sp=0x00007f2b1013c4d0,  free space=1017k
Native frames: (J=compiled Java code, j=interpreted, Vv=VM code, C=native code)
C  [i965_dri.so+0x3ca040]

Java frames: (J=compiled Java code, j=interpreted, Vv=VM code)
J 1978  jogamp.opengl.x11.glx.GLX.dispatch_glXSwapBuffers0(JJJ)V (0 bytes) @ 0x00007f2b216ebf47 [0x00007f2b216ebf00+0x47]
J 1977 C1 jogamp.opengl.x11.glx.GLX.glXSwapBuffers(JJ)V (45 bytes) @ 0x00007f2b216eb0d4 [0x00007f2b216ea720+0x9b4]
J 1965 C1 jogamp.opengl.x11.glx.X11GLXDrawable.swapBuffersImpl(Z)V (21 bytes) @ 0x00007f2b216e5c04 [0x00007f2b216e5960+0x2a4]
J 1964 C1 jogamp.opengl.GLDrawableImpl.swapBuffers()V (138 bytes) @ 0x00007f2b216e4594 [0x00007f2b216e3ee0+0x6b4]
j  javax.media.opengl.awt.GLCanvas$12.run()V+45
J 1679 C1 java.awt.event.InvocationEvent.dispatch()V (69 bytes) @ 0x00007f2b215f000c [0x00007f2b215efec0+0x14c]
J 1807 C1 java.awt.EventQueue.dispatchEventImpl(Ljava/awt/AWTEvent;Ljava/lang/Object;)V (149 bytes) @ 0x00007f2b2166853c [0x00007f2b216669c0+0x1b7c]
J 1805 C1 java.awt.EventQueue$3.run()Ljava/lang/Void; (60 bytes) @ 0x00007f2b21656dc4 [0x00007f2b21656bc0+0x204]
J 1804 C1 java.awt.EventQueue$3.run()Ljava/lang/Object; (5 bytes) @ 0x00007f2b2165290c [0x00007f2b21652880+0x8c]
v  ~StubRoutines::call_stub
J 580  java.security.AccessController.doPrivileged(Ljava/security/PrivilegedAction;Ljava/security/AccessControlContext;)Ljava/lang/Object; (0 bytes) @ 0x00007f2b212819a3 [0x00007f2b21281940+0x63]
J 1644 C1 java.awt.EventQueue.dispatchEvent(Ljava/awt/AWTEvent;)V (80 bytes) @ 0x00007f2b215d5d84 [0x00007f2b215d5400+0x984]
J 1647 C1 java.awt.EventDispatchThread.pumpOneEventForFilters(I)V (295 bytes) @ 0x00007f2b215d9054 [0x00007f2b215d7500+0x1b54]
j  java.awt.EventDispatchThread.pumpEventsForFilter(ILjava/awt/Conditional;Ljava/awt/EventFilter;)V+35
j  java.awt.EventDispatchThread.pumpEventsForHierarchy(ILjava/awt/Conditional;Ljava/awt/Component;)V+11
j  java.awt.EventDispatchThread.pumpEvents(ILjava/awt/Conditional;)V+4
j  java.awt.EventDispatchThread.pumpEvents(Ljava/awt/Conditional;)V+3
j  java.awt.EventDispatchThread.run()V+9
v  ~StubRoutines::call_stub

---------------  P R O C E S S  ---------------

Java Threads: ( => current thread )
  0x00007f2ad1f3f800 JavaThread "Thread-28" [_thread_blocked, id=5870, stack(0x00007f2ab89ab000,0x00007f2ab8aac000)]
  0x00007f2ac40e1000 JavaThread "Animation Thread-SharedResourceRunner" daemon [_thread_blocked, id=5836, stack(0x00007f2acbbfe000,0x00007f2acbcff000)]
  0x00007f2ac4062000 JavaThread "process reaper" daemon [_thread_blocked, id=5830, stack(0x00007f2b1019e000,0x00007f2b101d7000)]
  0x00007f2ad400c800 JavaThread "Animation Thread" [_thread_blocked, id=5826, stack(0x00007f2acbeff000,0x00007f2acc000000)]
=>0x00007f2ad4003000 JavaThread "AWT-EventQueue-1" [_thread_in_native, id=5825, stack(0x00007f2b1003e000,0x00007f2b1013f000)]
  0x00007f2b3000a000 JavaThread "DestroyJavaVM" [_thread_blocked, id=5800, stack(0x00007f2b38923000,0x00007f2b38a24000)]
  0x00007f2b302ab800 JavaThread "AWT-EventQueue-0" [_thread_blocked, id=5823, stack(0x00007f2b10a84000,0x00007f2b10b85000)]
  0x00007f2b302a5000 JavaThread "AWT-Shutdown" [_thread_blocked, id=5822, stack(0x00007f2b10b85000,0x00007f2b10c86000)]
  0x00007f2b30293800 JavaThread "thread applet-module1.HelloWorld.class" [_thread_blocked, id=5821, stack(0x00007f2b10c86000,0x00007f2b10d87000)]
  0x00007f2b30287000 JavaThread "AWT-XAWT" daemon [_thread_blocked, id=5819, stack(0x00007f2b10d87000,0x00007f2b10e88000)]
  0x00007f2b30260000 JavaThread "Java2D Disposer" daemon [_thread_blocked, id=5818, stack(0x00007f2b11298000,0x00007f2b11399000)]
  0x00007f2b300cb000 JavaThread "Service Thread" daemon [_thread_blocked, id=5816, stack(0x00007f2b12fe5000,0x00007f2b130e6000)]
  0x00007f2b300be800 JavaThread "C1 CompilerThread2" daemon [_thread_blocked, id=5815, stack(0x00007f2b130e6000,0x00007f2b131e7000)]
  0x00007f2b300bc800 JavaThread "C2 CompilerThread1" daemon [_thread_blocked, id=5814, stack(0x00007f2b131e7000,0x00007f2b132e8000)]
  0x00007f2b300b9800 JavaThread "C2 CompilerThread0" daemon [_thread_blocked, id=5813, stack(0x00007f2b132e8000,0x00007f2b133e9000)]
  0x00007f2b300b8000 JavaThread "Signal Dispatcher" daemon [_thread_blocked, id=5812, stack(0x00007f2b133e9000,0x00007f2b134ea000)]
  0x00007f2b3007f000 JavaThread "Finalizer" daemon [_thread_blocked, id=5811, stack(0x00007f2b13cfd000,0x00007f2b13dfe000)]
  0x00007f2b3007d000 JavaThread "Reference Handler" daemon [_thread_blocked, id=5810, stack(0x00007f2b13dfe000,0x00007f2b13eff000)]

Other Threads:
  0x00007f2b30078000 VMThread [stack: 0x00007f2b13eff000,0x00007f2b14000000] [id=5809]
  0x00007f2b300ce000 WatcherThread [stack: 0x00007f2b12ee4000,0x00007f2b12fe5000] [id=5817]

VM state:not at safepoint (normal execution)

VM Mutex/Monitor currently owned by a thread: None

Heap:
 PSYoungGen      total 36352K, used 26374K [0x00000000d6d80000, 0x00000000da400000, 0x0000000100000000)
  eden space 31232K, 68% used [0x00000000d6d80000,0x00000000d824c490,0x00000000d8c00000)
  from space 5120K, 99% used [0x00000000d8c80000,0x00000000d91754e0,0x00000000d9180000)
  to   space 12288K, 0% used [0x00000000d9800000,0x00000000d9800000,0x00000000da400000)
 ParOldGen       total 84992K, used 12819K [0x0000000084800000, 0x0000000089b00000, 0x00000000d6d80000)
  object space 84992K, 15% used [0x0000000084800000,0x0000000085484d70,0x0000000089b00000)
 Metaspace       used 19921K, capacity 20153K, committed 20480K, reserved 1067008K
  class space    used 1880K, capacity 1956K, committed 2048K, reserved 1048576K

Card table byte_map: [0x00007f2b3530d000,0x00007f2b356ea000] byte_map_base: 0x00007f2b34ee9000

Marking Bits: (ParMarkBitMap*) 0x00007f2b37df9020
 Begin Bits: [0x00007f2b18240000, 0x00007f2b1a120000)
 End Bits:   [0x00007f2b1a120000, 0x00007f2b1c000000)

Polling page: 0x00007f2b38a40000

CodeCache: size=245760Kb used=7320Kb max_used=7332Kb free=238439Kb
 bounds [0x00007f2b21000000, 0x00007f2b21740000, 0x00007f2b30000000]
 total_blobs=3024 nmethods=2049 adapters=889
 compilation: enabled

Compilation events (10 events):
Event: 23,945 Thread 0x00007f2b300bc800 2045       4       sun.awt.SunToolkit::getSystemEventQueueImpl (4 bytes)
Event: 23,948 Thread 0x00007f2b300bc800 nmethod 2045 0x00007f2b2172c450 code [0x00007f2b2172c600, 0x00007f2b2172c8b0]
Event: 24,096 Thread 0x00007f2b300be800 2046       1       sun.awt.image.PixelConverter$Xrgb::rgbToPixel (2 bytes)
Event: 24,096 Thread 0x00007f2b300be800 nmethod 2046 0x00007f2b21729610 code [0x00007f2b21729760, 0x00007f2b21729870]
Event: 24,129 Thread 0x00007f2b300b9800 2047       4       com.jogamp.common.nio.StructAccessor::getIntAt (98 bytes)
Event: 24,130 Thread 0x00007f2b300b9800 nmethod 2047 0x00007f2b2172bf50 code [0x00007f2b2172c0c0, 0x00007f2b2172c238]
Event: 24,162 Thread 0x00007f2b300bc800 2048       4       java.lang.AbstractStringBuilder::append (191 bytes)
Event: 24,168 Thread 0x00007f2b300bc800 nmethod 2048 0x00007f2b2172db90 code [0x00007f2b2172dd00, 0x00007f2b2172e398]
Event: 24,195 Thread 0x00007f2b300be800 2049       1       java.awt.Component::isEnabledImpl (5 bytes)
Event: 24,195 Thread 0x00007f2b300be800 nmethod 2049 0x00007f2b2172bc90 code [0x00007f2b2172bde0, 0x00007f2b2172bef0]

GC Heap History (10 events):
Event: 1,237 GC heap before
{Heap before GC invocations=1 (full 0):
 PSYoungGen      total 36864K, used 31744K [0x00000000d6d80000, 0x00000000d9680000, 0x0000000100000000)
  eden space 31744K, 100% used [0x00000000d6d80000,0x00000000d8c80000,0x00000000d8c80000)
  from space 5120K, 0% used [0x00000000d9180000,0x00000000d9180000,0x00000000d9680000)
  to   space 5120K, 0% used [0x00000000d8c80000,0x00000000d8c80000,0x00000000d9180000)
 ParOldGen       total 84992K, used 0K [0x0000000084800000, 0x0000000089b00000, 0x00000000d6d80000)
  object space 84992K, 0% used [0x0000000084800000,0x0000000084800000,0x0000000089b00000)
 Metaspace       used 16461K, capacity 16725K, committed 17152K, reserved 1064960K
  class space    used 1596K, capacity 1694K, committed 1792K, reserved 1048576K
Event: 1,243 GC heap after
Heap after GC invocations=1 (full 0):
 PSYoungGen      total 36864K, used 4924K [0x00000000d6d80000, 0x00000000d9680000, 0x0000000100000000)
  eden space 31744K, 0% used [0x00000000d6d80000,0x00000000d6d80000,0x00000000d8c80000)
  from space 5120K, 96% used [0x00000000d8c80000,0x00000000d914f260,0x00000000d9180000)
  to   space 5120K, 0% used [0x00000000d9180000,0x00000000d9180000,0x00000000d9680000)
 ParOldGen       total 84992K, used 16K [0x0000000084800000, 0x0000000089b00000, 0x00000000d6d80000)
  object space 84992K, 0% used [0x0000000084800000,0x0000000084804000,0x0000000089b00000)
 Metaspace       used 16461K, capacity 16725K, committed 17152K, reserved 1064960K
  class space    used 1596K, capacity 1694K, committed 1792K, reserved 1048576K
}
Event: 2,136 GC heap before
{Heap before GC invocations=2 (full 0):
 PSYoungGen      total 36864K, used 36668K [0x00000000d6d80000, 0x00000000d9680000, 0x0000000100000000)
  eden space 31744K, 100% used [0x00000000d6d80000,0x00000000d8c80000,0x00000000d8c80000)
  from space 5120K, 96% used [0x00000000d8c80000,0x00000000d914f260,0x00000000d9180000)
  to   space 5120K, 0% used [0x00000000d9180000,0x00000000d9180000,0x00000000d9680000)
 ParOldGen       total 84992K, used 16K [0x0000000084800000, 0x0000000089b00000, 0x00000000d6d80000)
  object space 84992K, 0% used [0x0000000084800000,0x0000000084804000,0x0000000089b00000)
 Metaspace       used 19176K, capacity 19379K, committed 19712K, reserved 1067008K
  class space    used 1874K, capacity 1955K, committed 2048K, reserved 1048576K
Event: 2,148 GC heap after
Heap after GC invocations=2 (full 0):
 PSYoungGen      total 36864K, used 5107K [0x00000000d6d80000, 0x00000000d9680000, 0x0000000100000000)
  eden space 31744K, 0% used [0x00000000d6d80000,0x00000000d6d80000,0x00000000d8c80000)
  from space 5120K, 99% used [0x00000000d9180000,0x00000000d967ccd0,0x00000000d9680000)
  to   space 5120K, 0% used [0x00000000d8c80000,0x00000000d8c80000,0x00000000d9180000)
 ParOldGen       total 84992K, used 7144K [0x0000000084800000, 0x0000000089b00000, 0x00000000d6d80000)
  object space 84992K, 8% used [0x0000000084800000,0x0000000084efa2d8,0x0000000089b00000)
 Metaspace       used 19176K, capacity 19379K, committed 19712K, reserved 1067008K
  class space    used 1874K, capacity 1955K, committed 2048K, reserved 1048576K
}
Event: 2,821 GC heap before
{Heap before GC invocations=3 (full 0):
 PSYoungGen      total 36864K, used 36672K [0x00000000d6d80000, 0x00000000d9680000, 0x0000000100000000)
  eden space 31744K, 99% used [0x00000000d6d80000,0x00000000d8c533d8,0x00000000d8c80000)
  from space 5120K, 99% used [0x00000000d9180000,0x00000000d967ccd0,0x00000000d9680000)
  to   space 5120K, 0% used [0x00000000d8c80000,0x00000000d8c80000,0x00000000d9180000)
 ParOldGen       total 84992K, used 7400K [0x0000000084800000, 0x0000000089b00000, 0x00000000d6d80000)
  object space 84992K, 8% used [0x0000000084800000,0x0000000084f3a2e8,0x0000000089b00000)
 Metaspace       used 19370K, capacity 19635K, committed 19968K, reserved 1067008K
  class space    used 1874K, capacity 1955K, committed 2048K, reserved 1048576K
Event: 2,827 GC heap after
Heap after GC invocations=3 (full 0):
 PSYoungGen      total 36864K, used 5005K [0x00000000d6d80000, 0x00000000d9680000, 0x0000000100000000)
  eden space 31744K, 0% used [0x00000000d6d80000,0x00000000d6d80000,0x00000000d8c80000)
  from space 5120K, 97% used [0x00000000d8c80000,0x00000000d9163768,0x00000000d9180000)
  to   space 5120K, 0% used [0x00000000d9180000,0x00000000d9180000,0x00000000d9680000)
 ParOldGen       total 84992K, used 12521K [0x0000000084800000, 0x0000000089b00000, 0x00000000d6d80000)
  object space 84992K, 14% used [0x0000000084800000,0x000000008543a428,0x0000000089b00000)
 Metaspace       used 19370K, capacity 19635K, committed 19968K, reserved 1067008K
  class space    used 1874K, capacity 1955K, committed 2048K, reserved 1048576K
}
Event: 9,370 GC heap before
{Heap before GC invocations=4 (full 0):
 PSYoungGen      total 36864K, used 36749K [0x00000000d6d80000, 0x00000000d9680000, 0x0000000100000000)
  eden space 31744K, 100% used [0x00000000d6d80000,0x00000000d8c80000,0x00000000d8c80000)
  from space 5120K, 97% used [0x00000000d8c80000,0x00000000d9163768,0x00000000d9180000)
  to   space 5120K, 0% used [0x00000000d9180000,0x00000000d9180000,0x00000000d9680000)
 ParOldGen       total 84992K, used 12523K [0x0000000084800000, 0x0000000089b00000, 0x00000000d6d80000)
  object space 84992K, 14% used [0x0000000084800000,0x000000008543ad60,0x0000000089b00000)
 Metaspace       used 19746K, capacity 19961K, committed 20224K, reserved 1067008K
  class space    used 1875K, capacity 1956K, committed 2048K, reserved 1048576K
Event: 9,375 GC heap after
Heap after GC invocations=4 (full 0):
 PSYoungGen      total 36864K, used 5093K [0x00000000d6d80000, 0x00000000d9680000, 0x0000000100000000)
  eden space 31744K, 0% used [0x00000000d6d80000,0x00000000d6d80000,0x00000000d8c80000)
  from space 5120K, 99% used [0x00000000d9180000,0x00000000d96794f0,0x00000000d9680000)
  to   space 5120K, 0% used [0x00000000d8c80000,0x00000000d8c80000,0x00000000d9180000)
 ParOldGen       total 84992K, used 12819K [0x0000000084800000, 0x0000000089b00000, 0x00000000d6d80000)
  object space 84992K, 15% used [0x0000000084800000,0x0000000085484d70,0x0000000089b00000)
 Metaspace       used 19746K, capacity 19961K, committed 20224K, reserved 1067008K
  class space    used 1875K, capacity 1956K, committed 2048K, reserved 1048576K
}
Event: 18,261 GC heap before
{Heap before GC invocations=5 (full 0):
 PSYoungGen      total 36864K, used 36837K [0x00000000d6d80000, 0x00000000d9680000, 0x0000000100000000)
  eden space 31744K, 100% used [0x00000000d6d80000,0x00000000d8c80000,0x00000000d8c80000)
  from space 5120K, 99% used [0x00000000d9180000,0x00000000d96794f0,0x00000000d9680000)
  to   space 5120K, 0% used [0x00000000d8c80000,0x00000000d8c80000,0x00000000d9180000)
 ParOldGen       total 84992K, used 12819K [0x0000000084800000, 0x0000000089b00000, 0x00000000d6d80000)
  object space 84992K, 15% used [0x0000000084800000,0x0000000085484d70,0x0000000089b00000)
 Metaspace       used 19812K, capacity 20025K, committed 20480K, reserved 1067008K
  class space    used 1875K, capacity 1956K, committed 2048K, reserved 1048576K
Event: 18,266 GC heap after
Heap after GC invocations=5 (full 0):
 PSYoungGen      total 36352K, used 5077K [0x00000000d6d80000, 0x00000000da400000, 0x0000000100000000)
  eden space 31232K, 0% used [0x00000000d6d80000,0x00000000d6d80000,0x00000000d8c00000)
  from space 5120K, 99% used [0x00000000d8c80000,0x00000000d91754e0,0x00000000d9180000)
  to   space 12288K, 0% used [0x00000000d9800000,0x00000000d9800000,0x00000000da400000)
 ParOldGen       total 84992K, used 12819K [0x0000000084800000, 0x0000000089b00000, 0x00000000d6d80000)
  object space 84992K, 15% used [0x0000000084800000,0x0000000085484d70,0x0000000089b00000)
 Metaspace       used 19812K, capacity 20025K, committed 20480K, reserved 1067008K
  class space    used 1875K, capacity 1956K, committed 2048K, reserved 1048576K
}

Deoptimization events (4 events):
Event: 0,253 Thread 0x00007f2b3000a000 Uncommon trap: reason=null_check action=make_not_entrant pc=0x00007f2b21143244 method=java.lang.String.equals(Ljava/lang/Object;)Z @ 8
Event: 1,684 Thread 0x00007f2ad4003000 Uncommon trap: reason=unstable_if action=reinterpret pc=0x00007f2b21387be4 method=com.jogamp.common.util.IntIntHashMap.get(I)I @ 19
Event: 1,700 Thread 0x00007f2ad4003000 Uncommon trap: reason=unstable_if action=reinterpret pc=0x00007f2b211cf41c method=java.lang.AbstractStringBuilder.append(Ljava/lang/String;)Ljava/lang/AbstractStringBuilder; @ 1
Event: 20,945 Thread 0x00007f2ad4003000 Uncommon trap: reason=unstable_if action=reinterpret pc=0x00007f2b21709500 method=java.lang.reflect.Method.invoke(Ljava/lang/Object;[Ljava/lang/Object;)Ljava/lang/Object; @ 45

Internal exceptions (10 events):
Event: 1,746 Thread 0x00007f2ad4003000 Exception <a 'java/lang/reflect/InvocationTargetException'> (0x00000000d7a34288) thrown at [/HUDSON/workspace/8-2-build-linux-amd64/jdk8u66/4988/hotspot/src/share/vm/runtime/reflection.cpp, line 1092]
Event: 1,746 Thread 0x00007f2ad4003000 Exception <a 'java/lang/reflect/InvocationTargetException'> (0x00000000d7a34900) thrown at [/HUDSON/workspace/8-2-build-linux-amd64/jdk8u66/4988/hotspot/src/share/vm/runtime/reflection.cpp, line 1092]
Event: 1,807 Thread 0x00007f2ad4003000 Exception <a 'java/lang/reflect/InvocationTargetException'> (0x00000000d80e8558) thrown at [/HUDSON/workspace/8-2-build-linux-amd64/jdk8u66/4988/hotspot/src/share/vm/runtime/reflection.cpp, line 1092]
Event: 1,807 Thread 0x00007f2ad4003000 Exception <a 'java/lang/reflect/InvocationTargetException'> (0x00000000d80e8a20) thrown at [/HUDSON/workspace/8-2-build-linux-amd64/jdk8u66/4988/hotspot/src/share/vm/runtime/reflection.cpp, line 1092]
Event: 1,816 Thread 0x00007f2ad4003000 Exception <a 'java/lang/reflect/InvocationTargetException'> (0x00000000d8140078) thrown at [/HUDSON/workspace/8-2-build-linux-amd64/jdk8u66/4988/hotspot/src/share/vm/runtime/reflection.cpp, line 1092]
Event: 1,824 Thread 0x00007f2ad4003000 Exception <a 'java/lang/reflect/InvocationTargetException'> (0x00000000d8140560) thrown at [/HUDSON/workspace/8-2-build-linux-amd64/jdk8u66/4988/hotspot/src/share/vm/runtime/reflection.cpp, line 1092]
Event: 1,830 Thread 0x00007f2ad4003000 Exception <a 'java/lang/reflect/InvocationTargetException'> (0x00000000d8198280) thrown at [/HUDSON/workspace/8-2-build-linux-amd64/jdk8u66/4988/hotspot/src/share/vm/runtime/reflection.cpp, line 1092]
Event: 1,840 Thread 0x00007f2ad4003000 Exception <a 'java/lang/reflect/InvocationTargetException'> (0x00000000d8198768) thrown at [/HUDSON/workspace/8-2-build-linux-amd64/jdk8u66/4988/hotspot/src/share/vm/runtime/reflection.cpp, line 1092]
Event: 1,848 Thread 0x00007f2ad4003000 Exception <a 'java/lang/reflect/InvocationTargetException'> (0x00000000d81f2c90) thrown at [/HUDSON/workspace/8-2-build-linux-amd64/jdk8u66/4988/hotspot/src/share/vm/runtime/reflection.cpp, line 1092]
Event: 20,945 Thread 0x00007f2ad4003000 Implicit null exception at 0x00007f2b21709437 to 0x00007f2b217094e5

Events (10 events):
Event: 20,945 Thread 0x00007f2ad4003000 DEOPT UNPACKING pc=0x00007f2b21005229 sp=0x00007f2b1013c070 mode 2
Event: 24,195 loading class sun/applet/AppletViewer$3
Event: 24,195 loading class sun/applet/AppletViewer$3 done
Event: 24,195 Thread 0x00007f2ad1f3f800 Thread added: 0x00007f2ad1f3f800
Event: 24,195 loading class sun/applet/AppletPanel$4
Event: 24,195 loading class sun/applet/AppletPanel$4 done
Event: 24,195 loading class java/awt/KeyboardFocusManager$2
Event: 24,196 loading class java/awt/KeyboardFocusManager$2 done
Event: 24,196 loading class sun/awt/SunToolkit$1
Event: 24,196 loading class sun/awt/SunToolkit$1 done


Dynamic libraries:
00400000-00401000 r-xp 00000000 08:06 1065810                            /usr/lib/jvm/java-8-oracle/bin/java
00600000-00601000 rw-p 00000000 08:06 1065810                            /usr/lib/jvm/java-8-oracle/bin/java
01047000-01068000 rw-p 00000000 00:00 0                                  [heap]
84800000-89b00000 rw-p 00000000 00:00 0 
89b00000-d6d80000 ---p 00000000 00:00 0 
d6d80000-da400000 rw-p 00000000 00:00 0 
da400000-100000000 ---p 00000000 00:00 0 
100000000-100200000 rw-p 00000000 00:00 0 
100200000-140000000 ---p 00000000 00:00 0 
7f2a94000000-7f2a94021000 rw-p 00000000 00:00 0 
7f2a94021000-7f2a98000000 ---p 00000000 00:00 0 
7f2a9b820000-7f2a9b890000 rw-s 00000000 00:05 146844                     /drm mm object (deleted)
7f2a9b890000-7f2a9b900000 rw-s 00000000 00:05 146843                     /drm mm object (deleted)
7f2a9b900000-7f2a9b970000 rw-s 00000000 00:05 148837                     /drm mm object (deleted)
7f2a9b970000-7f2a9b9e0000 rw-s 00000000 00:05 148836                     /drm mm object (deleted)
7f2a9b9e0000-7f2a9ba50000 rw-s 00000000 00:05 148835                     /drm mm object (deleted)
7f2a9ba50000-7f2a9bac0000 rw-s 00000000 00:05 148834                     /drm mm object (deleted)
7f2a9bac0000-7f2a9bb30000 rw-s 00000000 00:05 148833                     /drm mm object (deleted)
7f2a9bb30000-7f2a9bba0000 rw-s 00000000 00:05 148030                     /drm mm object (deleted)
7f2a9bba0000-7f2a9bc10000 rw-s 00000000 00:05 148029                     /drm mm object (deleted)
7f2a9bc10000-7f2a9bc80000 rw-s 00000000 00:05 146842                     /drm mm object (deleted)
7f2a9bc80000-7f2a9bcf0000 rw-s 00000000 00:05 146841                     /drm mm object (deleted)
7f2a9bcf0000-7f2a9bd60000 rw-s 00000000 00:05 148028                     /drm mm object (deleted)
7f2a9bd60000-7f2a9bdd0000 rw-s 00000000 00:05 148027                     /drm mm object (deleted)
7f2a9bdd0000-7f2a9be40000 rw-s 00000000 00:05 149521                     /drm mm object (deleted)
7f2a9be40000-7f2a9beb0000 rw-s 00000000 00:05 146840                     /drm mm object (deleted)
7f2a9beb0000-7f2a9bf20000 rw-s 00000000 00:05 146839                     /drm mm object (deleted)
7f2a9bf20000-7f2a9bf90000 rw-s 00000000 00:05 146838                     /drm mm object (deleted)
7f2a9bf90000-7f2a9c000000 rw-s 00000000 00:05 146837                     /drm mm object (deleted)
7f2a9c000000-7f2a9c021000 rw-p 00000000 00:00 0 
7f2a9c021000-7f2aa0000000 ---p 00000000 00:00 0 
7f2aa0000000-7f2aa0021000 rw-p 00000000 00:00 0 
7f2aa0021000-7f2aa4000000 ---p 00000000 00:00 0 
7f2aa4000000-7f2aa4021000 rw-p 00000000 00:00 0 
7f2aa4021000-7f2aa8000000 ---p 00000000 00:00 0 
7f2aa8000000-7f2aa8021000 rw-p 00000000 00:00 0 
7f2aa8021000-7f2aac000000 ---p 00000000 00:00 0 
7f2aac000000-7f2aac021000 rw-p 00000000 00:00 0 
7f2aac021000-7f2ab0000000 ---p 00000000 00:00 0 
7f2ab0000000-7f2ab0021000 rw-p 00000000 00:00 0 
7f2ab0021000-7f2ab4000000 ---p 00000000 00:00 0 
7f2ab4000000-7f2ab4021000 rw-p 00000000 00:00 0 
7f2ab4021000-7f2ab8000000 ---p 00000000 00:00 0 
7f2ab805c000-7f2ab80cc000 rw-s 00000000 00:05 149520                     /drm mm object (deleted)
7f2ab80cc000-7f2ab813c000 rw-s 00000000 00:05 149519                     /drm mm object (deleted)
7f2ab813c000-7f2ab81ac000 rw-s 00000000 00:05 149518                     /drm mm object (deleted)
7f2ab81ac000-7f2ab821c000 rw-s 00000000 00:05 149517                     /drm mm object (deleted)
7f2ab821c000-7f2ab828c000 rw-s 00000000 00:05 148815                     /drm mm object (deleted)
7f2ab828c000-7f2ab82fc000 rw-s 00000000 00:05 148814                     /drm mm object (deleted)
7f2ab82fc000-7f2ab836c000 rw-s 00000000 00:05 148009                     /drm mm object (deleted)
7f2ab836c000-7f2ab836f000 ---p 00000000 00:00 0 
7f2ab836f000-7f2ab846d000 rw-p 00000000 00:00 0 
7f2ab846d000-7f2ab84a7000 r-xp 00000000 08:06 1065587                    /usr/lib/jvm/java-8-oracle/jre/lib/amd64/libjpeg.so
7f2ab84a7000-7f2ab86a7000 ---p 0003a000 08:06 1065587                    /usr/lib/jvm/java-8-oracle/jre/lib/amd64/libjpeg.so
7f2ab86a7000-7f2ab86a8000 rw-p 0003a000 08:06 1065587                    /usr/lib/jvm/java-8-oracle/jre/lib/amd64/libjpeg.so
7f2ab86a8000-7f2ab86ab000 ---p 00000000 00:00 0 
7f2ab86ab000-7f2ab87a9000 rw-p 00000000 00:00 0 
7f2ab87a9000-7f2ab87ac000 ---p 00000000 00:00 0 
7f2ab87ac000-7f2ab88aa000 rw-p 00000000 00:00 0 
7f2ab88aa000-7f2ab88ad000 ---p 00000000 00:00 0 
7f2ab88ad000-7f2ab89ab000 rw-p 00000000 00:00 0 
7f2ab89ab000-7f2ab89ae000 ---p 00000000 00:00 0 
7f2ab89ae000-7f2ab8aac000 rw-p 00000000 00:00 0                          [stack:5870]
7f2ab8aac000-7f2ab8b6c000 rw-s 00000000 00:05 146789                     /drm mm object (deleted)
7f2ab8b6c000-7f2ab8b83000 r-xp 00000000 08:06 528166                     /lib/x86_64-linux-gnu/libresolv-2.19.so
7f2ab8b83000-7f2ab8d83000 ---p 00017000 08:06 528166                     /lib/x86_64-linux-gnu/libresolv-2.19.so
7f2ab8d83000-7f2ab8d84000 r--p 00017000 08:06 528166                     /lib/x86_64-linux-gnu/libresolv-2.19.so
7f2ab8d84000-7f2ab8d85000 rw-p 00018000 08:06 528166                     /lib/x86_64-linux-gnu/libresolv-2.19.so
7f2ab8d85000-7f2ab8d87000 rw-p 00000000 00:00 0 
7f2ab8d87000-7f2ab8d8c000 r-xp 00000000 08:06 528113                     /lib/x86_64-linux-gnu/libnss_dns-2.19.so
7f2ab8d8c000-7f2ab8f8b000 ---p 00005000 08:06 528113                     /lib/x86_64-linux-gnu/libnss_dns-2.19.so
7f2ab8f8b000-7f2ab8f8c000 r--p 00004000 08:06 528113                     /lib/x86_64-linux-gnu/libnss_dns-2.19.so
7f2ab8f8c000-7f2ab8f8d000 rw-p 00005000 08:06 528113                     /lib/x86_64-linux-gnu/libnss_dns-2.19.so
7f2ab8f8d000-7f2ab8f8f000 r-xp 00000000 08:06 528121                     /lib/x86_64-linux-gnu/libnss_mdns4_minimal.so.2
7f2ab8f8f000-7f2ab918e000 ---p 00002000 08:06 528121                     /lib/x86_64-linux-gnu/libnss_mdns4_minimal.so.2
7f2ab918e000-7f2ab918f000 r--p 00001000 08:06 528121                     /lib/x86_64-linux-gnu/libnss_mdns4_minimal.so.2
7f2ab918f000-7f2ab9190000 rw-p 00002000 08:06 528121                     /lib/x86_64-linux-gnu/libnss_mdns4_minimal.so.2
7f2ab9190000-7f2ab9193000 ---p 00000000 00:00 0 
7f2ab9193000-7f2ab9291000 rw-p 00000000 00:00 0 
7f2ab9291000-7f2ab9294000 ---p 00000000 00:00 0 
7f2ab9294000-7f2ab9392000 rw-p 00000000 00:00 0 
7f2ab9392000-7f2ab9395000 ---p 00000000 00:00 0 
7f2ab9395000-7f2ab9493000 rw-p 00000000 00:00 0 
7f2ab9493000-7f2ab9496000 ---p 00000000 00:00 0 
7f2ab9496000-7f2ab9594000 rw-p 00000000 00:00 0 
7f2ab9594000-7f2ab9654000 rw-s 00000000 00:05 146430                     /drm mm object (deleted)
7f2ab9654000-7f2ab9854000 rw-s 00000000 00:05 148782                     /drm mm object (deleted)
7f2ab9854000-7f2ab9a54000 rw-s 00000000 00:05 148781                     /drm mm object (deleted)
7f2ab9a54000-7f2ab9c54000 rw-p 00000000 00:00 0 
7f2ab9c54000-7f2ab9c98000 r-xp 00000000 08:06 528054                     /lib/x86_64-linux-gnu/libdbus-1.so.3.7.6
7f2ab9c98000-7f2ab9e97000 ---p 00044000 08:06 528054                     /lib/x86_64-linux-gnu/libdbus-1.so.3.7.6
7f2ab9e97000-7f2ab9e98000 r--p 00043000 08:06 528054                     /lib/x86_64-linux-gnu/libdbus-1.so.3.7.6
7f2ab9e98000-7f2ab9e99000 rw-p 00044000 08:06 528054                     /lib/x86_64-linux-gnu/libdbus-1.so.3.7.6
7f2ab9e99000-7f2ab9ea1000 r-xp 00000000 08:06 528102                     /lib/x86_64-linux-gnu/libnih-dbus.so.1.0.0
7f2ab9ea1000-7f2aba0a1000 ---p 00008000 08:06 528102                     /lib/x86_64-linux-gnu/libnih-dbus.so.1.0.0
7f2aba0a1000-7f2aba0a2000 r--p 00008000 08:06 528102                     /lib/x86_64-linux-gnu/libnih-dbus.so.1.0.0
7f2aba0a2000-7f2aba0a3000 rw-p 00009000 08:06 528102                     /lib/x86_64-linux-gnu/libnih-dbus.so.1.0.0
7f2aba0a3000-7f2aba0ba000 r-xp 00000000 08:06 528104                     /lib/x86_64-linux-gnu/libnih.so.1.0.0
7f2aba0ba000-7f2aba2b9000 ---p 00017000 08:06 528104                     /lib/x86_64-linux-gnu/libnih.so.1.0.0
7f2aba2b9000-7f2aba2ba000 r--p 00016000 08:06 528104                     /lib/x86_64-linux-gnu/libnih.so.1.0.0
7f2aba2ba000-7f2aba2bb000 rw-p 00017000 08:06 528104                     /lib/x86_64-linux-gnu/libnih.so.1.0.0
7f2aba2bb000-7f2aba2d4000 r-xp 00000000 08:06 528061                     /lib/x86_64-linux-gnu/libcgmanager.so.0.0.0
7f2aba2d4000-7f2aba4d3000 ---p 00019000 08:06 528061                     /lib/x86_64-linux-gnu/libcgmanager.so.0.0.0
7f2aba4d3000-7f2aba4d5000 r--p 00018000 08:06 528061                     /lib/x86_64-linux-gnu/libcgmanager.so.0.0.0
7f2aba4d5000-7f2aba4d6000 rw-p 0001a000 08:06 528061                     /lib/x86_64-linux-gnu/libcgmanager.so.0.0.0
7f2aba4d6000-7f2aba4e6000 r-xp 00000000 08:06 527861                     /lib/x86_64-linux-gnu/libudev.so.1.3.5
7f2aba4e6000-7f2aba6e5000 ---p 00010000 08:06 527861                     /lib/x86_64-linux-gnu/libudev.so.1.3.5
7f2aba6e5000-7f2aba6e6000 r--p 0000f000 08:06 527861                     /lib/x86_64-linux-gnu/libudev.so.1.3.5
7f2aba6e6000-7f2aba6e7000 rw-p 00010000 08:06 527861                     /lib/x86_64-linux-gnu/libudev.so.1.3.5
7f2aba6e7000-7f2aba6e9000 r-xp 00000000 08:06 1056982                    /usr/lib/x86_64-linux-gnu/libXinerama.so.1.0.0
7f2aba6e9000-7f2aba8e8000 ---p 00002000 08:06 1056982                    /usr/lib/x86_64-linux-gnu/libXinerama.so.1.0.0
7f2aba8e8000-7f2aba8e9000 r--p 00001000 08:06 1056982                    /usr/lib/x86_64-linux-gnu/libXinerama.so.1.0.0
7f2aba8e9000-7f2aba8ea000 rw-p 00002000 08:06 1056982                    /usr/lib/x86_64-linux-gnu/libXinerama.so.1.0.0
7f2aba8ea000-7f2aba921000 r-xp 00000000 08:06 1057905                    /usr/lib/x86_64-linux-gnu/libtxc_dxtn_s2tc.so.0.0.0
7f2aba921000-7f2abab20000 ---p 00037000 08:06 1057905                    /usr/lib/x86_64-linux-gnu/libtxc_dxtn_s2tc.so.0.0.0
7f2abab20000-7f2abab21000 r--p 00036000 08:06 1057905                    /usr/lib/x86_64-linux-gnu/libtxc_dxtn_s2tc.so.0.0.0
7f2abab21000-7f2abab22000 rw-p 00037000 08:06 1057905                    /usr/lib/x86_64-linux-gnu/libtxc_dxtn_s2tc.so.0.0.0
7f2abab22000-7f2abab3a000 r-xp 00000000 08:06 528203                     /lib/x86_64-linux-gnu/libz.so.1.2.8
7f2abab3a000-7f2abad39000 ---p 00018000 08:06 528203                     /lib/x86_64-linux-gnu/libz.so.1.2.8
7f2abad39000-7f2abad3a000 r--p 00017000 08:06 528203                     /lib/x86_64-linux-gnu/libz.so.1.2.8
7f2abad3a000-7f2abad3b000 rw-p 00018000 08:06 528203                     /lib/x86_64-linux-gnu/libz.so.1.2.8
7f2abad3b000-7f2abad43000 r-xp 00000000 08:06 1057710                    /usr/lib/x86_64-linux-gnu/libpciaccess.so.0.11.1
7f2abad43000-7f2abaf42000 ---p 00008000 08:06 1057710                    /usr/lib/x86_64-linux-gnu/libpciaccess.so.0.11.1
7f2abaf42000-7f2abaf43000 r--p 00007000 08:06 1057710                    /usr/lib/x86_64-linux-gnu/libpciaccess.so.0.11.1
7f2abaf43000-7f2abaf44000 rw-p 00008000 08:06 1057710                    /usr/lib/x86_64-linux-gnu/libpciaccess.so.0.11.1
7f2abaf44000-7f2abb02a000 r-xp 00000000 08:06 1057863                    /usr/lib/x86_64-linux-gnu/libstdc++.so.6.0.19
7f2abb02a000-7f2abb229000 ---p 000e6000 08:06 1057863                    /usr/lib/x86_64-linux-gnu/libstdc++.so.6.0.19
7f2abb229000-7f2abb231000 r--p 000e5000 08:06 1057863                    /usr/lib/x86_64-linux-gnu/libstdc++.so.6.0.19
7f2abb231000-7f2abb233000 rw-p 000ed000 08:06 1057863                    /usr/lib/x86_64-linux-gnu/libstdc++.so.6.0.19
7f2abb233000-7f2abb248000 rw-p 00000000 00:00 0 
7f2abb248000-7f2abb254000 r-xp 00000000 08:06 1057207                    /usr/lib/x86_64-linux-gnu/libdrm_radeon.so.1.0.1
7f2abb254000-7f2abb453000 ---p 0000c000 08:06 1057207                    /usr/lib/x86_64-linux-gnu/libdrm_radeon.so.1.0.1
7f2abb453000-7f2abb454000 r--p 0000b000 08:06 1057207                    /usr/lib/x86_64-linux-gnu/libdrm_radeon.so.1.0.1
7f2abb454000-7f2abb455000 rw-p 0000c000 08:06 1057207                    /usr/lib/x86_64-linux-gnu/libdrm_radeon.so.1.0.1
7f2abb455000-7f2abb45b000 r-xp 00000000 08:06 1057205                    /usr/lib/x86_64-linux-gnu/libdrm_nouveau.so.2.0.0
7f2abb45b000-7f2abb65a000 ---p 00006000 08:06 1057205                    /usr/lib/x86_64-linux-gnu/libdrm_nouveau.so.2.0.0
7f2abb65a000-7f2abb65b000 r--p 00005000 08:06 1057205                    /usr/lib/x86_64-linux-gnu/libdrm_nouveau.so.2.0.0
7f2abb65b000-7f2abb65c000 rw-p 00006000 08:06 1057205                    /usr/lib/x86_64-linux-gnu/libdrm_nouveau.so.2.0.0
7f2abb65c000-7f2abb67c000 r-xp 00000000 08:06 1057203                    /usr/lib/x86_64-linux-gnu/libdrm_intel.so.1.0.0
7f2abb67c000-7f2abb87b000 ---p 00020000 08:06 1057203                    /usr/lib/x86_64-linux-gnu/libdrm_intel.so.1.0.0
7f2abb87b000-7f2abb87c000 r--p 0001f000 08:06 1057203                    /usr/lib/x86_64-linux-gnu/libdrm_intel.so.1.0.0
7f2abb87c000-7f2abb87d000 rw-p 00020000 08:06 1057203                    /usr/lib/x86_64-linux-gnu/libdrm_intel.so.1.0.0
7f2abb87d000-7f2abbdd1000 r-xp 00000000 08:06 1317574                    /usr/lib/x86_64-linux-gnu/dri/i965_dri.so
7f2abbdd1000-7f2abbfd1000 ---p 00554000 08:06 1317574                    /usr/lib/x86_64-linux-gnu/dri/i965_dri.so
7f2abbfd1000-7f2abbff2000 r--p 00554000 08:06 1317574                    /usr/lib/x86_64-linux-gnu/dri/i965_dri.so
7f2abbff2000-7f2abbff9000 rw-p 00575000 08:06 1317574                    /usr/lib/x86_64-linux-gnu/dri/i965_dri.so
7f2abbff9000-7f2abc000000 rw-p 00000000 00:00 0 
7f2abc000000-7f2abc021000 rw-p 00000000 00:00 0 
7f2abc021000-7f2ac0000000 ---p 00000000 00:00 0 
7f2ac0000000-7f2ac2e04000 rw-p 00000000 00:00 0 
7f2ac2e04000-7f2ac4000000 ---p 00000000 00:00 0 
7f2ac4000000-7f2ac537a000 rw-p 00000000 00:00 0 
7f2ac537a000-7f2ac8000000 ---p 00000000 00:00 0 
7f2ac8002000-7f2ac8032000 rw-s 109fd3000 00:06 1903                      /dev/dri/card0
7f2ac8032000-7f2ac80d2000 rw-s 109f02000 00:06 1903                      /dev/dri/card0
7f2ac80d2000-7f2ac8172000 rw-s 109e62000 00:06 1903                      /dev/dri/card0
7f2ac8172000-7f2ac8178000 r-xp 00000000 08:06 1309762                    /usr/lib/x86_64-linux-gnu/mesa-egl/libGLESv2.so.2.0.0
7f2ac8178000-7f2ac8377000 ---p 00006000 08:06 1309762                    /usr/lib/x86_64-linux-gnu/mesa-egl/libGLESv2.so.2.0.0
7f2ac8377000-7f2ac8378000 r--p 00005000 08:06 1309762                    /usr/lib/x86_64-linux-gnu/mesa-egl/libGLESv2.so.2.0.0
7f2ac8378000-7f2ac8379000 rw-p 00006000 08:06 1309762                    /usr/lib/x86_64-linux-gnu/mesa-egl/libGLESv2.so.2.0.0
7f2ac8379000-7f2ac83be000 r-xp 00000000 08:06 927650                     /tmp/jogamp_0000/file_cache/jln6070560149984570685/jln5838353625189820105/libjogl_mobile.so
7f2ac83be000-7f2ac85be000 ---p 00045000 08:06 927650                     /tmp/jogamp_0000/file_cache/jln6070560149984570685/jln5838353625189820105/libjogl_mobile.so
7f2ac85be000-7f2ac85bf000 rw-p 00045000 08:06 927650                     /tmp/jogamp_0000/file_cache/jln6070560149984570685/jln5838353625189820105/libjogl_mobile.so
7f2ac85bf000-7f2ac85c6000 r-xp 00000000 08:06 1046765                    /usr/lib/x86_64-linux-gnu/libffi.so.6.0.1
7f2ac85c6000-7f2ac87c5000 ---p 00007000 08:06 1046765                    /usr/lib/x86_64-linux-gnu/libffi.so.6.0.1
7f2ac87c5000-7f2ac87c6000 r--p 00006000 08:06 1046765                    /usr/lib/x86_64-linux-gnu/libffi.so.6.0.1
7f2ac87c6000-7f2ac87c7000 rw-p 00007000 08:06 1046765                    /usr/lib/x86_64-linux-gnu/libffi.so.6.0.1
7f2ac87c7000-7f2ac87d3000 r-xp 00000000 08:06 1055943                    /usr/lib/x86_64-linux-gnu/libgbm.so.1.0.0
7f2ac87d3000-7f2ac89d3000 ---p 0000c000 08:06 1055943                    /usr/lib/x86_64-linux-gnu/libgbm.so.1.0.0
7f2ac89d3000-7f2ac89d4000 r--p 0000c000 08:06 1055943                    /usr/lib/x86_64-linux-gnu/libgbm.so.1.0.0
7f2ac89d4000-7f2ac89d5000 rw-p 0000d000 08:06 1055943                    /usr/lib/x86_64-linux-gnu/libgbm.so.1.0.0
7f2ac89d5000-7f2ac89e4000 r-xp 00000000 08:06 1057971                    /usr/lib/x86_64-linux-gnu/libwayland-server.so.0.1.0
7f2ac89e4000-7f2ac8be3000 ---p 0000f000 08:06 1057971                    /usr/lib/x86_64-linux-gnu/libwayland-server.so.0.1.0
7f2ac8be3000-7f2ac8be5000 r--p 0000e000 08:06 1057971                    /usr/lib/x86_64-linux-gnu/libwayland-server.so.0.1.0
7f2ac8be5000-7f2ac8be6000 rw-p 00010000 08:06 1057971                    /usr/lib/x86_64-linux-gnu/libwayland-server.so.0.1.0
7f2ac8be6000-7f2ac8bf1000 r-xp 00000000 08:06 1057965                    /usr/lib/x86_64-linux-gnu/libwayland-client.so.0.2.0
7f2ac8bf1000-7f2ac8df0000 ---p 0000b000 08:06 1057965                    /usr/lib/x86_64-linux-gnu/libwayland-client.so.0.2.0
7f2ac8df0000-7f2ac8df2000 r--p 0000a000 08:06 1057965                    /usr/lib/x86_64-linux-gnu/libwayland-client.so.0.2.0
7f2ac8df2000-7f2ac8df3000 rw-p 0000c000 08:06 1057965                    /usr/lib/x86_64-linux-gnu/libwayland-client.so.0.2.0
7f2ac8df3000-7f2ac8df8000 r-xp 00000000 08:06 1058021                    /usr/lib/x86_64-linux-gnu/libxcb-xfixes.so.0.0.0
7f2ac8df8000-7f2ac8ff8000 ---p 00005000 08:06 1058021                    /usr/lib/x86_64-linux-gnu/libxcb-xfixes.so.0.0.0
7f2ac8ff8000-7f2ac8ff9000 r--p 00005000 08:06 1058021                    /usr/lib/x86_64-linux-gnu/libxcb-xfixes.so.0.0.0
7f2ac8ff9000-7f2ac8ffa000 rw-p 00006000 08:06 1058021                    /usr/lib/x86_64-linux-gnu/libxcb-xfixes.so.0.0.0
7f2ac8ffa000-7f2ac9022000 r-xp 00000000 08:06 1317569                    /usr/lib/x86_64-linux-gnu/mesa-egl/libEGL.so.1.0.0
7f2ac9022000-7f2ac9222000 ---p 00028000 08:06 1317569                    /usr/lib/x86_64-linux-gnu/mesa-egl/libEGL.so.1.0.0
7f2ac9222000-7f2ac9223000 r--p 00028000 08:06 1317569                    /usr/lib/x86_64-linux-gnu/mesa-egl/libEGL.so.1.0.0
7f2ac9223000-7f2ac9224000 rw-p 00029000 08:06 1317569                    /usr/lib/x86_64-linux-gnu/mesa-egl/libEGL.so.1.0.0
7f2ac9224000-7f2ac9225000 rw-p 00000000 00:00 0 
7f2ac9225000-7f2ac92ca000 r-xp 00000000 08:06 927649                     /tmp/jogamp_0000/file_cache/jln6070560149984570685/jln5838353625189820105/libjogl_desktop.so
7f2ac92ca000-7f2ac94ca000 ---p 000a5000 08:06 927649                     /tmp/jogamp_0000/file_cache/jln6070560149984570685/jln5838353625189820105/libjogl_desktop.so
7f2ac94ca000-7f2ac94cb000 rw-p 000a5000 08:06 927649                     /tmp/jogamp_0000/file_cache/jln6070560149984570685/jln5838353625189820105/libjogl_desktop.so
7f2ac94cb000-7f2ac94d6000 r-xp 00000000 08:06 1057201                    /usr/lib/x86_64-linux-gnu/libdrm.so.2.4.0
7f2ac94d6000-7f2ac96d5000 ---p 0000b000 08:06 1057201                    /usr/lib/x86_64-linux-gnu/libdrm.so.2.4.0
7f2ac96d5000-7f2ac96d6000 r--p 0000a000 08:06 1057201                    /usr/lib/x86_64-linux-gnu/libdrm.so.2.4.0
7f2ac96d6000-7f2ac96d7000 rw-p 0000b000 08:06 1057201                    /usr/lib/x86_64-linux-gnu/libdrm.so.2.4.0
7f2ac96d7000-7f2ac96d8000 r-xp 00000000 08:06 1058035                    /usr/lib/x86_64-linux-gnu/libxshmfence.so.1.0.0
7f2ac96d8000-7f2ac98d7000 ---p 00001000 08:06 1058035                    /usr/lib/x86_64-linux-gnu/libxshmfence.so.1.0.0
7f2ac98d7000-7f2ac98d8000 r--p 00000000 08:06 1058035                    /usr/lib/x86_64-linux-gnu/libxshmfence.so.1.0.0
7f2ac98d8000-7f2ac98d9000 rw-p 00001000 08:06 1058035                    /usr/lib/x86_64-linux-gnu/libxshmfence.so.1.0.0
7f2ac98d9000-7f2ac98de000 r-xp 00000000 08:06 1058017                    /usr/lib/x86_64-linux-gnu/libxcb-sync.so.1.0.0
7f2ac98de000-7f2ac9add000 ---p 00005000 08:06 1058017                    /usr/lib/x86_64-linux-gnu/libxcb-sync.so.1.0.0
7f2ac9add000-7f2ac9ade000 r--p 00004000 08:06 1058017                    /usr/lib/x86_64-linux-gnu/libxcb-sync.so.1.0.0
7f2ac9ade000-7f2ac9adf000 rw-p 00005000 08:06 1058017                    /usr/lib/x86_64-linux-gnu/libxcb-sync.so.1.0.0
7f2ac9adf000-7f2ac9ae1000 r-xp 00000000 08:06 1058005                    /usr/lib/x86_64-linux-gnu/libxcb-present.so.0.0.0
7f2ac9ae1000-7f2ac9ce0000 ---p 00002000 08:06 1058005                    /usr/lib/x86_64-linux-gnu/libxcb-present.so.0.0.0
7f2ac9ce0000-7f2ac9ce1000 r--p 00001000 08:06 1058005                    /usr/lib/x86_64-linux-gnu/libxcb-present.so.0.0.0
7f2ac9ce1000-7f2ac9ce2000 rw-p 00002000 08:06 1058005                    /usr/lib/x86_64-linux-gnu/libxcb-present.so.0.0.0
7f2ac9ce2000-7f2ac9ce4000 r-xp 00000000 08:06 1057995                    /usr/lib/x86_64-linux-gnu/libxcb-dri3.so.0.0.0
7f2ac9ce4000-7f2ac9ee3000 ---p 00002000 08:06 1057995                    /usr/lib/x86_64-linux-gnu/libxcb-dri3.so.0.0.0
7f2ac9ee3000-7f2ac9ee4000 r--p 00001000 08:06 1057995                    /usr/lib/x86_64-linux-gnu/libxcb-dri3.so.0.0.0
7f2ac9ee4000-7f2ac9ee5000 rw-p 00002000 08:06 1057995                    /usr/lib/x86_64-linux-gnu/libxcb-dri3.so.0.0.0
7f2ac9ee5000-7f2ac9ee8000 r-xp 00000000 08:06 1057993                    /usr/lib/x86_64-linux-gnu/libxcb-dri2.so.0.0.0
7f2ac9ee8000-7f2aca0e8000 ---p 00003000 08:06 1057993                    /usr/lib/x86_64-linux-gnu/libxcb-dri2.so.0.0.0
7f2aca0e8000-7f2aca0e9000 r--p 00003000 08:06 1057993                    /usr/lib/x86_64-linux-gnu/libxcb-dri2.so.0.0.0
7f2aca0e9000-7f2aca0ea000 rw-p 00004000 08:06 1057993                    /usr/lib/x86_64-linux-gnu/libxcb-dri2.so.0.0.0
7f2aca0ea000-7f2aca0ff000 r-xp 00000000 08:06 1057997                    /usr/lib/x86_64-linux-gnu/libxcb-glx.so.0.0.0
7f2aca0ff000-7f2aca2fe000 ---p 00015000 08:06 1057997                    /usr/lib/x86_64-linux-gnu/libxcb-glx.so.0.0.0
7f2aca2fe000-7f2aca300000 r--p 00014000 08:06 1057997                    /usr/lib/x86_64-linux-gnu/libxcb-glx.so.0.0.0
7f2aca300000-7f2aca301000 rw-p 00016000 08:06 1057997                    /usr/lib/x86_64-linux-gnu/libxcb-glx.so.0.0.0
7f2aca301000-7f2aca302000 r-xp 00000000 08:06 1056953                    /usr/lib/x86_64-linux-gnu/libX11-xcb.so.1.0.0
7f2aca302000-7f2aca501000 ---p 00001000 08:06 1056953                    /usr/lib/x86_64-linux-gnu/libX11-xcb.so.1.0.0
7f2aca501000-7f2aca502000 r--p 00000000 08:06 1056953                    /usr/lib/x86_64-linux-gnu/libX11-xcb.so.1.0.0
7f2aca502000-7f2aca503000 rw-p 00001000 08:06 1056953                    /usr/lib/x86_64-linux-gnu/libX11-xcb.so.1.0.0
7f2aca503000-7f2aca505000 r-xp 00000000 08:06 1056968                    /usr/lib/x86_64-linux-gnu/libXdamage.so.1.1.0
7f2aca505000-7f2aca704000 ---p 00002000 08:06 1056968                    /usr/lib/x86_64-linux-gnu/libXdamage.so.1.1.0
7f2aca704000-7f2aca705000 r--p 00001000 08:06 1056968                    /usr/lib/x86_64-linux-gnu/libXdamage.so.1.1.0
7f2aca705000-7f2aca706000 rw-p 00002000 08:06 1056968                    /usr/lib/x86_64-linux-gnu/libXdamage.so.1.1.0
7f2aca706000-7f2aca72b000 r-xp 00000000 08:06 1055991                    /usr/lib/x86_64-linux-gnu/libglapi.so.0.0.0
7f2aca72b000-7f2aca92b000 ---p 00025000 08:06 1055991                    /usr/lib/x86_64-linux-gnu/libglapi.so.0.0.0
7f2aca92b000-7f2aca92e000 r--p 00025000 08:06 1055991                    /usr/lib/x86_64-linux-gnu/libglapi.so.0.0.0
7f2aca92e000-7f2aca92f000 rw-p 00028000 08:06 1055991                    /usr/lib/x86_64-linux-gnu/libglapi.so.0.0.0
7f2aca92f000-7f2aca930000 rw-p 00000000 00:00 0 
7f2aca930000-7f2aca957000 r-xp 00000000 08:06 528174                     /lib/x86_64-linux-gnu/libexpat.so.1.6.0
7f2aca957000-7f2acab57000 ---p 00027000 08:06 528174                     /lib/x86_64-linux-gnu/libexpat.so.1.6.0
7f2acab57000-7f2acab59000 r--p 00027000 08:06 528174                     /lib/x86_64-linux-gnu/libexpat.so.1.6.0
7f2acab59000-7f2acab5a000 rw-p 00029000 08:06 528174                     /lib/x86_64-linux-gnu/libexpat.so.1.6.0
7f2acab5a000-7f2acabe8000 r-xp 00000000 08:06 1309921                    /usr/lib/x86_64-linux-gnu/mesa/libGL.so.1.2.0
7f2acabe8000-7f2acade7000 ---p 0008e000 08:06 1309921                    /usr/lib/x86_64-linux-gnu/mesa/libGL.so.1.2.0
7f2acade7000-7f2acadea000 r--p 0008d000 08:06 1309921                    /usr/lib/x86_64-linux-gnu/mesa/libGL.so.1.2.0
7f2acadea000-7f2acadeb000 rw-p 00090000 08:06 1309921                    /usr/lib/x86_64-linux-gnu/mesa/libGL.so.1.2.0
7f2acadeb000-7f2acafec000 rw-p 00000000 00:00 0 
7f2acafec000-7f2acaff3000 r-xp 00000000 08:06 927652                     /tmp/jogamp_0000/file_cache/jln6070560149984570685/jln5838353625189820105/libnativewindow_x11.so
7f2acaff3000-7f2acb1f2000 ---p 00007000 08:06 927652                     /tmp/jogamp_0000/file_cache/jln6070560149984570685/jln5838353625189820105/libnativewindow_x11.so
7f2acb1f2000-7f2acb1f3000 rw-p 00006000 08:06 927652                     /tmp/jogamp_0000/file_cache/jln6070560149984570685/jln5838353625189820105/libnativewindow_x11.so
7f2acb1f3000-7f2acb3f3000 rw-p 00000000 00:00 0 
7f2acb3f3000-7f2acb3f7000 r-xp 00000000 08:06 1057010                    /usr/lib/x86_64-linux-gnu/libXxf86vm.so.1.0.0
7f2acb3f7000-7f2acb5f7000 ---p 00004000 08:06 1057010                    /usr/lib/x86_64-linux-gnu/libXxf86vm.so.1.0.0
7f2acb5f7000-7f2acb5f8000 r--p 00004000 08:06 1057010                    /usr/lib/x86_64-linux-gnu/libXxf86vm.so.1.0.0
7f2acb5f8000-7f2acb5f9000 rw-p 00005000 08:06 1057010                    /usr/lib/x86_64-linux-gnu/libXxf86vm.so.1.0.0
7f2acb5f9000-7f2acb5fb000 r-xp 00000000 08:06 927651                     /tmp/jogamp_0000/file_cache/jln6070560149984570685/jln5838353625189820105/libnativewindow_awt.so
7f2acb5fb000-7f2acb7fa000 ---p 00002000 08:06 927651                     /tmp/jogamp_0000/file_cache/jln6070560149984570685/jln5838353625189820105/libnativewindow_awt.so
7f2acb7fa000-7f2acb7fb000 rw-p 00001000 08:06 927651                     /tmp/jogamp_0000/file_cache/jln6070560149984570685/jln5838353625189820105/libnativewindow_awt.so
7f2acb7fb000-7f2acb7fc000 r-xp 00000000 08:06 1065525                    /usr/lib/jvm/java-8-oracle/jre/lib/amd64/libjawt.so
7f2acb7fc000-7f2acb9fb000 ---p 00001000 08:06 1065525                    /usr/lib/jvm/java-8-oracle/jre/lib/amd64/libjawt.so
7f2acb9fb000-7f2acb9fc000 rw-p 00000000 08:06 1065525                    /usr/lib/jvm/java-8-oracle/jre/lib/amd64/libjawt.so
7f2acb9fc000-7f2acb9fe000 r-xp 00000000 08:06 927648                     /tmp/jogamp_0000/file_cache/jln6070560149984570685/jln5838353625189820105/libgluegen-rt.so
7f2acb9fe000-7f2acbbfd000 ---p 00002000 08:06 927648                     /tmp/jogamp_0000/file_cache/jln6070560149984570685/jln5838353625189820105/libgluegen-rt.so
7f2acbbfd000-7f2acbbfe000 rw-p 00001000 08:06 927648                     /tmp/jogamp_0000/file_cache/jln6070560149984570685/jln5838353625189820105/libgluegen-rt.so
7f2acbbfe000-7f2acbc01000 ---p 00000000 00:00 0 
7f2acbc01000-7f2acbeff000 rw-p 00000000 00:00 0                          [stack:5836]
7f2acbeff000-7f2acbf02000 ---p 00000000 00:00 0 
7f2acbf02000-7f2acc000000 rw-p 00000000 00:00 0                          [stack:5826]
7f2acc000000-7f2acc08e000 rw-p 00000000 00:00 0 
7f2acc08e000-7f2ad0000000 ---p 00000000 00:00 0 
7f2ad0000000-7f2ad1fbe000 rw-p 00000000 00:00 0 
7f2ad1fbe000-7f2ad4000000 ---p 00000000 00:00 0 
7f2ad4000000-7f2ad4021000 rw-p 00000000 00:00 0 
7f2ad4021000-7f2ad8000000 ---p 00000000 00:00 0 
7f2ad8000000-7f2ad8021000 rw-p 00000000 00:00 0 
7f2ad8021000-7f2adc000000 ---p 00000000 00:00 0 
7f2adc000000-7f2adc021000 rw-p 00000000 00:00 0 
7f2adc021000-7f2ae0000000 ---p 00000000 00:00 0 
7f2ae0000000-7f2ae0026000 rw-p 00000000 00:00 0 
7f2ae0026000-7f2ae4000000 ---p 00000000 00:00 0 
7f2ae4000000-7f2ae4021000 rw-p 00000000 00:00 0 
7f2ae4021000-7f2ae8000000 ---p 00000000 00:00 0 
7f2ae8000000-7f2ae8021000 rw-p 00000000 00:00 0 
7f2ae8021000-7f2aec000000 ---p 00000000 00:00 0 
7f2aec000000-7f2aecf27000 rw-p 00000000 00:00 0 
7f2aecf27000-7f2af0000000 ---p 00000000 00:00 0 
7f2af0000000-7f2af037d000 rw-p 00000000 00:00 0 
7f2af037d000-7f2af4000000 ---p 00000000 00:00 0 
7f2af4000000-7f2af4021000 rw-p 00000000 00:00 0 
7f2af4021000-7f2af8000000 ---p 00000000 00:00 0 
7f2af8000000-7f2af8e91000 rw-p 00000000 00:00 0 
7f2af8e91000-7f2afc000000 ---p 00000000 00:00 0 
7f2afc000000-7f2afc021000 rw-p 00000000 00:00 0 
7f2afc021000-7f2b00000000 ---p 00000000 00:00 0 
7f2b00000000-7f2b00021000 rw-p 00000000 00:00 0 
7f2b00021000-7f2b04000000 ---p 00000000 00:00 0 
7f2b04000000-7f2b04021000 rw-p 00000000 00:00 0 
7f2b04021000-7f2b08000000 ---p 00000000 00:00 0 
7f2b08000000-7f2b08021000 rw-p 00000000 00:00 0 
7f2b08021000-7f2b0c000000 ---p 00000000 00:00 0 
7f2b0c000000-7f2b0c021000 rw-p 00000000 00:00 0 
7f2b0c021000-7f2b10000000 ---p 00000000 00:00 0 
7f2b10006000-7f2b10036000 rw-s 109fa3000 00:06 1903                      /dev/dri/card0
7f2b10036000-7f2b1003e000 rw-s 00000000 00:05 148804                     /drm mm object (deleted)
7f2b1003e000-7f2b10041000 ---p 00000000 00:00 0 
7f2b10041000-7f2b1013f000 rw-p 00000000 00:00 0                          [stack:5825]
7f2b1013f000-7f2b1014a000 r--s 00000000 08:06 151459                     /var/cache/fontconfig/945677eb7aeaf62f1d50efc3fb3ec7d8-le64.cache-4
7f2b1014a000-7f2b10150000 r--s 00000000 08:06 151445                     /var/cache/fontconfig/2cd17615ca594fa2959ae173292e504c-le64.cache-4
7f2b10150000-7f2b10164000 r--s 00000000 08:06 151440                     /var/cache/fontconfig/04aabc0a78ac019cf9454389977116d2-le64.cache-4
7f2b10164000-7f2b10165000 rw-p 00000000 00:00 0 
7f2b10165000-7f2b10167000 rw-s 10a003000 00:06 1903                      /dev/dri/card0
7f2b10167000-7f2b1016f000 rw-s 00000000 00:05 148800                     /drm mm object (deleted)
7f2b1016f000-7f2b10170000 rw-s 109fa2000 00:06 1903                      /dev/dri/card0
7f2b10170000-7f2b10178000 rw-s 00000000 00:05 148007                     /drm mm object (deleted)
7f2b10178000-7f2b10179000 rw-s 109e61000 00:06 1903                      /dev/dri/card0
7f2b10179000-7f2b10181000 rw-s 00000000 00:05 147973                     /drm mm object (deleted)
7f2b10181000-7f2b10189000 rw-s 00000000 00:05 148772                     /drm mm object (deleted)
7f2b10189000-7f2b1018a000 rwxp 00000000 00:00 0 
7f2b1018a000-7f2b1018b000 rw-s 109e60000 00:06 1903                      /dev/dri/card0
7f2b1018b000-7f2b10193000 rw-s 00000000 00:05 147960                     /drm mm object (deleted)
7f2b10193000-7f2b1019b000 rw-s 00000000 00:05 146762                     /drm mm object (deleted)
7f2b1019b000-7f2b1019c000 r--s 0002f000 08:06 1342838                    /home/partsaleva/Projects/Earthquakes/UCSDUnfoldingMaps/lib/jogl-all-natives-linux-amd64.jar
7f2b1019c000-7f2b1019e000 r--s 00000000 08:06 1342844                    /home/partsaleva/Projects/Earthquakes/UCSDUnfoldingMaps/lib/gluegen-rt-natives-linux-amd64.jar
7f2b1019e000-7f2b101a1000 ---p 00000000 00:00 0 
7f2b101a1000-7f2b101d7000 rw-p 00000000 00:00 0                          [stack:5830]
7f2b101d7000-7f2b10240000 r-xp 00000000 08:06 1065566                    /usr/lib/jvm/java-8-oracle/jre/lib/amd64/libt2k.so
7f2b10240000-7f2b10440000 ---p 00069000 08:06 1065566                    /usr/lib/jvm/java-8-oracle/jre/lib/amd64/libt2k.so
7f2b10440000-7f2b10447000 rw-p 00069000 08:06 1065566                    /usr/lib/jvm/java-8-oracle/jre/lib/amd64/libt2k.so
7f2b10447000-7f2b10657000 rw-p 00000000 00:00 0 
7f2b10657000-7f2b1065c000 r--s 00096000 08:06 1065485                    /usr/lib/jvm/java-8-oracle/jre/lib/jsse.jar
7f2b1065c000-7f2b1066d000 r-xp 00000000 08:06 1065560                    /usr/lib/jvm/java-8-oracle/jre/lib/amd64/libnio.so
7f2b1066d000-7f2b1086c000 ---p 00011000 08:06 1065560                    /usr/lib/jvm/java-8-oracle/jre/lib/amd64/libnio.so
7f2b1086c000-7f2b1086d000 rw-p 00010000 08:06 1065560                    /usr/lib/jvm/java-8-oracle/jre/lib/amd64/libnio.so
7f2b1086d000-7f2b10883000 r-xp 00000000 08:06 1065530                    /usr/lib/jvm/java-8-oracle/jre/lib/amd64/libnet.so
7f2b10883000-7f2b10a83000 ---p 00016000 08:06 1065530                    /usr/lib/jvm/java-8-oracle/jre/lib/amd64/libnet.so
7f2b10a83000-7f2b10a84000 rw-p 00016000 08:06 1065530                    /usr/lib/jvm/java-8-oracle/jre/lib/amd64/libnet.so
7f2b10a84000-7f2b10a87000 ---p 00000000 00:00 0 
7f2b10a87000-7f2b10b85000 rw-p 00000000 00:00 0                          [stack:5823]
7f2b10b85000-7f2b10b88000 ---p 00000000 00:00 0 
7f2b10b88000-7f2b10c86000 rw-p 00000000 00:00 0                          [stack:5822]
7f2b10c86000-7f2b10c89000 ---p 00000000 00:00 0 
7f2b10c89000-7f2b10d87000 rw-p 00000000 00:00 0                          [stack:5821]
7f2b10d87000-7f2b10d8a000 ---p 00000000 00:00 0 
7f2b10d8a000-7f2b10e88000 rw-p 00000000 00:00 0                          [stack:5819]
7f2b10e88000-7f2b10e8d000 r-xp 00000000 08:06 1056974                    /usr/lib/x86_64-linux-gnu/libXfixes.so.3.1.0
7f2b10e8d000-7f2b1108c000 ---p 00005000 08:06 1056974                    /usr/lib/x86_64-linux-gnu/libXfixes.so.3.1.0
7f2b1108c000-7f2b1108d000 r--p 00004000 08:06 1056974                    /usr/lib/x86_64-linux-gnu/libXfixes.so.3.1.0
7f2b1108d000-7f2b1108e000 rw-p 00005000 08:06 1056974                    /usr/lib/x86_64-linux-gnu/libXfixes.so.3.1.0
7f2b1108e000-7f2b11097000 r-xp 00000000 08:06 1056966                    /usr/lib/x86_64-linux-gnu/libXcursor.so.1.0.2
7f2b11097000-7f2b11296000 ---p 00009000 08:06 1056966                    /usr/lib/x86_64-linux-gnu/libXcursor.so.1.0.2
7f2b11296000-7f2b11297000 r--p 00008000 08:06 1056966                    /usr/lib/x86_64-linux-gnu/libXcursor.so.1.0.2
7f2b11297000-7f2b11298000 rw-p 00009000 08:06 1056966                    /usr/lib/x86_64-linux-gnu/libXcursor.so.1.0.2
7f2b11298000-7f2b1129b000 ---p 00000000 00:00 0 
7f2b1129b000-7f2b11399000 rw-p 00000000 00:00 0                          [stack:5818]
7f2b11399000-7f2b113af000 r-xp 00000000 08:06 528067                     /lib/x86_64-linux-gnu/libgcc_s.so.1
7f2b113af000-7f2b115ae000 ---p 00016000 08:06 528067                     /lib/x86_64-linux-gnu/libgcc_s.so.1
7f2b115ae000-7f2b115af000 rw-p 00015000 08:06 528067                     /lib/x86_64-linux-gnu/libgcc_s.so.1
7f2b115af000-7f2b11614000 r-xp 00000000 08:06 1065546                    /usr/lib/jvm/java-8-oracle/jre/lib/amd64/libfontmanager.so
7f2b11614000-7f2b11814000 ---p 00065000 08:06 1065546                    /usr/lib/jvm/java-8-oracle/jre/lib/amd64/libfontmanager.so
7f2b11814000-7f2b11818000 rw-p 00065000 08:06 1065546                    /usr/lib/jvm/java-8-oracle/jre/lib/amd64/libfontmanager.so
7f2b11818000-7f2b11829000 rw-p 00000000 00:00 0 
7f2b11829000-7f2b1182e000 r-xp 00000000 08:06 1056970                    /usr/lib/x86_64-linux-gnu/libXdmcp.so.6.0.0
7f2b1182e000-7f2b11a2d000 ---p 00005000 08:06 1056970                    /usr/lib/x86_64-linux-gnu/libXdmcp.so.6.0.0
7f2b11a2d000-7f2b11a2e000 r--p 00004000 08:06 1056970                    /usr/lib/x86_64-linux-gnu/libXdmcp.so.6.0.0
7f2b11a2e000-7f2b11a2f000 rw-p 00005000 08:06 1056970                    /usr/lib/x86_64-linux-gnu/libXdmcp.so.6.0.0
7f2b11a2f000-7f2b11a31000 r-xp 00000000 08:06 1056959                    /usr/lib/x86_64-linux-gnu/libXau.so.6.0.0
7f2b11a31000-7f2b11c31000 ---p 00002000 08:06 1056959                    /usr/lib/x86_64-linux-gnu/libXau.so.6.0.0
7f2b11c31000-7f2b11c32000 r--p 00002000 08:06 1056959                    /usr/lib/x86_64-linux-gnu/libXau.so.6.0.0
7f2b11c32000-7f2b11c33000 rw-p 00003000 08:06 1056959                    /usr/lib/x86_64-linux-gnu/libXau.so.6.0.0
7f2b11c33000-7f2b11c50000 r-xp 00000000 08:06 1058025                    /usr/lib/x86_64-linux-gnu/libxcb.so.1.1.0
7f2b11c50000-7f2b11e50000 ---p 0001d000 08:06 1058025                    /usr/lib/x86_64-linux-gnu/libxcb.so.1.1.0
7f2b11e50000-7f2b11e51000 r--p 0001d000 08:06 1058025                    /usr/lib/x86_64-linux-gnu/libxcb.so.1.1.0
7f2b11e51000-7f2b11e52000 rw-p 0001e000 08:06 1058025                    /usr/lib/x86_64-linux-gnu/libxcb.so.1.1.0
7f2b11e52000-7f2b11e61000 r-xp 00000000 08:06 1056980                    /usr/lib/x86_64-linux-gnu/libXi.so.6.1.0
7f2b11e61000-7f2b12060000 ---p 0000f000 08:06 1056980                    /usr/lib/x86_64-linux-gnu/libXi.so.6.1.0
7f2b12060000-7f2b12061000 r--p 0000e000 08:06 1056980                    /usr/lib/x86_64-linux-gnu/libXi.so.6.1.0
7f2b12061000-7f2b12062000 rw-p 0000f000 08:06 1056980                    /usr/lib/x86_64-linux-gnu/libXi.so.6.1.0
7f2b12062000-7f2b12067000 r-xp 00000000 08:06 1057000                    /usr/lib/x86_64-linux-gnu/libXtst.so.6.1.0
7f2b12067000-7f2b12266000 ---p 00005000 08:06 1057000                    /usr/lib/x86_64-linux-gnu/libXtst.so.6.1.0
7f2b12266000-7f2b12267000 r--p 00004000 08:06 1057000                    /usr/lib/x86_64-linux-gnu/libXtst.so.6.1.0
7f2b12267000-7f2b12268000 rw-p 00005000 08:06 1057000                    /usr/lib/x86_64-linux-gnu/libXtst.so.6.1.0
7f2b12268000-7f2b12271000 r-xp 00000000 08:06 1056994                    /usr/lib/x86_64-linux-gnu/libXrender.so.1.3.0
7f2b12271000-7f2b12470000 ---p 00009000 08:06 1056994                    /usr/lib/x86_64-linux-gnu/libXrender.so.1.3.0
7f2b12470000-7f2b12471000 r--p 00008000 08:06 1056994                    /usr/lib/x86_64-linux-gnu/libXrender.so.1.3.0
7f2b12471000-7f2b12472000 rw-p 00009000 08:06 1056994                    /usr/lib/x86_64-linux-gnu/libXrender.so.1.3.0
7f2b12472000-7f2b125a2000 r-xp 00000000 08:06 1056955                    /usr/lib/x86_64-linux-gnu/libX11.so.6.3.0
7f2b125a2000-7f2b127a2000 ---p 00130000 08:06 1056955                    /usr/lib/x86_64-linux-gnu/libX11.so.6.3.0
7f2b127a2000-7f2b127a3000 r--p 00130000 08:06 1056955                    /usr/lib/x86_64-linux-gnu/libX11.so.6.3.0
7f2b127a3000-7f2b127a7000 rw-p 00131000 08:06 1056955                    /usr/lib/x86_64-linux-gnu/libX11.so.6.3.0
7f2b127a7000-7f2b127b8000 r-xp 00000000 08:06 1056972                    /usr/lib/x86_64-linux-gnu/libXext.so.6.4.0
7f2b127b8000-7f2b129b7000 ---p 00011000 08:06 1056972                    /usr/lib/x86_64-linux-gnu/libXext.so.6.4.0
7f2b129b7000-7f2b129b8000 r--p 00010000 08:06 1056972                    /usr/lib/x86_64-linux-gnu/libXext.so.6.4.0
7f2b129b8000-7f2b129b9000 rw-p 00011000 08:06 1056972                    /usr/lib/x86_64-linux-gnu/libXext.so.6.4.0
7f2b129b9000-7f2b12a0d000 r-xp 00000000 08:06 1065582                    /usr/lib/jvm/java-8-oracle/jre/lib/amd64/libawt_xawt.so
7f2b12a0d000-7f2b12c0d000 ---p 00054000 08:06 1065582                    /usr/lib/jvm/java-8-oracle/jre/lib/amd64/libawt_xawt.so
7f2b12c0d000-7f2b12c11000 rw-p 00054000 08:06 1065582                    /usr/lib/jvm/java-8-oracle/jre/lib/amd64/libawt_xawt.so
7f2b12c11000-7f2b12c12000 rw-p 00000000 00:00 0 
7f2b12c12000-7f2b12cb4000 r-xp 00000000 08:06 1065577                    /usr/lib/jvm/java-8-oracle/jre/lib/amd64/libawt.so
7f2b12cb4000-7f2b12eb4000 ---p 000a2000 08:06 1065577                    /usr/lib/jvm/java-8-oracle/jre/lib/amd64/libawt.so
7f2b12eb4000-7f2b12ec0000 rw-p 000a2000 08:06 1065577                    /usr/lib/jvm/java-8-oracle/jre/lib/amd64/libawt.so
7f2b12ec0000-7f2b12ee4000 rw-p 00000000 00:00 0 
7f2b12ee4000-7f2b12ee5000 ---p 00000000 00:00 0 
7f2b12ee5000-7f2b12fe5000 rw-p 00000000 00:00 0                          [stack:5817]
7f2b12fe5000-7f2b12fe8000 ---p 00000000 00:00 0 
7f2b12fe8000-7f2b130e6000 rw-p 00000000 00:00 0                          [stack:5816]
7f2b130e6000-7f2b130e9000 ---p 00000000 00:00 0 
7f2b130e9000-7f2b131e7000 rw-p 00000000 00:00 0                          [stack:5815]
7f2b131e7000-7f2b131ea000 ---p 00000000 00:00 0 
7f2b131ea000-7f2b132e8000 rw-p 00000000 00:00 0                          [stack:5814]
7f2b132e8000-7f2b132eb000 ---p 00000000 00:00 0 
7f2b132eb000-7f2b133e9000 rw-p 00000000 00:00 0                          [stack:5813]
7f2b133e9000-7f2b133ec000 ---p 00000000 00:00 0 
7f2b133ec000-7f2b134ea000 rw-p 00000000 00:00 0                          [stack:5812]
7f2b134ea000-7f2b13cfd000 r--p 00000000 08:06 1054754                    /usr/lib/locale/locale-archive
7f2b13cfd000-7f2b13d00000 ---p 00000000 00:00 0 
7f2b13d00000-7f2b13dfe000 rw-p 00000000 00:00 0                          [stack:5811]
7f2b13dfe000-7f2b13e01000 ---p 00000000 00:00 0 
7f2b13e01000-7f2b13eff000 rw-p 00000000 00:00 0                          [stack:5810]
7f2b13eff000-7f2b13f00000 ---p 00000000 00:00 0 
7f2b13f00000-7f2b14000000 rw-p 00000000 00:00 0                          [stack:5809]
7f2b14000000-7f2b14021000 rw-p 00000000 00:00 0 
7f2b14021000-7f2b18000000 ---p 00000000 00:00 0 
7f2b18000000-7f2b18001000 r--p 00000000 00:00 0 
7f2b18001000-7f2b18002000 r--s 00000000 08:06 151465                     /var/cache/fontconfig/c05880de57d1f5e948fdfacc138775d9-le64.cache-4
7f2b18002000-7f2b18003000 r--s 00000000 08:06 151475                     /var/cache/fontconfig/e7071f4a29fa870f4323321c154eba04-le64.cache-4
7f2b18003000-7f2b18004000 r--s 00000000 08:06 151442                     /var/cache/fontconfig/0d8c3b2ac0904cb8a57a757ad11a4a08-le64.cache-4
7f2b18004000-7f2b1800b000 r--s 00000000 08:06 151462                     /var/cache/fontconfig/a755afe4a08bf5b97852ceb7400b47bc-le64.cache-4
7f2b1800b000-7f2b1800c000 r--s 00000000 08:06 151444                     /var/cache/fontconfig/1ac9eb803944fde146138c791f5cc56a-le64.cache-4
7f2b1800c000-7f2b18010000 r--s 00000000 08:06 151448                     /var/cache/fontconfig/385c0604a188198f04d133e54aba7fe7-le64.cache-4
7f2b18010000-7f2b18015000 r--s 00000000 08:06 151458                     /var/cache/fontconfig/8801497958630a81b71ace7c5f9b32a8-le64.cache-4
7f2b18015000-7f2b1801c000 r--s 00000000 08:06 151446                     /var/cache/fontconfig/3047814df9a2f067bd2d96a2b9c36e5a-le64.cache-4
7f2b1801c000-7f2b18022000 r--s 00000000 08:06 151463                     /var/cache/fontconfig/b47c4e1ecd0709278f4910c18777a504-le64.cache-4
7f2b18022000-7f2b18035000 r--s 00000000 08:06 151469                     /var/cache/fontconfig/d52a8644073d54c13679302ca1180695-le64.cache-4
7f2b18035000-7f2b1803e000 r--s 00000000 08:06 151449                     /var/cache/fontconfig/3f7329c5293ffd510edef78f73874cfd-le64.cache-4
7f2b1803e000-7f2b1c000000 rw-p 00000000 00:00 0 
7f2b1c000000-7f2b1c021000 rw-p 00000000 00:00 0 
7f2b1c021000-7f2b20000000 ---p 00000000 00:00 0 
7f2b20000000-7f2b20001000 r--s 00000000 08:06 151472                     /var/cache/fontconfig/dc05db6664285cc2f12bf69c139ae4c3-le64.cache-4
7f2b20001000-7f2b20003000 r--s 00000000 08:06 151456                     /var/cache/fontconfig/767a8244fc0220cfb567a839d0392e0b-le64.cache-4
7f2b20003000-7f2b20007000 r--s 00000000 08:06 151470                     /var/cache/fontconfig/d589a48862398ed80a3d6066f4f56f4c-le64.cache-4
7f2b20007000-7f2b20014000 r--s 00000000 08:06 133750                     /var/cache/fontconfig/e13b20fdb08344e0e664864cc2ede53d-le64.cache-4
7f2b20014000-7f2b20045000 rw-p 00000000 00:00 0 
7f2b20045000-7f2b20068000 r--s 002ec000 08:06 1342831                    /home/partsaleva/Projects/Earthquakes/UCSDUnfoldingMaps/lib/jogl-all.jar
7f2b20068000-7f2b20e27000 rw-p 00000000 00:00 0 
7f2b20e27000-7f2b21000000 r--s 03d20000 08:06 1065592                    /usr/lib/jvm/java-8-oracle/jre/lib/rt.jar
7f2b21000000-7f2b21740000 rwxp 00000000 00:00 0 
7f2b21740000-7f2b30000000 ---p 00000000 00:00 0 
7f2b30000000-7f2b302d1000 rw-p 00000000 00:00 0 
7f2b302d1000-7f2b34000000 ---p 00000000 00:00 0 
7f2b34000000-7f2b34001000 r--s 00000000 08:06 136828                     /var/cache/fontconfig/4794a0821666d79190d59a36cb4f44b5-le64.cache-4
7f2b34001000-7f2b34002000 r--s 00000000 08:06 151452                     /var/cache/fontconfig/56cf4f4769d0f4abc89a4895d7bd3ae1-le64.cache-4
7f2b34002000-7f2b34003000 r--s 00000000 08:06 151464                     /var/cache/fontconfig/b9d506c9ac06c20b433354fa67a72993-le64.cache-4
7f2b34003000-7f2b34c76000 rw-p 00000000 00:00 0 
7f2b34c76000-7f2b34c77000 ---p 00000000 00:00 0 
7f2b34c77000-7f2b34d77000 rw-p 00000000 00:00 0                          [stack:5804]
7f2b34d77000-7f2b34d78000 ---p 00000000 00:00 0 
7f2b34d78000-7f2b34e78000 rw-p 00000000 00:00 0                          [stack:5803]
7f2b34e78000-7f2b34e79000 ---p 00000000 00:00 0 
7f2b34e79000-7f2b34f79000 rw-p 00000000 00:00 0                          [stack:5802]
7f2b34f79000-7f2b34f7a000 ---p 00000000 00:00 0 
7f2b34f7a000-7f2b350a4000 rw-p 00000000 00:00 0                          [stack:5801]
7f2b350a4000-7f2b3530d000 ---p 00000000 00:00 0 
7f2b3530d000-7f2b35337000 rw-p 00000000 00:00 0 
7f2b35337000-7f2b3559f000 ---p 00000000 00:00 0 
7f2b3559f000-7f2b355bb000 rw-p 00000000 00:00 0 
7f2b355bb000-7f2b356e9000 ---p 00000000 00:00 0 
7f2b356e9000-7f2b35707000 rw-p 00000000 00:00 0 
7f2b35707000-7f2b35aaa000 ---p 00000000 00:00 0 
7f2b35aaa000-7f2b35ac4000 r-xp 00000000 08:06 1065533                    /usr/lib/jvm/java-8-oracle/jre/lib/amd64/libzip.so
7f2b35ac4000-7f2b35cc4000 ---p 0001a000 08:06 1065533                    /usr/lib/jvm/java-8-oracle/jre/lib/amd64/libzip.so
7f2b35cc4000-7f2b35cc5000 rw-p 0001a000 08:06 1065533                    /usr/lib/jvm/java-8-oracle/jre/lib/amd64/libzip.so
7f2b35cc5000-7f2b35cd0000 r-xp 00000000 08:06 528115                     /lib/x86_64-linux-gnu/libnss_files-2.19.so
7f2b35cd0000-7f2b35ecf000 ---p 0000b000 08:06 528115                     /lib/x86_64-linux-gnu/libnss_files-2.19.so
7f2b35ecf000-7f2b35ed0000 r--p 0000a000 08:06 528115                     /lib/x86_64-linux-gnu/libnss_files-2.19.so
7f2b35ed0000-7f2b35ed1000 rw-p 0000b000 08:06 528115                     /lib/x86_64-linux-gnu/libnss_files-2.19.so
7f2b35ed1000-7f2b35edc000 r-xp 00000000 08:06 528125                     /lib/x86_64-linux-gnu/libnss_nis-2.19.so
7f2b35edc000-7f2b360db000 ---p 0000b000 08:06 528125                     /lib/x86_64-linux-gnu/libnss_nis-2.19.so
7f2b360db000-7f2b360dc000 r--p 0000a000 08:06 528125                     /lib/x86_64-linux-gnu/libnss_nis-2.19.so
7f2b360dc000-7f2b360dd000 rw-p 0000b000 08:06 528125                     /lib/x86_64-linux-gnu/libnss_nis-2.19.so
7f2b360dd000-7f2b360f4000 r-xp 00000000 08:06 528109                     /lib/x86_64-linux-gnu/libnsl-2.19.so
7f2b360f4000-7f2b362f3000 ---p 00017000 08:06 528109                     /lib/x86_64-linux-gnu/libnsl-2.19.so
7f2b362f3000-7f2b362f4000 r--p 00016000 08:06 528109                     /lib/x86_64-linux-gnu/libnsl-2.19.so
7f2b362f4000-7f2b362f5000 rw-p 00017000 08:06 528109                     /lib/x86_64-linux-gnu/libnsl-2.19.so
7f2b362f5000-7f2b362f7000 rw-p 00000000 00:00 0 
7f2b362f7000-7f2b36300000 r-xp 00000000 08:06 528111                     /lib/x86_64-linux-gnu/libnss_compat-2.19.so
7f2b36300000-7f2b364ff000 ---p 00009000 08:06 528111                     /lib/x86_64-linux-gnu/libnss_compat-2.19.so
7f2b364ff000-7f2b36500000 r--p 00008000 08:06 528111                     /lib/x86_64-linux-gnu/libnss_compat-2.19.so
7f2b36500000-7f2b36501000 rw-p 00009000 08:06 528111                     /lib/x86_64-linux-gnu/libnss_compat-2.19.so
7f2b36501000-7f2b3652b000 r-xp 00000000 08:06 1065564                    /usr/lib/jvm/java-8-oracle/jre/lib/amd64/libjava.so
7f2b3652b000-7f2b3672b000 ---p 0002a000 08:06 1065564                    /usr/lib/jvm/java-8-oracle/jre/lib/amd64/libjava.so
7f2b3672b000-7f2b3672d000 rw-p 0002a000 08:06 1065564                    /usr/lib/jvm/java-8-oracle/jre/lib/amd64/libjava.so
7f2b3672d000-7f2b3673a000 r-xp 00000000 08:06 1065581                    /usr/lib/jvm/java-8-oracle/jre/lib/amd64/libverify.so
7f2b3673a000-7f2b3693a000 ---p 0000d000 08:06 1065581                    /usr/lib/jvm/java-8-oracle/jre/lib/amd64/libverify.so
7f2b3693a000-7f2b3693c000 rw-p 0000d000 08:06 1065581                    /usr/lib/jvm/java-8-oracle/jre/lib/amd64/libverify.so
7f2b3693c000-7f2b36943000 r-xp 00000000 08:06 528168                     /lib/x86_64-linux-gnu/librt-2.19.so
7f2b36943000-7f2b36b42000 ---p 00007000 08:06 528168                     /lib/x86_64-linux-gnu/librt-2.19.so
7f2b36b42000-7f2b36b43000 r--p 00006000 08:06 528168                     /lib/x86_64-linux-gnu/librt-2.19.so
7f2b36b43000-7f2b36b44000 rw-p 00007000 08:06 528168                     /lib/x86_64-linux-gnu/librt-2.19.so
7f2b36b44000-7f2b36c49000 r-xp 00000000 08:06 528090                     /lib/x86_64-linux-gnu/libm-2.19.so
7f2b36c49000-7f2b36e48000 ---p 00105000 08:06 528090                     /lib/x86_64-linux-gnu/libm-2.19.so
7f2b36e48000-7f2b36e49000 r--p 00104000 08:06 528090                     /lib/x86_64-linux-gnu/libm-2.19.so
7f2b36e49000-7f2b36e4a000 rw-p 00105000 08:06 528090                     /lib/x86_64-linux-gnu/libm-2.19.so
7f2b36e4a000-7f2b37b08000 r-xp 00000000 08:06 1065551                    /usr/lib/jvm/java-8-oracle/jre/lib/amd64/server/libjvm.so
7f2b37b08000-7f2b37d07000 ---p 00cbe000 08:06 1065551                    /usr/lib/jvm/java-8-oracle/jre/lib/amd64/server/libjvm.so
7f2b37d07000-7f2b37de0000 rw-p 00cbd000 08:06 1065551                    /usr/lib/jvm/java-8-oracle/jre/lib/amd64/server/libjvm.so
7f2b37de0000-7f2b37e24000 rw-p 00000000 00:00 0 
7f2b37e24000-7f2b37fdf000 r-xp 00000000 08:06 528040                     /lib/x86_64-linux-gnu/libc-2.19.so
7f2b37fdf000-7f2b381de000 ---p 001bb000 08:06 528040                     /lib/x86_64-linux-gnu/libc-2.19.so
7f2b381de000-7f2b381e2000 r--p 001ba000 08:06 528040                     /lib/x86_64-linux-gnu/libc-2.19.so
7f2b381e2000-7f2b381e4000 rw-p 001be000 08:06 528040                     /lib/x86_64-linux-gnu/libc-2.19.so
7f2b381e4000-7f2b381e9000 rw-p 00000000 00:00 0 
7f2b381e9000-7f2b381ec000 r-xp 00000000 08:06 528057                     /lib/x86_64-linux-gnu/libdl-2.19.so
7f2b381ec000-7f2b383eb000 ---p 00003000 08:06 528057                     /lib/x86_64-linux-gnu/libdl-2.19.so
7f2b383eb000-7f2b383ec000 r--p 00002000 08:06 528057                     /lib/x86_64-linux-gnu/libdl-2.19.so
7f2b383ec000-7f2b383ed000 rw-p 00003000 08:06 528057                     /lib/x86_64-linux-gnu/libdl-2.19.so
7f2b383ed000-7f2b38402000 r-xp 00000000 08:06 1065960                    /usr/lib/jvm/java-8-oracle/lib/amd64/jli/libjli.so
7f2b38402000-7f2b38602000 ---p 00015000 08:06 1065960                    /usr/lib/jvm/java-8-oracle/lib/amd64/jli/libjli.so
7f2b38602000-7f2b38603000 rw-p 00015000 08:06 1065960                    /usr/lib/jvm/java-8-oracle/lib/amd64/jli/libjli.so
7f2b38603000-7f2b3861c000 r-xp 00000000 08:06 528160                     /lib/x86_64-linux-gnu/libpthread-2.19.so
7f2b3861c000-7f2b3881b000 ---p 00019000 08:06 528160                     /lib/x86_64-linux-gnu/libpthread-2.19.so
7f2b3881b000-7f2b3881c000 r--p 00018000 08:06 528160                     /lib/x86_64-linux-gnu/libpthread-2.19.so
7f2b3881c000-7f2b3881d000 rw-p 00019000 08:06 528160                     /lib/x86_64-linux-gnu/libpthread-2.19.so
7f2b3881d000-7f2b38821000 rw-p 00000000 00:00 0 
7f2b38821000-7f2b38844000 r-xp 00000000 08:06 528016                     /lib/x86_64-linux-gnu/ld-2.19.so
7f2b38844000-7f2b38845000 r--s 00000000 08:06 151441                     /var/cache/fontconfig/0c9eb80ebd1c36541ebe2852d3bb0c49-le64.cache-4
7f2b38845000-7f2b38849000 r--s 00000000 08:06 133555                     /var/cache/fontconfig/7ef2298fde41cc6eeb7af42e48b7d293-le64.cache-4
7f2b38849000-7f2b3884f000 r--s 00033000 08:06 1342843                    /home/partsaleva/Projects/Earthquakes/UCSDUnfoldingMaps/lib/unfolding.0.9.7-uscd.jar
7f2b3884f000-7f2b38850000 r--s 00005000 08:06 1342841                    /home/partsaleva/Projects/Earthquakes/UCSDUnfoldingMaps/lib/libTUIO.jar
7f2b38850000-7f2b38851000 r--s 00007000 08:06 1342834                    /home/partsaleva/Projects/Earthquakes/UCSDUnfoldingMaps/lib/json4processing.jar
7f2b38851000-7f2b38858000 r--s 00059000 08:06 1342836                    /home/partsaleva/Projects/Earthquakes/UCSDUnfoldingMaps/lib/log4j-1.2.15.jar
7f2b38858000-7f2b38923000 rw-p 00000000 00:00 0 
7f2b38923000-7f2b38926000 ---p 00000000 00:00 0 
7f2b38926000-7f2b38a28000 rw-p 00000000 00:00 0                          [stack:5800]
7f2b38a28000-7f2b38a2d000 r--s 00309000 08:06 1342830                    /home/partsaleva/Projects/Earthquakes/UCSDUnfoldingMaps/lib/sqlite-jdbc-3.7.2.jar
7f2b38a2d000-7f2b38a33000 r--s 00041000 08:06 1342829                    /home/partsaleva/Projects/Earthquakes/UCSDUnfoldingMaps/lib/gluegen-rt.jar
7f2b38a33000-7f2b38a37000 r--s 0009a000 08:06 1342840                    /home/partsaleva/Projects/Earthquakes/UCSDUnfoldingMaps/lib/core.jar
7f2b38a37000-7f2b38a3f000 rw-s 00000000 08:06 927613                     /tmp/hsperfdata_partsaleva/5798
7f2b38a3f000-7f2b38a40000 rw-p 00000000 00:00 0 
7f2b38a40000-7f2b38a41000 r--p 00000000 00:00 0 
7f2b38a41000-7f2b38a43000 rw-p 00000000 00:00 0 
7f2b38a43000-7f2b38a44000 r--p 00022000 08:06 528016                     /lib/x86_64-linux-gnu/ld-2.19.so
7f2b38a44000-7f2b38a45000 rw-p 00023000 08:06 528016                     /lib/x86_64-linux-gnu/ld-2.19.so
7f2b38a45000-7f2b38a46000 rw-p 00000000 00:00 0 
7ffce6ed5000-7ffce6ef6000 rw-p 00000000 00:00 0                          [stack]
7ffce6fbc000-7ffce6fbe000 r--p 00000000 00:00 0                          [vvar]
7ffce6fbe000-7ffce6fc0000 r-xp 00000000 00:00 0                          [vdso]
ffffffffff600000-ffffffffff601000 r-xp 00000000 00:00 0                  [vsyscall]

VM Arguments:
jvm_args: -Djava.security.policy=java.policy.applet -Dfile.encoding=UTF-8 
java_command: sun.applet.AppletViewer module1.HelloWorld1449995291973.html
java_class_path (initial): /home/partsaleva/Projects/Earthquakes/UCSDUnfoldingMaps/build:/home/partsaleva/Projects/Earthquakes/UCSDUnfoldingMaps/lib/core.jar:/home/partsaleva/Projects/Earthquakes/UCSDUnfoldingMaps/lib/gluegen-rt.jar:/home/partsaleva/Projects/Earthquakes/UCSDUnfoldingMaps/lib/jogl-all.jar:/home/partsaleva/Projects/Earthquakes/UCSDUnfoldingMaps/lib/log4j-1.2.15.jar:/home/partsaleva/Projects/Earthquakes/UCSDUnfoldingMaps/lib/sqlite-jdbc-3.7.2.jar:/home/partsaleva/Projects/Earthquakes/UCSDUnfoldingMaps/lib/json4processing.jar:/home/partsaleva/Projects/Earthquakes/UCSDUnfoldingMaps/lib/libTUIO.jar:/home/partsaleva/Projects/Earthquakes/UCSDUnfoldingMaps/lib/unfolding.0.9.7-uscd.jar
Launcher Type: SUN_STANDARD

Environment Variables:
PATH=/usr/local/sbin:/usr/local/bin:/usr/sbin:/usr/bin:/sbin:/bin:/usr/games:/usr/local/games
SHELL=/bin/bash
DISPLAY=:0.0

Signal Handlers:
SIGSEGV: [libjvm.so+0xaba2a0], sa_mask[0]=11111111011111111101111111111110, sa_flags=SA_RESTART|SA_SIGINFO
SIGBUS: [libjvm.so+0xaba2a0], sa_mask[0]=11111111011111111101111111111110, sa_flags=SA_RESTART|SA_SIGINFO
SIGFPE: [libjvm.so+0x917710], sa_mask[0]=11111111011111111101111111111110, sa_flags=SA_RESTART|SA_SIGINFO
SIGPIPE: [libjvm.so+0x917710], sa_mask[0]=11111111011111111101111111111110, sa_flags=SA_RESTART|SA_SIGINFO
SIGXFSZ: [libjvm.so+0x917710], sa_mask[0]=11111111011111111101111111111110, sa_flags=SA_RESTART|SA_SIGINFO
SIGILL: [libjvm.so+0x917710], sa_mask[0]=11111111011111111101111111111110, sa_flags=SA_RESTART|SA_SIGINFO
SIGUSR1: SIG_DFL, sa_mask[0]=00000000000000000000000000000000, sa_flags=none
SIGUSR2: [libjvm.so+0x918d40], sa_mask[0]=00100000000000000000000000000000, sa_flags=SA_RESTART|SA_SIGINFO
SIGHUP: [libjvm.so+0x91a140], sa_mask[0]=11111111011111111101111111111110, sa_flags=SA_RESTART|SA_SIGINFO
SIGINT: [libjvm.so+0x91a140], sa_mask[0]=11111111011111111101111111111110, sa_flags=SA_RESTART|SA_SIGINFO
SIGTERM: [libjvm.so+0x91a140], sa_mask[0]=11111111011111111101111111111110, sa_flags=SA_RESTART|SA_SIGINFO
SIGQUIT: [libjvm.so+0x91a140], sa_mask[0]=11111111011111111101111111111110, sa_flags=SA_RESTART|SA_SIGINFO


---------------  S Y S T E M  ---------------

OS:DISTRIB_ID=Ubuntu
DISTRIB_RELEASE=14.04
DISTRIB_CODENAME=trusty
DISTRIB_DESCRIPTION="Ubuntu 14.04.3 LTS"

uname:Linux 3.19.0-39-generic #44~14.04.1-Ubuntu SMP Wed Dec 2 10:00:35 UTC 2015 x86_64
libc:glibc 2.19 NPTL 2.19 
rlimit: STACK 8192k, CORE 0k, NPROC 31292, NOFILE 4096, AS infinity
load average:0,35 0,39 0,40

/proc/meminfo:
MemTotal:        8087704 kB
MemFree:         3280408 kB
MemAvailable:    4754960 kB
Buffers:          154576 kB
Cached:          2381196 kB
SwapCached:            0 kB
Active:          2843184 kB
Inactive:        1690704 kB
Active(anon):    2003336 kB
Inactive(anon):   946684 kB
Active(file):     839848 kB
Inactive(file):   744020 kB
Unevictable:         132 kB
Mlocked:             132 kB
SwapTotal:       8000508 kB
SwapFree:        8000508 kB
Dirty:                32 kB
Writeback:             0 kB
AnonPages:       1998252 kB
Mapped:           529172 kB
Shmem:            951908 kB
Slab:             156256 kB
SReclaimable:     119236 kB
SUnreclaim:        37020 kB
KernelStack:        9440 kB
PageTables:        40224 kB
NFS_Unstable:          0 kB
Bounce:                0 kB
WritebackTmp:          0 kB
CommitLimit:    12044360 kB
Committed_AS:    7341752 kB
VmallocTotal:   34359738367 kB
VmallocUsed:      561452 kB
VmallocChunk:   34359129468 kB
HardwareCorrupted:     0 kB
AnonHugePages:    890880 kB
CmaTotal:              0 kB
CmaFree:               0 kB
HugePages_Total:       0
HugePages_Free:        0
HugePages_Rsvd:        0
HugePages_Surp:        0
Hugepagesize:       2048 kB
DirectMap4k:      149840 kB
DirectMap2M:     6053888 kB
DirectMap1G:     3145728 kB


CPU:total 4 (2 cores per cpu, 2 threads per core) family 6 model 61 stepping 4, cmov, cx8, fxsr, mmx, sse, sse2, sse3, ssse3, sse4.1, sse4.2, popcnt, avx, avx2, aes, clmul, erms, 3dnowpref, lzcnt, ht, tsc, tscinvbit, bmi1, bmi2, adx

/proc/cpuinfo:
processor	: 0
vendor_id	: GenuineIntel
cpu family	: 6
model		: 61
model name	: Intel(R) Core(TM) i5-5200U CPU @ 2.20GHz
stepping	: 4
microcode	: 0x21
cpu MHz		: 2342.742
cache size	: 3072 KB
physical id	: 0
siblings	: 4
core id		: 0
cpu cores	: 2
apicid		: 0
initial apicid	: 0
fpu		: yes
fpu_exception	: yes
cpuid level	: 20
wp		: yes
flags		: fpu vme de pse tsc msr pae mce cx8 apic sep mtrr pge mca cmov pat pse36 clflush dts acpi mmx fxsr sse sse2 ss ht tm pbe syscall nx pdpe1gb rdtscp lm constant_tsc arch_perfmon pebs bts rep_good nopl xtopology nonstop_tsc aperfmperf eagerfpu pni pclmulqdq dtes64 monitor ds_cpl vmx est tm2 ssse3 fma cx16 xtpr pdcm pcid sse4_1 sse4_2 x2apic movbe popcnt tsc_deadline_timer aes xsave avx f16c rdrand lahf_lm abm 3dnowprefetch ida arat epb pln pts dtherm tpr_shadow vnmi flexpriority ept vpid fsgsbase tsc_adjust bmi1 avx2 smep bmi2 erms invpcid rdseed adx smap xsaveopt
bugs		:
bogomips	: 4389.68
clflush size	: 64
cache_alignment	: 64
address sizes	: 39 bits physical, 48 bits virtual
power management:

processor	: 1
vendor_id	: GenuineIntel
cpu family	: 6
model		: 61
model name	: Intel(R) Core(TM) i5-5200U CPU @ 2.20GHz
stepping	: 4
microcode	: 0x21
cpu MHz		: 2358.984
cache size	: 3072 KB
physical id	: 0
siblings	: 4
core id		: 1
cpu cores	: 2
apicid		: 2
initial apicid	: 2
fpu		: yes
fpu_exception	: yes
cpuid level	: 20
wp		: yes
flags		: fpu vme de pse tsc msr pae mce cx8 apic sep mtrr pge mca cmov pat pse36 clflush dts acpi mmx fxsr sse sse2 ss ht tm pbe syscall nx pdpe1gb rdtscp lm constant_tsc arch_perfmon pebs bts rep_good nopl xtopology nonstop_tsc aperfmperf eagerfpu pni pclmulqdq dtes64 monitor ds_cpl vmx est tm2 ssse3 fma cx16 xtpr pdcm pcid sse4_1 sse4_2 x2apic movbe popcnt tsc_deadline_timer aes xsave avx f16c rdrand lahf_lm abm 3dnowprefetch ida arat epb pln pts dtherm tpr_shadow vnmi flexpriority ept vpid fsgsbase tsc_adjust bmi1 avx2 smep bmi2 erms invpcid rdseed adx smap xsaveopt
bugs		:
bogomips	: 4389.68
clflush size	: 64
cache_alignment	: 64
address sizes	: 39 bits physical, 48 bits virtual
power management:

processor	: 2
vendor_id	: GenuineIntel
cpu family	: 6
model		: 61
model name	: Intel(R) Core(TM) i5-5200U CPU @ 2.20GHz
stepping	: 4
microcode	: 0x21
cpu MHz		: 2228.789
cache size	: 3072 KB
physical id	: 0
siblings	: 4
core id		: 0
cpu cores	: 2
apicid		: 1
initial apicid	: 1
fpu		: yes
fpu_exception	: yes
cpuid level	: 20
wp		: yes
flags		: fpu vme de pse tsc msr pae mce cx8 apic sep mtrr pge mca cmov pat pse36 clflush dts acpi mmx fxsr sse sse2 ss ht tm pbe syscall nx pdpe1gb rdtscp lm constant_tsc arch_perfmon pebs bts rep_good nopl xtopology nonstop_tsc aperfmperf eagerfpu pni pclmulqdq dtes64 monitor ds_cpl vmx est tm2 ssse3 fma cx16 xtpr pdcm pcid sse4_1 sse4_2 x2apic movbe popcnt tsc_deadline_timer aes xsave avx f16c rdrand lahf_lm abm 3dnowprefetch ida arat epb pln pts dtherm tpr_shadow vnmi flexpriority ept vpid fsgsbase tsc_adjust bmi1 avx2 smep bmi2 erms invpcid rdseed adx smap xsaveopt
bugs		:
bogomips	: 4389.68
clflush size	: 64
cache_alignment	: 64
address sizes	: 39 bits physical, 48 bits virtual
power management:

processor	: 3
vendor_id	: GenuineIntel
cpu family	: 6
model		: 61
model name	: Intel(R) Core(TM) i5-5200U CPU @ 2.20GHz
stepping	: 4
microcode	: 0x21
cpu MHz		: 2233.515
cache size	: 3072 KB
physical id	: 0
siblings	: 4
core id		: 1
cpu cores	: 2
apicid		: 3
initial apicid	: 3
fpu		: yes
fpu_exception	: yes
cpuid level	: 20
wp		: yes
flags		: fpu vme de pse tsc msr pae mce cx8 apic sep mtrr pge mca cmov pat pse36 clflush dts acpi mmx fxsr sse sse2 ss ht tm pbe syscall nx pdpe1gb rdtscp lm constant_tsc arch_perfmon pebs bts rep_good nopl xtopology nonstop_tsc aperfmperf eagerfpu pni pclmulqdq dtes64 monitor ds_cpl vmx est tm2 ssse3 fma cx16 xtpr pdcm pcid sse4_1 sse4_2 x2apic movbe popcnt tsc_deadline_timer aes xsave avx f16c rdrand lahf_lm abm 3dnowprefetch ida arat epb pln pts dtherm tpr_shadow vnmi flexpriority ept vpid fsgsbase tsc_adjust bmi1 avx2 smep bmi2 erms invpcid rdseed adx smap xsaveopt
bugs		:
bogomips	: 4389.68
clflush size	: 64
cache_alignment	: 64
address sizes	: 39 bits physical, 48 bits virtual
power management:



Memory: 4k page, physical 8087704k(3280408k free), swap 8000508k(8000508k free)

vm_info: Java HotSpot(TM) 64-Bit Server VM (25.66-b17) for linux-amd64 JRE (1.8.0_66-b17), built on Oct  6 2015 17:28:34 by "java_re" with gcc 4.3.0 20080428 (Red Hat 4.3.0-8)

time: Sun Dec 13 10:28:36 2015
elapsed time: 24 seconds (0d 0h 0m 24s)

